
---
events:
  -
    kind: "message-v1"
    backtrace:
      - "C:/Program Files/CMake/share/cmake-3.31/Modules/CMakeDetermineSystem.cmake:205 (message)"
      - "CMakeLists.txt:2 (project)"
    message: |
      The system is: Windows - 10.0.22631 - AMD64
  -
    kind: "message-v1"
    backtrace:
      - "C:/Program Files/CMake/share/cmake-3.31/Modules/CMakeDetermineCompilerId.cmake:17 (message)"
      - "C:/Program Files/CMake/share/cmake-3.31/Modules/CMakeDetermineCompilerId.cmake:64 (__determine_compiler_id_test)"
      - "C:/Program Files/CMake/share/cmake-3.31/Modules/CMakeDetermineCCompiler.cmake:123 (CMAKE_DETERMINE_COMPILER_ID)"
      - "CMakeLists.txt:2 (project)"
    message: |
      Compiling the C compiler identification source file "CMakeCCompilerId.c" succeeded.
      Compiler: C:/Program Files (x86)/Microsoft Visual Studio/2022/BuildTools/VC/Tools/MSVC/14.42.34433/bin/Hostx64/x64/cl.exe 
      Build flags: /nologo;/DWIN32;/D_WINDOWS;/utf-8;/MP
      Id flags:  
      
      The output was:
      0
      CMakeCCompilerId.c
      
      
      Compilation of the C compiler identification source "CMakeCCompilerId.c" produced "CMakeCCompilerId.exe"
      
      Compilation of the C compiler identification source "CMakeCCompilerId.c" produced "CMakeCCompilerId.obj"
      
      The C compiler identification is MSVC, found in:
        C:/Users/a.sordelet/source/repos/CMake_VCPKG/out/build/x64-debug/vcpkg_installed/vcpkg/blds/libogg/x64-windows-dbg/CMakeFiles/3.31.2/CompilerIdC/CMakeCCompilerId.exe
      
  -
    kind: "message-v1"
    backtrace:
      - "C:/Program Files/CMake/share/cmake-3.31/Modules/CMakeDetermineCompilerId.cmake:1288 (message)"
      - "C:/Program Files/CMake/share/cmake-3.31/Modules/CMakeDetermineCompilerId.cmake:250 (CMAKE_DETERMINE_MSVC_SHOWINCLUDES_PREFIX)"
      - "C:/Program Files/CMake/share/cmake-3.31/Modules/CMakeDetermineCCompiler.cmake:123 (CMAKE_DETERMINE_COMPILER_ID)"
      - "CMakeLists.txt:2 (project)"
    message: |
      Detecting C compiler /showIncludes prefix:
        main.c
        Remarque : inclusion du fichier :  C:\\Users\\a.sordelet\\source\\repos\\CMake_VCPKG\\out\\build\\x64-debug\\vcpkg_installed\\vcpkg\\blds\\libogg\\x64-windows-dbg\\CMakeFiles\\ShowIncludes\\foo.h
        
      Found prefix "Remarque : inclusion du fichier :  "
  -
    kind: "message-v1"
    backtrace:
      - "C:/Program Files/CMake/share/cmake-3.31/Modules/CMakeDetermineCompilerId.cmake:17 (message)"
      - "C:/Program Files/CMake/share/cmake-3.31/Modules/CMakeDetermineCompilerId.cmake:64 (__determine_compiler_id_test)"
      - "C:/Program Files/CMake/share/cmake-3.31/Modules/CMakeDetermineCXXCompiler.cmake:126 (CMAKE_DETERMINE_COMPILER_ID)"
      - "CMakeLists.txt:2 (project)"
    message: |
      Compiling the CXX compiler identification source file "CMakeCXXCompilerId.cpp" succeeded.
      Compiler: C:/Program Files (x86)/Microsoft Visual Studio/2022/BuildTools/VC/Tools/MSVC/14.42.34433/bin/Hostx64/x64/cl.exe 
      Build flags: /nologo;/DWIN32;/D_WINDOWS;/utf-8;/GR;/EHsc;/MP
      Id flags:  
      
      The output was:
      0
      CMakeCXXCompilerId.cpp
      
      
      Compilation of the CXX compiler identification source "CMakeCXXCompilerId.cpp" produced "CMakeCXXCompilerId.exe"
      
      Compilation of the CXX compiler identification source "CMakeCXXCompilerId.cpp" produced "CMakeCXXCompilerId.obj"
      
      The CXX compiler identification is MSVC, found in:
        C:/Users/a.sordelet/source/repos/CMake_VCPKG/out/build/x64-debug/vcpkg_installed/vcpkg/blds/libogg/x64-windows-dbg/CMakeFiles/3.31.2/CompilerIdCXX/CMakeCXXCompilerId.exe
      
  -
    kind: "message-v1"
    backtrace:
      - "C:/Program Files/CMake/share/cmake-3.31/Modules/CMakeDetermineCompilerId.cmake:1288 (message)"
      - "C:/Program Files/CMake/share/cmake-3.31/Modules/CMakeDetermineCompilerId.cmake:250 (CMAKE_DETERMINE_MSVC_SHOWINCLUDES_PREFIX)"
      - "C:/Program Files/CMake/share/cmake-3.31/Modules/CMakeDetermineCXXCompiler.cmake:126 (CMAKE_DETERMINE_COMPILER_ID)"
      - "CMakeLists.txt:2 (project)"
    message: |
      Detecting CXX compiler /showIncludes prefix:
        main.c
        Remarque : inclusion du fichier :  C:\\Users\\a.sordelet\\source\\repos\\CMake_VCPKG\\out\\build\\x64-debug\\vcpkg_installed\\vcpkg\\blds\\libogg\\x64-windows-dbg\\CMakeFiles\\ShowIncludes\\foo.h
        
      Found prefix "Remarque : inclusion du fichier :  "
  -
    kind: "try_compile-v1"
    backtrace:
      - "C:/Program Files/CMake/share/cmake-3.31/Modules/CMakeDetermineCompilerABI.cmake:74 (try_compile)"
      - "C:/Program Files/CMake/share/cmake-3.31/Modules/CMakeTestCCompiler.cmake:26 (CMAKE_DETERMINE_COMPILER_ABI)"
      - "CMakeLists.txt:2 (project)"
    checks:
      - "Detecting C compiler ABI info"
    directories:
      source: "C:/Users/a.sordelet/source/repos/CMake_VCPKG/out/build/x64-debug/vcpkg_installed/vcpkg/blds/libogg/x64-windows-dbg/CMakeFiles/CMakeScratch/TryCompile-bpjbaj"
      binary: "C:/Users/a.sordelet/source/repos/CMake_VCPKG/out/build/x64-debug/vcpkg_installed/vcpkg/blds/libogg/x64-windows-dbg/CMakeFiles/CMakeScratch/TryCompile-bpjbaj"
    cmakeVariables:
      CMAKE_C_FLAGS: " /nologo /DWIN32 /D_WINDOWS /utf-8 /MP "
      CMAKE_MSVC_DEBUG_INFORMATION_FORMAT: ""
      CMAKE_MSVC_RUNTIME_LIBRARY: "MultiThreaded$<$<CONFIG:Debug>:Debug>$<$<STREQUAL:dynamic,dynamic>:DLL>"
      VCPKG_CHAINLOAD_TOOLCHAIN_FILE: "C:/Program Files/Microsoft Visual Studio/2022/Community/VC/vcpkg/scripts/toolchains/windows.cmake"
      VCPKG_CRT_LINKAGE: "dynamic"
      VCPKG_CXX_FLAGS: ""
      VCPKG_CXX_FLAGS_DEBUG: ""
      VCPKG_CXX_FLAGS_RELEASE: ""
      VCPKG_C_FLAGS: ""
      VCPKG_C_FLAGS_DEBUG: ""
      VCPKG_C_FLAGS_RELEASE: ""
      VCPKG_INSTALLED_DIR: "C:/Users/a.sordelet/source/repos/CMake_VCPKG/out/build/x64-debug/vcpkg_installed"
      VCPKG_LINKER_FLAGS: ""
      VCPKG_LINKER_FLAGS_DEBUG: ""
      VCPKG_LINKER_FLAGS_RELEASE: ""
      VCPKG_PLATFORM_TOOLSET: "v143"
      VCPKG_PREFER_SYSTEM_LIBS: "OFF"
      VCPKG_SET_CHARSET_FLAG: "ON"
      VCPKG_TARGET_ARCHITECTURE: "x64"
      VCPKG_TARGET_TRIPLET: "x64-windows"
      Z_VCPKG_ROOT_DIR: "C:/Program Files/Microsoft Visual Studio/2022/Community/VC/vcpkg"
    buildResult:
      variable: "CMAKE_C_ABI_COMPILED"
      cached: true
      stdout: |
        Change Dir: 'C:/Users/a.sordelet/source/repos/CMake_VCPKG/out/build/x64-debug/vcpkg_installed/vcpkg/blds/libogg/x64-windows-dbg/CMakeFiles/CMakeScratch/TryCompile-bpjbaj'
        
        Run Build Command(s): "C:/Program Files (x86)/Microsoft Visual Studio/2022/BuildTools/Common7/IDE/CommonExtensions/Microsoft/CMake/Ninja/ninja.exe" -v cmTC_26d23
        [1/2] C:\\PROGRA~2\\MICROS~2\\2022\\BUILDT~1\\VC\\Tools\\MSVC\\1442~1.344\\bin\\Hostx64\\x64\\cl.exe  /nologo   /nologo /DWIN32 /D_WINDOWS /utf-8 /MP   /D_DEBUG /MDd /Z7 /Ob0 /Od /RTC1 /showIncludes /FoCMakeFiles\\cmTC_26d23.dir\\CMakeCCompilerABI.c.obj /FdCMakeFiles\\cmTC_26d23.dir\\ /FS -c "C:\\Program Files\\CMake\\share\\cmake-3.31\\Modules\\CMakeCCompilerABI.c"
        [2/2] C:\\windows\\system32\\cmd.exe /C "cd . && "C:\\Program Files\\CMake\\bin\\cmake.exe" -E vs_link_exe --msvc-ver=1942 --intdir=CMakeFiles\\cmTC_26d23.dir --rc=C:\\PROGRA~2\\WI3CF2~1\\10\\bin\\100261~1.0\\x64\\rc.exe --mt=C:\\PROGRA~2\\WI3CF2~1\\10\\bin\\100261~1.0\\x64\\mt.exe --manifests  -- C:\\PROGRA~2\\MICROS~2\\2022\\BUILDT~1\\VC\\Tools\\MSVC\\1442~1.344\\bin\\Hostx64\\x64\\link.exe /nologo CMakeFiles\\cmTC_26d23.dir\\CMakeCCompilerABI.c.obj  /out:cmTC_26d23.exe /implib:cmTC_26d23.lib /pdb:cmTC_26d23.pdb /version:0.0 /machine:x64  /nologo    /debug /INCREMENTAL /subsystem:console  kernel32.lib user32.lib gdi32.lib winspool.lib shell32.lib ole32.lib oleaut32.lib uuid.lib comdlg32.lib advapi32.lib && cd ."
        
      exitCode: 0
  -
    kind: "message-v1"
    backtrace:
      - "C:/Program Files/CMake/share/cmake-3.31/Modules/CMakeDetermineCompilerABI.cmake:218 (message)"
      - "C:/Program Files/CMake/share/cmake-3.31/Modules/CMakeTestCCompiler.cmake:26 (CMAKE_DETERMINE_COMPILER_ABI)"
      - "CMakeLists.txt:2 (project)"
    message: |
      Parsed C implicit link information:
        link line regex: [^( *|.*[/\\])(ld[0-9]*(\\.[a-z]+)?|link\\.exe|lld-link(\\.exe)?|CMAKE_LINK_STARTFILE-NOTFOUND|([^/\\]+-)?ld|collect2)[^/\\]*( |$)]
        linker tool regex: [^[ 	]*(->|")?[ 	]*(([^"]*[/\\])?(ld[0-9]*(\\.[a-z]+)?|link\\.exe|lld-link(\\.exe)?))("|,| |$)]
        linker tool for 'C': C:/PROGRA~2/MICROS~2/2022/BUILDT~1/VC/Tools/MSVC/1442~1.344/bin/Hostx64/x64/link.exe
        implicit libs: []
        implicit objs: []
        implicit dirs: []
        implicit fwks: []
      
      
  -
    kind: "message-v1"
    backtrace:
      - "C:/Program Files/CMake/share/cmake-3.31/Modules/Internal/CMakeDetermineLinkerId.cmake:40 (message)"
      - "C:/Program Files/CMake/share/cmake-3.31/Modules/CMakeDetermineCompilerABI.cmake:255 (cmake_determine_linker_id)"
      - "C:/Program Files/CMake/share/cmake-3.31/Modules/CMakeTestCCompiler.cmake:26 (CMAKE_DETERMINE_COMPILER_ABI)"
      - "CMakeLists.txt:2 (project)"
    message: |
      Running the C compiler's linker: "C:/PROGRA~2/MICROS~2/2022/BUILDT~1/VC/Tools/MSVC/1442~1.344/bin/Hostx64/x64/link.exe" "-v"
      Microsoft (R) Incremental Linker Version 14.42.34435.0
      Copyright (C) Microsoft Corporation.  All rights reserved.
  -
    kind: "try_compile-v1"
    backtrace:
      - "C:/Program Files/CMake/share/cmake-3.31/Modules/CMakeDetermineCompilerABI.cmake:74 (try_compile)"
      - "C:/Program Files/CMake/share/cmake-3.31/Modules/CMakeTestCXXCompiler.cmake:26 (CMAKE_DETERMINE_COMPILER_ABI)"
      - "CMakeLists.txt:2 (project)"
    checks:
      - "Detecting CXX compiler ABI info"
    directories:
      source: "C:/Users/a.sordelet/source/repos/CMake_VCPKG/out/build/x64-debug/vcpkg_installed/vcpkg/blds/libogg/x64-windows-dbg/CMakeFiles/CMakeScratch/TryCompile-df6isy"
      binary: "C:/Users/a.sordelet/source/repos/CMake_VCPKG/out/build/x64-debug/vcpkg_installed/vcpkg/blds/libogg/x64-windows-dbg/CMakeFiles/CMakeScratch/TryCompile-df6isy"
    cmakeVariables:
      CMAKE_CXX_FLAGS: " /nologo /DWIN32 /D_WINDOWS /utf-8 /GR /EHsc /MP "
      CMAKE_CXX_SCAN_FOR_MODULES: "OFF"
      CMAKE_MSVC_DEBUG_INFORMATION_FORMAT: ""
      CMAKE_MSVC_RUNTIME_LIBRARY: "MultiThreaded$<$<CONFIG:Debug>:Debug>$<$<STREQUAL:dynamic,dynamic>:DLL>"
      VCPKG_CHAINLOAD_TOOLCHAIN_FILE: "C:/Program Files/Microsoft Visual Studio/2022/Community/VC/vcpkg/scripts/toolchains/windows.cmake"
      VCPKG_CRT_LINKAGE: "dynamic"
      VCPKG_CXX_FLAGS: ""
      VCPKG_CXX_FLAGS_DEBUG: ""
      VCPKG_CXX_FLAGS_RELEASE: ""
      VCPKG_C_FLAGS: ""
      VCPKG_C_FLAGS_DEBUG: ""
      VCPKG_C_FLAGS_RELEASE: ""
      VCPKG_INSTALLED_DIR: "C:/Users/a.sordelet/source/repos/CMake_VCPKG/out/build/x64-debug/vcpkg_installed"
      VCPKG_LINKER_FLAGS: ""
      VCPKG_LINKER_FLAGS_DEBUG: ""
      VCPKG_LINKER_FLAGS_RELEASE: ""
      VCPKG_PLATFORM_TOOLSET: "v143"
      VCPKG_PREFER_SYSTEM_LIBS: "OFF"
      VCPKG_SET_CHARSET_FLAG: "ON"
      VCPKG_TARGET_ARCHITECTURE: "x64"
      VCPKG_TARGET_TRIPLET: "x64-windows"
      Z_VCPKG_ROOT_DIR: "C:/Program Files/Microsoft Visual Studio/2022/Community/VC/vcpkg"
    buildResult:
      variable: "CMAKE_CXX_ABI_COMPILED"
      cached: true
      stdout: |
        Change Dir: 'C:/Users/a.sordelet/source/repos/CMake_VCPKG/out/build/x64-debug/vcpkg_installed/vcpkg/blds/libogg/x64-windows-dbg/CMakeFiles/CMakeScratch/TryCompile-df6isy'
        
        Run Build Command(s): "C:/Program Files (x86)/Microsoft Visual Studio/2022/BuildTools/Common7/IDE/CommonExtensions/Microsoft/CMake/Ninja/ninja.exe" -v cmTC_f7690
        [1/2] C:\\PROGRA~2\\MICROS~2\\2022\\BUILDT~1\\VC\\Tools\\MSVC\\1442~1.344\\bin\\Hostx64\\x64\\cl.exe  /nologo /TP   /nologo /DWIN32 /D_WINDOWS /utf-8 /GR /EHsc /MP   /D_DEBUG /MDd /Z7 /Ob0 /Od /RTC1 /showIncludes /FoCMakeFiles\\cmTC_f7690.dir\\CMakeCXXCompilerABI.cpp.obj /FdCMakeFiles\\cmTC_f7690.dir\\ /FS -c "C:\\Program Files\\CMake\\share\\cmake-3.31\\Modules\\CMakeCXXCompilerABI.cpp"
        [2/2] C:\\windows\\system32\\cmd.exe /C "cd . && "C:\\Program Files\\CMake\\bin\\cmake.exe" -E vs_link_exe --msvc-ver=1942 --intdir=CMakeFiles\\cmTC_f7690.dir --rc=C:\\PROGRA~2\\WI3CF2~1\\10\\bin\\100261~1.0\\x64\\rc.exe --mt=C:\\PROGRA~2\\WI3CF2~1\\10\\bin\\100261~1.0\\x64\\mt.exe --manifests  -- C:\\PROGRA~2\\MICROS~2\\2022\\BUILDT~1\\VC\\Tools\\MSVC\\1442~1.344\\bin\\Hostx64\\x64\\link.exe /nologo CMakeFiles\\cmTC_f7690.dir\\CMakeCXXCompilerABI.cpp.obj  /out:cmTC_f7690.exe /implib:cmTC_f7690.lib /pdb:cmTC_f7690.pdb /version:0.0 /machine:x64  /nologo    /debug /INCREMENTAL /subsystem:console  kernel32.lib user32.lib gdi32.lib winspool.lib shell32.lib ole32.lib oleaut32.lib uuid.lib comdlg32.lib advapi32.lib && cd ."
        
      exitCode: 0
  -
    kind: "message-v1"
    backtrace:
      - "C:/Program Files/CMake/share/cmake-3.31/Modules/CMakeDetermineCompilerABI.cmake:218 (message)"
      - "C:/Program Files/CMake/share/cmake-3.31/Modules/CMakeTestCXXCompiler.cmake:26 (CMAKE_DETERMINE_COMPILER_ABI)"
      - "CMakeLists.txt:2 (project)"
    message: |
      Parsed CXX implicit link information:
        link line regex: [^( *|.*[/\\])(ld[0-9]*(\\.[a-z]+)?|link\\.exe|lld-link(\\.exe)?|CMAKE_LINK_STARTFILE-NOTFOUND|([^/\\]+-)?ld|collect2)[^/\\]*( |$)]
        linker tool regex: [^[ 	]*(->|")?[ 	]*(([^"]*[/\\])?(ld[0-9]*(\\.[a-z]+)?|link\\.exe|lld-link(\\.exe)?))("|,| |$)]
        linker tool for 'CXX': C:/PROGRA~2/MICROS~2/2022/BUILDT~1/VC/Tools/MSVC/1442~1.344/bin/Hostx64/x64/link.exe
        implicit libs: []
        implicit objs: []
        implicit dirs: []
        implicit fwks: []
      
      
  -
    kind: "message-v1"
    backtrace:
      - "C:/Program Files/CMake/share/cmake-3.31/Modules/Internal/CMakeDetermineLinkerId.cmake:40 (message)"
      - "C:/Program Files/CMake/share/cmake-3.31/Modules/CMakeDetermineCompilerABI.cmake:255 (cmake_determine_linker_id)"
      - "C:/Program Files/CMake/share/cmake-3.31/Modules/CMakeTestCXXCompiler.cmake:26 (CMAKE_DETERMINE_COMPILER_ABI)"
      - "CMakeLists.txt:2 (project)"
    message: |
      Running the CXX compiler's linker: "C:/PROGRA~2/MICROS~2/2022/BUILDT~1/VC/Tools/MSVC/1442~1.344/bin/Hostx64/x64/link.exe" "-v"
      Microsoft (R) Incremental Linker Version 14.42.34435.0
      Copyright (C) Microsoft Corporation.  All rights reserved.
  -
    kind: "try_compile-v1"
    backtrace:
      - "C:/Program Files/CMake/share/cmake-3.31/Modules/CheckIncludeFiles.cmake:141 (try_compile)"
      - "CMakeLists.txt:57 (check_include_files)"
    checks:
      - "Looking for include file inttypes.h"
    directories:
      source: "C:/Users/a.sordelet/source/repos/CMake_VCPKG/out/build/x64-debug/vcpkg_installed/vcpkg/blds/libogg/x64-windows-dbg/CMakeFiles/CMakeScratch/TryCompile-fbyg45"
      binary: "C:/Users/a.sordelet/source/repos/CMake_VCPKG/out/build/x64-debug/vcpkg_installed/vcpkg/blds/libogg/x64-windows-dbg/CMakeFiles/CMakeScratch/TryCompile-fbyg45"
    cmakeVariables:
      CMAKE_C_FLAGS: " /nologo /DWIN32 /D_WINDOWS /utf-8 /MP "
      CMAKE_MSVC_DEBUG_INFORMATION_FORMAT: ""
      CMAKE_MSVC_RUNTIME_LIBRARY: "MultiThreaded$<$<CONFIG:Debug>:Debug>$<$<STREQUAL:dynamic,dynamic>:DLL>"
      VCPKG_CHAINLOAD_TOOLCHAIN_FILE: "C:/Program Files/Microsoft Visual Studio/2022/Community/VC/vcpkg/scripts/toolchains/windows.cmake"
      VCPKG_CRT_LINKAGE: "dynamic"
      VCPKG_CXX_FLAGS: ""
      VCPKG_CXX_FLAGS_DEBUG: ""
      VCPKG_CXX_FLAGS_RELEASE: ""
      VCPKG_C_FLAGS: ""
      VCPKG_C_FLAGS_DEBUG: ""
      VCPKG_C_FLAGS_RELEASE: ""
      VCPKG_INSTALLED_DIR: "C:/Users/a.sordelet/source/repos/CMake_VCPKG/out/build/x64-debug/vcpkg_installed"
      VCPKG_LINKER_FLAGS: ""
      VCPKG_LINKER_FLAGS_DEBUG: ""
      VCPKG_LINKER_FLAGS_RELEASE: ""
      VCPKG_PLATFORM_TOOLSET: "v143"
      VCPKG_PREFER_SYSTEM_LIBS: "OFF"
      VCPKG_SET_CHARSET_FLAG: "ON"
      VCPKG_TARGET_ARCHITECTURE: "x64"
      VCPKG_TARGET_TRIPLET: "x64-windows"
      Z_VCPKG_ROOT_DIR: "C:/Program Files/Microsoft Visual Studio/2022/Community/VC/vcpkg"
    buildResult:
      variable: "INCLUDE_INTTYPES_H"
      cached: true
      stdout: |
        Change Dir: 'C:/Users/a.sordelet/source/repos/CMake_VCPKG/out/build/x64-debug/vcpkg_installed/vcpkg/blds/libogg/x64-windows-dbg/CMakeFiles/CMakeScratch/TryCompile-fbyg45'
        
        Run Build Command(s): "C:/Program Files (x86)/Microsoft Visual Studio/2022/BuildTools/Common7/IDE/CommonExtensions/Microsoft/CMake/Ninja/ninja.exe" -v cmTC_85d9b
        [1/2] C:\\PROGRA~2\\MICROS~2\\2022\\BUILDT~1\\VC\\Tools\\MSVC\\1442~1.344\\bin\\Hostx64\\x64\\cl.exe  /nologo   /nologo /DWIN32 /D_WINDOWS /utf-8 /MP   /D_DEBUG /MDd /Z7 /Ob0 /Od /RTC1 /showIncludes /FoCMakeFiles\\cmTC_85d9b.dir\\INCLUDE_INTTYPES_H.c.obj /FdCMakeFiles\\cmTC_85d9b.dir\\ /FS -c C:\\Users\\a.sordelet\\source\\repos\\CMake_VCPKG\\out\\build\\x64-debug\\vcpkg_installed\\vcpkg\\blds\\libogg\\x64-windows-dbg\\CMakeFiles\\CMakeScratch\\TryCompile-fbyg45\\INCLUDE_INTTYPES_H.c
        [2/2] C:\\windows\\system32\\cmd.exe /C "cd . && "C:\\Program Files\\CMake\\bin\\cmake.exe" -E vs_link_exe --msvc-ver=1942 --intdir=CMakeFiles\\cmTC_85d9b.dir --rc=C:\\PROGRA~2\\WI3CF2~1\\10\\bin\\100261~1.0\\x64\\rc.exe --mt=C:\\PROGRA~2\\WI3CF2~1\\10\\bin\\100261~1.0\\x64\\mt.exe --manifests  -- C:\\PROGRA~2\\MICROS~2\\2022\\BUILDT~1\\VC\\Tools\\MSVC\\1442~1.344\\bin\\Hostx64\\x64\\link.exe /nologo CMakeFiles\\cmTC_85d9b.dir\\INCLUDE_INTTYPES_H.c.obj  /out:cmTC_85d9b.exe /implib:cmTC_85d9b.lib /pdb:cmTC_85d9b.pdb /version:0.0 /machine:x64  /nologo    /debug /INCREMENTAL /subsystem:console  kernel32.lib user32.lib gdi32.lib winspool.lib shell32.lib ole32.lib oleaut32.lib uuid.lib comdlg32.lib advapi32.lib && cd ."
        
      exitCode: 0
  -
    kind: "try_compile-v1"
    backtrace:
      - "C:/Program Files/CMake/share/cmake-3.31/Modules/CheckIncludeFiles.cmake:141 (try_compile)"
      - "CMakeLists.txt:58 (check_include_files)"
    checks:
      - "Looking for include file stdint.h"
    directories:
      source: "C:/Users/a.sordelet/source/repos/CMake_VCPKG/out/build/x64-debug/vcpkg_installed/vcpkg/blds/libogg/x64-windows-dbg/CMakeFiles/CMakeScratch/TryCompile-jmbv1s"
      binary: "C:/Users/a.sordelet/source/repos/CMake_VCPKG/out/build/x64-debug/vcpkg_installed/vcpkg/blds/libogg/x64-windows-dbg/CMakeFiles/CMakeScratch/TryCompile-jmbv1s"
    cmakeVariables:
      CMAKE_C_FLAGS: " /nologo /DWIN32 /D_WINDOWS /utf-8 /MP "
      CMAKE_MSVC_DEBUG_INFORMATION_FORMAT: ""
      CMAKE_MSVC_RUNTIME_LIBRARY: "MultiThreaded$<$<CONFIG:Debug>:Debug>$<$<STREQUAL:dynamic,dynamic>:DLL>"
      VCPKG_CHAINLOAD_TOOLCHAIN_FILE: "C:/Program Files/Microsoft Visual Studio/2022/Community/VC/vcpkg/scripts/toolchains/windows.cmake"
      VCPKG_CRT_LINKAGE: "dynamic"
      VCPKG_CXX_FLAGS: ""
      VCPKG_CXX_FLAGS_DEBUG: ""
      VCPKG_CXX_FLAGS_RELEASE: ""
      VCPKG_C_FLAGS: ""
      VCPKG_C_FLAGS_DEBUG: ""
      VCPKG_C_FLAGS_RELEASE: ""
      VCPKG_INSTALLED_DIR: "C:/Users/a.sordelet/source/repos/CMake_VCPKG/out/build/x64-debug/vcpkg_installed"
      VCPKG_LINKER_FLAGS: ""
      VCPKG_LINKER_FLAGS_DEBUG: ""
      VCPKG_LINKER_FLAGS_RELEASE: ""
      VCPKG_PLATFORM_TOOLSET: "v143"
      VCPKG_PREFER_SYSTEM_LIBS: "OFF"
      VCPKG_SET_CHARSET_FLAG: "ON"
      VCPKG_TARGET_ARCHITECTURE: "x64"
      VCPKG_TARGET_TRIPLET: "x64-windows"
      Z_VCPKG_ROOT_DIR: "C:/Program Files/Microsoft Visual Studio/2022/Community/VC/vcpkg"
    buildResult:
      variable: "INCLUDE_STDINT_H"
      cached: true
      stdout: |
        Change Dir: 'C:/Users/a.sordelet/source/repos/CMake_VCPKG/out/build/x64-debug/vcpkg_installed/vcpkg/blds/libogg/x64-windows-dbg/CMakeFiles/CMakeScratch/TryCompile-jmbv1s'
        
        Run Build Command(s): "C:/Program Files (x86)/Microsoft Visual Studio/2022/BuildTools/Common7/IDE/CommonExtensions/Microsoft/CMake/Ninja/ninja.exe" -v cmTC_ebf49
        [1/2] C:\\PROGRA~2\\MICROS~2\\2022\\BUILDT~1\\VC\\Tools\\MSVC\\1442~1.344\\bin\\Hostx64\\x64\\cl.exe  /nologo   /nologo /DWIN32 /D_WINDOWS /utf-8 /MP   /D_DEBUG /MDd /Z7 /Ob0 /Od /RTC1 /showIncludes /FoCMakeFiles\\cmTC_ebf49.dir\\INCLUDE_STDINT_H.c.obj /FdCMakeFiles\\cmTC_ebf49.dir\\ /FS -c C:\\Users\\a.sordelet\\source\\repos\\CMake_VCPKG\\out\\build\\x64-debug\\vcpkg_installed\\vcpkg\\blds\\libogg\\x64-windows-dbg\\CMakeFiles\\CMakeScratch\\TryCompile-jmbv1s\\INCLUDE_STDINT_H.c
        [2/2] C:\\windows\\system32\\cmd.exe /C "cd . && "C:\\Program Files\\CMake\\bin\\cmake.exe" -E vs_link_exe --msvc-ver=1942 --intdir=CMakeFiles\\cmTC_ebf49.dir --rc=C:\\PROGRA~2\\WI3CF2~1\\10\\bin\\100261~1.0\\x64\\rc.exe --mt=C:\\PROGRA~2\\WI3CF2~1\\10\\bin\\100261~1.0\\x64\\mt.exe --manifests  -- C:\\PROGRA~2\\MICROS~2\\2022\\BUILDT~1\\VC\\Tools\\MSVC\\1442~1.344\\bin\\Hostx64\\x64\\link.exe /nologo CMakeFiles\\cmTC_ebf49.dir\\INCLUDE_STDINT_H.c.obj  /out:cmTC_ebf49.exe /implib:cmTC_ebf49.lib /pdb:cmTC_ebf49.pdb /version:0.0 /machine:x64  /nologo    /debug /INCREMENTAL /subsystem:console  kernel32.lib user32.lib gdi32.lib winspool.lib shell32.lib ole32.lib oleaut32.lib uuid.lib comdlg32.lib advapi32.lib && cd ."
        
      exitCode: 0
  -
    kind: "try_compile-v1"
    backtrace:
      - "C:/Program Files/CMake/share/cmake-3.31/Modules/CheckIncludeFiles.cmake:141 (try_compile)"
      - "CMakeLists.txt:59 (check_include_files)"
    checks:
      - "Looking for include file sys/types.h"
    directories:
      source: "C:/Users/a.sordelet/source/repos/CMake_VCPKG/out/build/x64-debug/vcpkg_installed/vcpkg/blds/libogg/x64-windows-dbg/CMakeFiles/CMakeScratch/TryCompile-hmvn4d"
      binary: "C:/Users/a.sordelet/source/repos/CMake_VCPKG/out/build/x64-debug/vcpkg_installed/vcpkg/blds/libogg/x64-windows-dbg/CMakeFiles/CMakeScratch/TryCompile-hmvn4d"
    cmakeVariables:
      CMAKE_C_FLAGS: " /nologo /DWIN32 /D_WINDOWS /utf-8 /MP "
      CMAKE_MSVC_DEBUG_INFORMATION_FORMAT: ""
      CMAKE_MSVC_RUNTIME_LIBRARY: "MultiThreaded$<$<CONFIG:Debug>:Debug>$<$<STREQUAL:dynamic,dynamic>:DLL>"
      VCPKG_CHAINLOAD_TOOLCHAIN_FILE: "C:/Program Files/Microsoft Visual Studio/2022/Community/VC/vcpkg/scripts/toolchains/windows.cmake"
      VCPKG_CRT_LINKAGE: "dynamic"
      VCPKG_CXX_FLAGS: ""
      VCPKG_CXX_FLAGS_DEBUG: ""
      VCPKG_CXX_FLAGS_RELEASE: ""
      VCPKG_C_FLAGS: ""
      VCPKG_C_FLAGS_DEBUG: ""
      VCPKG_C_FLAGS_RELEASE: ""
      VCPKG_INSTALLED_DIR: "C:/Users/a.sordelet/source/repos/CMake_VCPKG/out/build/x64-debug/vcpkg_installed"
      VCPKG_LINKER_FLAGS: ""
      VCPKG_LINKER_FLAGS_DEBUG: ""
      VCPKG_LINKER_FLAGS_RELEASE: ""
      VCPKG_PLATFORM_TOOLSET: "v143"
      VCPKG_PREFER_SYSTEM_LIBS: "OFF"
      VCPKG_SET_CHARSET_FLAG: "ON"
      VCPKG_TARGET_ARCHITECTURE: "x64"
      VCPKG_TARGET_TRIPLET: "x64-windows"
      Z_VCPKG_ROOT_DIR: "C:/Program Files/Microsoft Visual Studio/2022/Community/VC/vcpkg"
    buildResult:
      variable: "INCLUDE_SYS_TYPES_H"
      cached: true
      stdout: |
        Change Dir: 'C:/Users/a.sordelet/source/repos/CMake_VCPKG/out/build/x64-debug/vcpkg_installed/vcpkg/blds/libogg/x64-windows-dbg/CMakeFiles/CMakeScratch/TryCompile-hmvn4d'
        
        Run Build Command(s): "C:/Program Files (x86)/Microsoft Visual Studio/2022/BuildTools/Common7/IDE/CommonExtensions/Microsoft/CMake/Ninja/ninja.exe" -v cmTC_d2189
        [1/2] C:\\PROGRA~2\\MICROS~2\\2022\\BUILDT~1\\VC\\Tools\\MSVC\\1442~1.344\\bin\\Hostx64\\x64\\cl.exe  /nologo   /nologo /DWIN32 /D_WINDOWS /utf-8 /MP   /D_DEBUG /MDd /Z7 /Ob0 /Od /RTC1 /showIncludes /FoCMakeFiles\\cmTC_d2189.dir\\INCLUDE_SYS_TYPES_H.c.obj /FdCMakeFiles\\cmTC_d2189.dir\\ /FS -c C:\\Users\\a.sordelet\\source\\repos\\CMake_VCPKG\\out\\build\\x64-debug\\vcpkg_installed\\vcpkg\\blds\\libogg\\x64-windows-dbg\\CMakeFiles\\CMakeScratch\\TryCompile-hmvn4d\\INCLUDE_SYS_TYPES_H.c
        [2/2] C:\\windows\\system32\\cmd.exe /C "cd . && "C:\\Program Files\\CMake\\bin\\cmake.exe" -E vs_link_exe --msvc-ver=1942 --intdir=CMakeFiles\\cmTC_d2189.dir --rc=C:\\PROGRA~2\\WI3CF2~1\\10\\bin\\100261~1.0\\x64\\rc.exe --mt=C:\\PROGRA~2\\WI3CF2~1\\10\\bin\\100261~1.0\\x64\\mt.exe --manifests  -- C:\\PROGRA~2\\MICROS~2\\2022\\BUILDT~1\\VC\\Tools\\MSVC\\1442~1.344\\bin\\Hostx64\\x64\\link.exe /nologo CMakeFiles\\cmTC_d2189.dir\\INCLUDE_SYS_TYPES_H.c.obj  /out:cmTC_d2189.exe /implib:cmTC_d2189.lib /pdb:cmTC_d2189.pdb /version:0.0 /machine:x64  /nologo    /debug /INCREMENTAL /subsystem:console  kernel32.lib user32.lib gdi32.lib winspool.lib shell32.lib ole32.lib oleaut32.lib uuid.lib comdlg32.lib advapi32.lib && cd ."
        
      exitCode: 0
  -
    kind: "try_compile-v1"
    backtrace:
      - "C:/Program Files/CMake/share/cmake-3.31/Modules/CheckIncludeFile.cmake:99 (try_compile)"
      - "C:/Program Files/CMake/share/cmake-3.31/Modules/CheckTypeSize.cmake:262 (check_include_file)"
      - "cmake/CheckSizes.cmake:3 (check_type_size)"
      - "CMakeLists.txt:69 (include)"
    checks:
      - "Looking for sys/types.h"
    directories:
      source: "C:/Users/a.sordelet/source/repos/CMake_VCPKG/out/build/x64-debug/vcpkg_installed/vcpkg/blds/libogg/x64-windows-dbg/CMakeFiles/CMakeScratch/TryCompile-wxrpn7"
      binary: "C:/Users/a.sordelet/source/repos/CMake_VCPKG/out/build/x64-debug/vcpkg_installed/vcpkg/blds/libogg/x64-windows-dbg/CMakeFiles/CMakeScratch/TryCompile-wxrpn7"
    cmakeVariables:
      CMAKE_C_FLAGS: " /nologo /DWIN32 /D_WINDOWS /utf-8 /MP "
      CMAKE_MODULE_PATH: "C:/Users/a.sordelet/source/repos/CMake_VCPKG/out/build/x64-debug/vcpkg_installed/vcpkg/blds/libogg/src/v1.3.5-1a4243fef9.clean/cmake"
      CMAKE_MSVC_DEBUG_INFORMATION_FORMAT: ""
      CMAKE_MSVC_RUNTIME_LIBRARY: "MultiThreaded$<$<CONFIG:Debug>:Debug>$<$<STREQUAL:dynamic,dynamic>:DLL>"
      VCPKG_CHAINLOAD_TOOLCHAIN_FILE: "C:/Program Files/Microsoft Visual Studio/2022/Community/VC/vcpkg/scripts/toolchains/windows.cmake"
      VCPKG_CRT_LINKAGE: "dynamic"
      VCPKG_CXX_FLAGS: ""
      VCPKG_CXX_FLAGS_DEBUG: ""
      VCPKG_CXX_FLAGS_RELEASE: ""
      VCPKG_C_FLAGS: ""
      VCPKG_C_FLAGS_DEBUG: ""
      VCPKG_C_FLAGS_RELEASE: ""
      VCPKG_INSTALLED_DIR: "C:/Users/a.sordelet/source/repos/CMake_VCPKG/out/build/x64-debug/vcpkg_installed"
      VCPKG_LINKER_FLAGS: ""
      VCPKG_LINKER_FLAGS_DEBUG: ""
      VCPKG_LINKER_FLAGS_RELEASE: ""
      VCPKG_PLATFORM_TOOLSET: "v143"
      VCPKG_PREFER_SYSTEM_LIBS: "OFF"
      VCPKG_SET_CHARSET_FLAG: "ON"
      VCPKG_TARGET_ARCHITECTURE: "x64"
      VCPKG_TARGET_TRIPLET: "x64-windows"
      Z_VCPKG_ROOT_DIR: "C:/Program Files/Microsoft Visual Studio/2022/Community/VC/vcpkg"
    buildResult:
      variable: "HAVE_SYS_TYPES_H"
      cached: true
      stdout: |
        Change Dir: 'C:/Users/a.sordelet/source/repos/CMake_VCPKG/out/build/x64-debug/vcpkg_installed/vcpkg/blds/libogg/x64-windows-dbg/CMakeFiles/CMakeScratch/TryCompile-wxrpn7'
        
        Run Build Command(s): "C:/Program Files (x86)/Microsoft Visual Studio/2022/BuildTools/Common7/IDE/CommonExtensions/Microsoft/CMake/Ninja/ninja.exe" -v cmTC_b04e5
        [1/2] C:\\PROGRA~2\\MICROS~2\\2022\\BUILDT~1\\VC\\Tools\\MSVC\\1442~1.344\\bin\\Hostx64\\x64\\cl.exe  /nologo   /nologo /DWIN32 /D_WINDOWS /utf-8 /MP   /D_DEBUG /MDd /Z7 /Ob0 /Od /RTC1 /showIncludes /FoCMakeFiles\\cmTC_b04e5.dir\\CheckIncludeFile.c.obj /FdCMakeFiles\\cmTC_b04e5.dir\\ /FS -c C:\\Users\\a.sordelet\\source\\repos\\CMake_VCPKG\\out\\build\\x64-debug\\vcpkg_installed\\vcpkg\\blds\\libogg\\x64-windows-dbg\\CMakeFiles\\CMakeScratch\\TryCompile-wxrpn7\\CheckIncludeFile.c
        [2/2] C:\\windows\\system32\\cmd.exe /C "cd . && "C:\\Program Files\\CMake\\bin\\cmake.exe" -E vs_link_exe --msvc-ver=1942 --intdir=CMakeFiles\\cmTC_b04e5.dir --rc=C:\\PROGRA~2\\WI3CF2~1\\10\\bin\\100261~1.0\\x64\\rc.exe --mt=C:\\PROGRA~2\\WI3CF2~1\\10\\bin\\100261~1.0\\x64\\mt.exe --manifests  -- C:\\PROGRA~2\\MICROS~2\\2022\\BUILDT~1\\VC\\Tools\\MSVC\\1442~1.344\\bin\\Hostx64\\x64\\link.exe /nologo CMakeFiles\\cmTC_b04e5.dir\\CheckIncludeFile.c.obj  /out:cmTC_b04e5.exe /implib:cmTC_b04e5.lib /pdb:cmTC_b04e5.pdb /version:0.0 /machine:x64  /nologo    /debug /INCREMENTAL /subsystem:console  kernel32.lib user32.lib gdi32.lib winspool.lib shell32.lib ole32.lib oleaut32.lib uuid.lib comdlg32.lib advapi32.lib && cd ."
        
      exitCode: 0
  -
    kind: "try_compile-v1"
    backtrace:
      - "C:/Program Files/CMake/share/cmake-3.31/Modules/CheckIncludeFile.cmake:99 (try_compile)"
      - "C:/Program Files/CMake/share/cmake-3.31/Modules/CheckTypeSize.cmake:263 (check_include_file)"
      - "cmake/CheckSizes.cmake:3 (check_type_size)"
      - "CMakeLists.txt:69 (include)"
    checks:
      - "Looking for stdint.h"
    directories:
      source: "C:/Users/a.sordelet/source/repos/CMake_VCPKG/out/build/x64-debug/vcpkg_installed/vcpkg/blds/libogg/x64-windows-dbg/CMakeFiles/CMakeScratch/TryCompile-wc8dsd"
      binary: "C:/Users/a.sordelet/source/repos/CMake_VCPKG/out/build/x64-debug/vcpkg_installed/vcpkg/blds/libogg/x64-windows-dbg/CMakeFiles/CMakeScratch/TryCompile-wc8dsd"
    cmakeVariables:
      CMAKE_C_FLAGS: " /nologo /DWIN32 /D_WINDOWS /utf-8 /MP "
      CMAKE_MODULE_PATH: "C:/Users/a.sordelet/source/repos/CMake_VCPKG/out/build/x64-debug/vcpkg_installed/vcpkg/blds/libogg/src/v1.3.5-1a4243fef9.clean/cmake"
      CMAKE_MSVC_DEBUG_INFORMATION_FORMAT: ""
      CMAKE_MSVC_RUNTIME_LIBRARY: "MultiThreaded$<$<CONFIG:Debug>:Debug>$<$<STREQUAL:dynamic,dynamic>:DLL>"
      VCPKG_CHAINLOAD_TOOLCHAIN_FILE: "C:/Program Files/Microsoft Visual Studio/2022/Community/VC/vcpkg/scripts/toolchains/windows.cmake"
      VCPKG_CRT_LINKAGE: "dynamic"
      VCPKG_CXX_FLAGS: ""
      VCPKG_CXX_FLAGS_DEBUG: ""
      VCPKG_CXX_FLAGS_RELEASE: ""
      VCPKG_C_FLAGS: ""
      VCPKG_C_FLAGS_DEBUG: ""
      VCPKG_C_FLAGS_RELEASE: ""
      VCPKG_INSTALLED_DIR: "C:/Users/a.sordelet/source/repos/CMake_VCPKG/out/build/x64-debug/vcpkg_installed"
      VCPKG_LINKER_FLAGS: ""
      VCPKG_LINKER_FLAGS_DEBUG: ""
      VCPKG_LINKER_FLAGS_RELEASE: ""
      VCPKG_PLATFORM_TOOLSET: "v143"
      VCPKG_PREFER_SYSTEM_LIBS: "OFF"
      VCPKG_SET_CHARSET_FLAG: "ON"
      VCPKG_TARGET_ARCHITECTURE: "x64"
      VCPKG_TARGET_TRIPLET: "x64-windows"
      Z_VCPKG_ROOT_DIR: "C:/Program Files/Microsoft Visual Studio/2022/Community/VC/vcpkg"
    buildResult:
      variable: "HAVE_STDINT_H"
      cached: true
      stdout: |
        Change Dir: 'C:/Users/a.sordelet/source/repos/CMake_VCPKG/out/build/x64-debug/vcpkg_installed/vcpkg/blds/libogg/x64-windows-dbg/CMakeFiles/CMakeScratch/TryCompile-wc8dsd'
        
        Run Build Command(s): "C:/Program Files (x86)/Microsoft Visual Studio/2022/BuildTools/Common7/IDE/CommonExtensions/Microsoft/CMake/Ninja/ninja.exe" -v cmTC_108e7
        [1/2] C:\\PROGRA~2\\MICROS~2\\2022\\BUILDT~1\\VC\\Tools\\MSVC\\1442~1.344\\bin\\Hostx64\\x64\\cl.exe  /nologo   /nologo /DWIN32 /D_WINDOWS /utf-8 /MP   /D_DEBUG /MDd /Z7 /Ob0 /Od /RTC1 /showIncludes /FoCMakeFiles\\cmTC_108e7.dir\\CheckIncludeFile.c.obj /FdCMakeFiles\\cmTC_108e7.dir\\ /FS -c C:\\Users\\a.sordelet\\source\\repos\\CMake_VCPKG\\out\\build\\x64-debug\\vcpkg_installed\\vcpkg\\blds\\libogg\\x64-windows-dbg\\CMakeFiles\\CMakeScratch\\TryCompile-wc8dsd\\CheckIncludeFile.c
        [2/2] C:\\windows\\system32\\cmd.exe /C "cd . && "C:\\Program Files\\CMake\\bin\\cmake.exe" -E vs_link_exe --msvc-ver=1942 --intdir=CMakeFiles\\cmTC_108e7.dir --rc=C:\\PROGRA~2\\WI3CF2~1\\10\\bin\\100261~1.0\\x64\\rc.exe --mt=C:\\PROGRA~2\\WI3CF2~1\\10\\bin\\100261~1.0\\x64\\mt.exe --manifests  -- C:\\PROGRA~2\\MICROS~2\\2022\\BUILDT~1\\VC\\Tools\\MSVC\\1442~1.344\\bin\\Hostx64\\x64\\link.exe /nologo CMakeFiles\\cmTC_108e7.dir\\CheckIncludeFile.c.obj  /out:cmTC_108e7.exe /implib:cmTC_108e7.lib /pdb:cmTC_108e7.pdb /version:0.0 /machine:x64  /nologo    /debug /INCREMENTAL /subsystem:console  kernel32.lib user32.lib gdi32.lib winspool.lib shell32.lib ole32.lib oleaut32.lib uuid.lib comdlg32.lib advapi32.lib && cd ."
        
      exitCode: 0
  -
    kind: "try_compile-v1"
    backtrace:
      - "C:/Program Files/CMake/share/cmake-3.31/Modules/CheckIncludeFile.cmake:99 (try_compile)"
      - "C:/Program Files/CMake/share/cmake-3.31/Modules/CheckTypeSize.cmake:264 (check_include_file)"
      - "cmake/CheckSizes.cmake:3 (check_type_size)"
      - "CMakeLists.txt:69 (include)"
    checks:
      - "Looking for stddef.h"
    directories:
      source: "C:/Users/a.sordelet/source/repos/CMake_VCPKG/out/build/x64-debug/vcpkg_installed/vcpkg/blds/libogg/x64-windows-dbg/CMakeFiles/CMakeScratch/TryCompile-uevme6"
      binary: "C:/Users/a.sordelet/source/repos/CMake_VCPKG/out/build/x64-debug/vcpkg_installed/vcpkg/blds/libogg/x64-windows-dbg/CMakeFiles/CMakeScratch/TryCompile-uevme6"
    cmakeVariables:
      CMAKE_C_FLAGS: " /nologo /DWIN32 /D_WINDOWS /utf-8 /MP "
      CMAKE_MODULE_PATH: "C:/Users/a.sordelet/source/repos/CMake_VCPKG/out/build/x64-debug/vcpkg_installed/vcpkg/blds/libogg/src/v1.3.5-1a4243fef9.clean/cmake"
      CMAKE_MSVC_DEBUG_INFORMATION_FORMAT: ""
      CMAKE_MSVC_RUNTIME_LIBRARY: "MultiThreaded$<$<CONFIG:Debug>:Debug>$<$<STREQUAL:dynamic,dynamic>:DLL>"
      VCPKG_CHAINLOAD_TOOLCHAIN_FILE: "C:/Program Files/Microsoft Visual Studio/2022/Community/VC/vcpkg/scripts/toolchains/windows.cmake"
      VCPKG_CRT_LINKAGE: "dynamic"
      VCPKG_CXX_FLAGS: ""
      VCPKG_CXX_FLAGS_DEBUG: ""
      VCPKG_CXX_FLAGS_RELEASE: ""
      VCPKG_C_FLAGS: ""
      VCPKG_C_FLAGS_DEBUG: ""
      VCPKG_C_FLAGS_RELEASE: ""
      VCPKG_INSTALLED_DIR: "C:/Users/a.sordelet/source/repos/CMake_VCPKG/out/build/x64-debug/vcpkg_installed"
      VCPKG_LINKER_FLAGS: ""
      VCPKG_LINKER_FLAGS_DEBUG: ""
      VCPKG_LINKER_FLAGS_RELEASE: ""
      VCPKG_PLATFORM_TOOLSET: "v143"
      VCPKG_PREFER_SYSTEM_LIBS: "OFF"
      VCPKG_SET_CHARSET_FLAG: "ON"
      VCPKG_TARGET_ARCHITECTURE: "x64"
      VCPKG_TARGET_TRIPLET: "x64-windows"
      Z_VCPKG_ROOT_DIR: "C:/Program Files/Microsoft Visual Studio/2022/Community/VC/vcpkg"
    buildResult:
      variable: "HAVE_STDDEF_H"
      cached: true
      stdout: |
        Change Dir: 'C:/Users/a.sordelet/source/repos/CMake_VCPKG/out/build/x64-debug/vcpkg_installed/vcpkg/blds/libogg/x64-windows-dbg/CMakeFiles/CMakeScratch/TryCompile-uevme6'
        
        Run Build Command(s): "C:/Program Files (x86)/Microsoft Visual Studio/2022/BuildTools/Common7/IDE/CommonExtensions/Microsoft/CMake/Ninja/ninja.exe" -v cmTC_450ae
        [1/2] C:\\PROGRA~2\\MICROS~2\\2022\\BUILDT~1\\VC\\Tools\\MSVC\\1442~1.344\\bin\\Hostx64\\x64\\cl.exe  /nologo   /nologo /DWIN32 /D_WINDOWS /utf-8 /MP   /D_DEBUG /MDd /Z7 /Ob0 /Od /RTC1 /showIncludes /FoCMakeFiles\\cmTC_450ae.dir\\CheckIncludeFile.c.obj /FdCMakeFiles\\cmTC_450ae.dir\\ /FS -c C:\\Users\\a.sordelet\\source\\repos\\CMake_VCPKG\\out\\build\\x64-debug\\vcpkg_installed\\vcpkg\\blds\\libogg\\x64-windows-dbg\\CMakeFiles\\CMakeScratch\\TryCompile-uevme6\\CheckIncludeFile.c
        [2/2] C:\\windows\\system32\\cmd.exe /C "cd . && "C:\\Program Files\\CMake\\bin\\cmake.exe" -E vs_link_exe --msvc-ver=1942 --intdir=CMakeFiles\\cmTC_450ae.dir --rc=C:\\PROGRA~2\\WI3CF2~1\\10\\bin\\100261~1.0\\x64\\rc.exe --mt=C:\\PROGRA~2\\WI3CF2~1\\10\\bin\\100261~1.0\\x64\\mt.exe --manifests  -- C:\\PROGRA~2\\MICROS~2\\2022\\BUILDT~1\\VC\\Tools\\MSVC\\1442~1.344\\bin\\Hostx64\\x64\\link.exe /nologo CMakeFiles\\cmTC_450ae.dir\\CheckIncludeFile.c.obj  /out:cmTC_450ae.exe /implib:cmTC_450ae.lib /pdb:cmTC_450ae.pdb /version:0.0 /machine:x64  /nologo    /debug /INCREMENTAL /subsystem:console  kernel32.lib user32.lib gdi32.lib winspool.lib shell32.lib ole32.lib oleaut32.lib uuid.lib comdlg32.lib advapi32.lib && cd ."
        
      exitCode: 0
  -
    kind: "try_compile-v1"
    backtrace:
      - "C:/Program Files/CMake/share/cmake-3.31/Modules/CheckTypeSize.cmake:156 (try_compile)"
      - "C:/Program Files/CMake/share/cmake-3.31/Modules/CheckTypeSize.cmake:283 (__check_type_size_impl)"
      - "cmake/CheckSizes.cmake:3 (check_type_size)"
      - "CMakeLists.txt:69 (include)"
    checks:
      - "Check size of int16_t"
    directories:
      source: "C:/Users/a.sordelet/source/repos/CMake_VCPKG/out/build/x64-debug/vcpkg_installed/vcpkg/blds/libogg/x64-windows-dbg/CMakeFiles/CMakeScratch/TryCompile-2mxa78"
      binary: "C:/Users/a.sordelet/source/repos/CMake_VCPKG/out/build/x64-debug/vcpkg_installed/vcpkg/blds/libogg/x64-windows-dbg/CMakeFiles/CMakeScratch/TryCompile-2mxa78"
    cmakeVariables:
      CMAKE_C_FLAGS: " /nologo /DWIN32 /D_WINDOWS /utf-8 /MP "
      CMAKE_MODULE_PATH: "C:/Users/a.sordelet/source/repos/CMake_VCPKG/out/build/x64-debug/vcpkg_installed/vcpkg/blds/libogg/src/v1.3.5-1a4243fef9.clean/cmake"
      CMAKE_MSVC_DEBUG_INFORMATION_FORMAT: ""
      CMAKE_MSVC_RUNTIME_LIBRARY: "MultiThreaded$<$<CONFIG:Debug>:Debug>$<$<STREQUAL:dynamic,dynamic>:DLL>"
      VCPKG_CHAINLOAD_TOOLCHAIN_FILE: "C:/Program Files/Microsoft Visual Studio/2022/Community/VC/vcpkg/scripts/toolchains/windows.cmake"
      VCPKG_CRT_LINKAGE: "dynamic"
      VCPKG_CXX_FLAGS: ""
      VCPKG_CXX_FLAGS_DEBUG: ""
      VCPKG_CXX_FLAGS_RELEASE: ""
      VCPKG_C_FLAGS: ""
      VCPKG_C_FLAGS_DEBUG: ""
      VCPKG_C_FLAGS_RELEASE: ""
      VCPKG_INSTALLED_DIR: "C:/Users/a.sordelet/source/repos/CMake_VCPKG/out/build/x64-debug/vcpkg_installed"
      VCPKG_LINKER_FLAGS: ""
      VCPKG_LINKER_FLAGS_DEBUG: ""
      VCPKG_LINKER_FLAGS_RELEASE: ""
      VCPKG_PLATFORM_TOOLSET: "v143"
      VCPKG_PREFER_SYSTEM_LIBS: "OFF"
      VCPKG_SET_CHARSET_FLAG: "ON"
      VCPKG_TARGET_ARCHITECTURE: "x64"
      VCPKG_TARGET_TRIPLET: "x64-windows"
      Z_VCPKG_ROOT_DIR: "C:/Program Files/Microsoft Visual Studio/2022/Community/VC/vcpkg"
    buildResult:
      variable: "HAVE_INT16_SIZE"
      cached: true
      stdout: |
        Change Dir: 'C:/Users/a.sordelet/source/repos/CMake_VCPKG/out/build/x64-debug/vcpkg_installed/vcpkg/blds/libogg/x64-windows-dbg/CMakeFiles/CMakeScratch/TryCompile-2mxa78'
        
        Run Build Command(s): "C:/Program Files (x86)/Microsoft Visual Studio/2022/BuildTools/Common7/IDE/CommonExtensions/Microsoft/CMake/Ninja/ninja.exe" -v cmTC_f1f0c
        [1/2] C:\\PROGRA~2\\MICROS~2\\2022\\BUILDT~1\\VC\\Tools\\MSVC\\1442~1.344\\bin\\Hostx64\\x64\\cl.exe  /nologo   /nologo /DWIN32 /D_WINDOWS /utf-8 /MP   /D_DEBUG /MDd /Z7 /Ob0 /Od /RTC1 /showIncludes /FoCMakeFiles\\cmTC_f1f0c.dir\\INT16_SIZE.c.obj /FdCMakeFiles\\cmTC_f1f0c.dir\\ /FS -c C:\\Users\\a.sordelet\\source\\repos\\CMake_VCPKG\\out\\build\\x64-debug\\vcpkg_installed\\vcpkg\\blds\\libogg\\x64-windows-dbg\\CMakeFiles\\CMakeScratch\\TryCompile-2mxa78\\INT16_SIZE.c
        [2/2] C:\\windows\\system32\\cmd.exe /C "cd . && "C:\\Program Files\\CMake\\bin\\cmake.exe" -E vs_link_exe --msvc-ver=1942 --intdir=CMakeFiles\\cmTC_f1f0c.dir --rc=C:\\PROGRA~2\\WI3CF2~1\\10\\bin\\100261~1.0\\x64\\rc.exe --mt=C:\\PROGRA~2\\WI3CF2~1\\10\\bin\\100261~1.0\\x64\\mt.exe --manifests  -- C:\\PROGRA~2\\MICROS~2\\2022\\BUILDT~1\\VC\\Tools\\MSVC\\1442~1.344\\bin\\Hostx64\\x64\\link.exe /nologo CMakeFiles\\cmTC_f1f0c.dir\\INT16_SIZE.c.obj  /out:cmTC_f1f0c.exe /implib:cmTC_f1f0c.lib /pdb:cmTC_f1f0c.pdb /version:0.0 /machine:x64  /nologo    /debug /INCREMENTAL /subsystem:console  kernel32.lib user32.lib gdi32.lib winspool.lib shell32.lib ole32.lib oleaut32.lib uuid.lib comdlg32.lib advapi32.lib && cd ."
        
      exitCode: 0
  -
    kind: "try_compile-v1"
    backtrace:
      - "C:/Program Files/CMake/share/cmake-3.31/Modules/CheckTypeSize.cmake:156 (try_compile)"
      - "C:/Program Files/CMake/share/cmake-3.31/Modules/CheckTypeSize.cmake:283 (__check_type_size_impl)"
      - "cmake/CheckSizes.cmake:4 (check_type_size)"
      - "CMakeLists.txt:69 (include)"
    checks:
      - "Check size of uint16_t"
    directories:
      source: "C:/Users/a.sordelet/source/repos/CMake_VCPKG/out/build/x64-debug/vcpkg_installed/vcpkg/blds/libogg/x64-windows-dbg/CMakeFiles/CMakeScratch/TryCompile-nuv60n"
      binary: "C:/Users/a.sordelet/source/repos/CMake_VCPKG/out/build/x64-debug/vcpkg_installed/vcpkg/blds/libogg/x64-windows-dbg/CMakeFiles/CMakeScratch/TryCompile-nuv60n"
    cmakeVariables:
      CMAKE_C_FLAGS: " /nologo /DWIN32 /D_WINDOWS /utf-8 /MP "
      CMAKE_MODULE_PATH: "C:/Users/a.sordelet/source/repos/CMake_VCPKG/out/build/x64-debug/vcpkg_installed/vcpkg/blds/libogg/src/v1.3.5-1a4243fef9.clean/cmake"
      CMAKE_MSVC_DEBUG_INFORMATION_FORMAT: ""
      CMAKE_MSVC_RUNTIME_LIBRARY: "MultiThreaded$<$<CONFIG:Debug>:Debug>$<$<STREQUAL:dynamic,dynamic>:DLL>"
      VCPKG_CHAINLOAD_TOOLCHAIN_FILE: "C:/Program Files/Microsoft Visual Studio/2022/Community/VC/vcpkg/scripts/toolchains/windows.cmake"
      VCPKG_CRT_LINKAGE: "dynamic"
      VCPKG_CXX_FLAGS: ""
      VCPKG_CXX_FLAGS_DEBUG: ""
      VCPKG_CXX_FLAGS_RELEASE: ""
      VCPKG_C_FLAGS: ""
      VCPKG_C_FLAGS_DEBUG: ""
      VCPKG_C_FLAGS_RELEASE: ""
      VCPKG_INSTALLED_DIR: "C:/Users/a.sordelet/source/repos/CMake_VCPKG/out/build/x64-debug/vcpkg_installed"
      VCPKG_LINKER_FLAGS: ""
      VCPKG_LINKER_FLAGS_DEBUG: ""
      VCPKG_LINKER_FLAGS_RELEASE: ""
      VCPKG_PLATFORM_TOOLSET: "v143"
      VCPKG_PREFER_SYSTEM_LIBS: "OFF"
      VCPKG_SET_CHARSET_FLAG: "ON"
      VCPKG_TARGET_ARCHITECTURE: "x64"
      VCPKG_TARGET_TRIPLET: "x64-windows"
      Z_VCPKG_ROOT_DIR: "C:/Program Files/Microsoft Visual Studio/2022/Community/VC/vcpkg"
    buildResult:
      variable: "HAVE_UINT16_SIZE"
      cached: true
      stdout: |
        Change Dir: 'C:/Users/a.sordelet/source/repos/CMake_VCPKG/out/build/x64-debug/vcpkg_installed/vcpkg/blds/libogg/x64-windows-dbg/CMakeFiles/CMakeScratch/TryCompile-nuv60n'
        
        Run Build Command(s): "C:/Program Files (x86)/Microsoft Visual Studio/2022/BuildTools/Common7/IDE/CommonExtensions/Microsoft/CMake/Ninja/ninja.exe" -v cmTC_0d7b6
        [1/2] C:\\PROGRA~2\\MICROS~2\\2022\\BUILDT~1\\VC\\Tools\\MSVC\\1442~1.344\\bin\\Hostx64\\x64\\cl.exe  /nologo   /nologo /DWIN32 /D_WINDOWS /utf-8 /MP   /D_DEBUG /MDd /Z7 /Ob0 /Od /RTC1 /showIncludes /FoCMakeFiles\\cmTC_0d7b6.dir\\UINT16_SIZE.c.obj /FdCMakeFiles\\cmTC_0d7b6.dir\\ /FS -c C:\\Users\\a.sordelet\\source\\repos\\CMake_VCPKG\\out\\build\\x64-debug\\vcpkg_installed\\vcpkg\\blds\\libogg\\x64-windows-dbg\\CMakeFiles\\CMakeScratch\\TryCompile-nuv60n\\UINT16_SIZE.c
        [2/2] C:\\windows\\system32\\cmd.exe /C "cd . && "C:\\Program Files\\CMake\\bin\\cmake.exe" -E vs_link_exe --msvc-ver=1942 --intdir=CMakeFiles\\cmTC_0d7b6.dir --rc=C:\\PROGRA~2\\WI3CF2~1\\10\\bin\\100261~1.0\\x64\\rc.exe --mt=C:\\PROGRA~2\\WI3CF2~1\\10\\bin\\100261~1.0\\x64\\mt.exe --manifests  -- C:\\PROGRA~2\\MICROS~2\\2022\\BUILDT~1\\VC\\Tools\\MSVC\\1442~1.344\\bin\\Hostx64\\x64\\link.exe /nologo CMakeFiles\\cmTC_0d7b6.dir\\UINT16_SIZE.c.obj  /out:cmTC_0d7b6.exe /implib:cmTC_0d7b6.lib /pdb:cmTC_0d7b6.pdb /version:0.0 /machine:x64  /nologo    /debug /INCREMENTAL /subsystem:console  kernel32.lib user32.lib gdi32.lib winspool.lib shell32.lib ole32.lib oleaut32.lib uuid.lib comdlg32.lib advapi32.lib && cd ."
        
      exitCode: 0
  -
    kind: "try_compile-v1"
    backtrace:
      - "C:/Program Files/CMake/share/cmake-3.31/Modules/CheckTypeSize.cmake:156 (try_compile)"
      - "C:/Program Files/CMake/share/cmake-3.31/Modules/CheckTypeSize.cmake:283 (__check_type_size_impl)"
      - "cmake/CheckSizes.cmake:5 (check_type_size)"
      - "CMakeLists.txt:69 (include)"
    checks:
      - "Check size of u_int16_t"
    directories:
      source: "C:/Users/a.sordelet/source/repos/CMake_VCPKG/out/build/x64-debug/vcpkg_installed/vcpkg/blds/libogg/x64-windows-dbg/CMakeFiles/CMakeScratch/TryCompile-eyjl9n"
      binary: "C:/Users/a.sordelet/source/repos/CMake_VCPKG/out/build/x64-debug/vcpkg_installed/vcpkg/blds/libogg/x64-windows-dbg/CMakeFiles/CMakeScratch/TryCompile-eyjl9n"
    cmakeVariables:
      CMAKE_C_FLAGS: " /nologo /DWIN32 /D_WINDOWS /utf-8 /MP "
      CMAKE_MODULE_PATH: "C:/Users/a.sordelet/source/repos/CMake_VCPKG/out/build/x64-debug/vcpkg_installed/vcpkg/blds/libogg/src/v1.3.5-1a4243fef9.clean/cmake"
      CMAKE_MSVC_DEBUG_INFORMATION_FORMAT: ""
      CMAKE_MSVC_RUNTIME_LIBRARY: "MultiThreaded$<$<CONFIG:Debug>:Debug>$<$<STREQUAL:dynamic,dynamic>:DLL>"
      VCPKG_CHAINLOAD_TOOLCHAIN_FILE: "C:/Program Files/Microsoft Visual Studio/2022/Community/VC/vcpkg/scripts/toolchains/windows.cmake"
      VCPKG_CRT_LINKAGE: "dynamic"
      VCPKG_CXX_FLAGS: ""
      VCPKG_CXX_FLAGS_DEBUG: ""
      VCPKG_CXX_FLAGS_RELEASE: ""
      VCPKG_C_FLAGS: ""
      VCPKG_C_FLAGS_DEBUG: ""
      VCPKG_C_FLAGS_RELEASE: ""
      VCPKG_INSTALLED_DIR: "C:/Users/a.sordelet/source/repos/CMake_VCPKG/out/build/x64-debug/vcpkg_installed"
      VCPKG_LINKER_FLAGS: ""
      VCPKG_LINKER_FLAGS_DEBUG: ""
      VCPKG_LINKER_FLAGS_RELEASE: ""
      VCPKG_PLATFORM_TOOLSET: "v143"
      VCPKG_PREFER_SYSTEM_LIBS: "OFF"
      VCPKG_SET_CHARSET_FLAG: "ON"
      VCPKG_TARGET_ARCHITECTURE: "x64"
      VCPKG_TARGET_TRIPLET: "x64-windows"
      Z_VCPKG_ROOT_DIR: "C:/Program Files/Microsoft Visual Studio/2022/Community/VC/vcpkg"
    buildResult:
      variable: "HAVE_U_INT16_SIZE"
      cached: true
      stdout: |
        Change Dir: 'C:/Users/a.sordelet/source/repos/CMake_VCPKG/out/build/x64-debug/vcpkg_installed/vcpkg/blds/libogg/x64-windows-dbg/CMakeFiles/CMakeScratch/TryCompile-eyjl9n'
        
        Run Build Command(s): "C:/Program Files (x86)/Microsoft Visual Studio/2022/BuildTools/Common7/IDE/CommonExtensions/Microsoft/CMake/Ninja/ninja.exe" -v cmTC_6d9fb
        [1/2] C:\\PROGRA~2\\MICROS~2\\2022\\BUILDT~1\\VC\\Tools\\MSVC\\1442~1.344\\bin\\Hostx64\\x64\\cl.exe  /nologo   /nologo /DWIN32 /D_WINDOWS /utf-8 /MP   /D_DEBUG /MDd /Z7 /Ob0 /Od /RTC1 /showIncludes /FoCMakeFiles\\cmTC_6d9fb.dir\\U_INT16_SIZE.c.obj /FdCMakeFiles\\cmTC_6d9fb.dir\\ /FS -c C:\\Users\\a.sordelet\\source\\repos\\CMake_VCPKG\\out\\build\\x64-debug\\vcpkg_installed\\vcpkg\\blds\\libogg\\x64-windows-dbg\\CMakeFiles\\CMakeScratch\\TryCompile-eyjl9n\\U_INT16_SIZE.c
        FAILED: CMakeFiles/cmTC_6d9fb.dir/U_INT16_SIZE.c.obj 
        C:\\PROGRA~2\\MICROS~2\\2022\\BUILDT~1\\VC\\Tools\\MSVC\\1442~1.344\\bin\\Hostx64\\x64\\cl.exe  /nologo   /nologo /DWIN32 /D_WINDOWS /utf-8 /MP   /D_DEBUG /MDd /Z7 /Ob0 /Od /RTC1 /showIncludes /FoCMakeFiles\\cmTC_6d9fb.dir\\U_INT16_SIZE.c.obj /FdCMakeFiles\\cmTC_6d9fb.dir\\ /FS -c C:\\Users\\a.sordelet\\source\\repos\\CMake_VCPKG\\out\\build\\x64-debug\\vcpkg_installed\\vcpkg\\blds\\libogg\\x64-windows-dbg\\CMakeFiles\\CMakeScratch\\TryCompile-eyjl9n\\U_INT16_SIZE.c
        C:\\Users\\a.sordelet\\source\\repos\\CMake_VCPKG\\out\\build\\x64-debug\\vcpkg_installed\\vcpkg\\blds\\libogg\\x64-windows-dbg\\CMakeFiles\\CMakeScratch\\TryCompile-eyjl9n\\U_INT16_SIZE.c(29): error C2065: 'u_int16_t' : identificateur non déclaré
        C:\\Users\\a.sordelet\\source\\repos\\CMake_VCPKG\\out\\build\\x64-debug\\vcpkg_installed\\vcpkg\\blds\\libogg\\x64-windows-dbg\\CMakeFiles\\CMakeScratch\\TryCompile-eyjl9n\\U_INT16_SIZE.c(30): error C2065: 'u_int16_t' : identificateur non déclaré
        C:\\Users\\a.sordelet\\source\\repos\\CMake_VCPKG\\out\\build\\x64-debug\\vcpkg_installed\\vcpkg\\blds\\libogg\\x64-windows-dbg\\CMakeFiles\\CMakeScratch\\TryCompile-eyjl9n\\U_INT16_SIZE.c(31): error C2065: 'u_int16_t' : identificateur non déclaré
        C:\\Users\\a.sordelet\\source\\repos\\CMake_VCPKG\\out\\build\\x64-debug\\vcpkg_installed\\vcpkg\\blds\\libogg\\x64-windows-dbg\\CMakeFiles\\CMakeScratch\\TryCompile-eyjl9n\\U_INT16_SIZE.c(32): error C2065: 'u_int16_t' : identificateur non déclaré
        C:\\Users\\a.sordelet\\source\\repos\\CMake_VCPKG\\out\\build\\x64-debug\\vcpkg_installed\\vcpkg\\blds\\libogg\\x64-windows-dbg\\CMakeFiles\\CMakeScratch\\TryCompile-eyjl9n\\U_INT16_SIZE.c(33): error C2065: 'u_int16_t' : identificateur non déclaré
        ninja: build stopped: subcommand failed.
        
      exitCode: 1
  -
    kind: "try_compile-v1"
    backtrace:
      - "C:/Program Files/CMake/share/cmake-3.31/Modules/CheckTypeSize.cmake:156 (try_compile)"
      - "C:/Program Files/CMake/share/cmake-3.31/Modules/CheckTypeSize.cmake:283 (__check_type_size_impl)"
      - "cmake/CheckSizes.cmake:6 (check_type_size)"
      - "CMakeLists.txt:69 (include)"
    checks:
      - "Check size of int32_t"
    directories:
      source: "C:/Users/a.sordelet/source/repos/CMake_VCPKG/out/build/x64-debug/vcpkg_installed/vcpkg/blds/libogg/x64-windows-dbg/CMakeFiles/CMakeScratch/TryCompile-748604"
      binary: "C:/Users/a.sordelet/source/repos/CMake_VCPKG/out/build/x64-debug/vcpkg_installed/vcpkg/blds/libogg/x64-windows-dbg/CMakeFiles/CMakeScratch/TryCompile-748604"
    cmakeVariables:
      CMAKE_C_FLAGS: " /nologo /DWIN32 /D_WINDOWS /utf-8 /MP "
      CMAKE_MODULE_PATH: "C:/Users/a.sordelet/source/repos/CMake_VCPKG/out/build/x64-debug/vcpkg_installed/vcpkg/blds/libogg/src/v1.3.5-1a4243fef9.clean/cmake"
      CMAKE_MSVC_DEBUG_INFORMATION_FORMAT: ""
      CMAKE_MSVC_RUNTIME_LIBRARY: "MultiThreaded$<$<CONFIG:Debug>:Debug>$<$<STREQUAL:dynamic,dynamic>:DLL>"
      VCPKG_CHAINLOAD_TOOLCHAIN_FILE: "C:/Program Files/Microsoft Visual Studio/2022/Community/VC/vcpkg/scripts/toolchains/windows.cmake"
      VCPKG_CRT_LINKAGE: "dynamic"
      VCPKG_CXX_FLAGS: ""
      VCPKG_CXX_FLAGS_DEBUG: ""
      VCPKG_CXX_FLAGS_RELEASE: ""
      VCPKG_C_FLAGS: ""
      VCPKG_C_FLAGS_DEBUG: ""
      VCPKG_C_FLAGS_RELEASE: ""
      VCPKG_INSTALLED_DIR: "C:/Users/a.sordelet/source/repos/CMake_VCPKG/out/build/x64-debug/vcpkg_installed"
      VCPKG_LINKER_FLAGS: ""
      VCPKG_LINKER_FLAGS_DEBUG: ""
      VCPKG_LINKER_FLAGS_RELEASE: ""
      VCPKG_PLATFORM_TOOLSET: "v143"
      VCPKG_PREFER_SYSTEM_LIBS: "OFF"
      VCPKG_SET_CHARSET_FLAG: "ON"
      VCPKG_TARGET_ARCHITECTURE: "x64"
      VCPKG_TARGET_TRIPLET: "x64-windows"
      Z_VCPKG_ROOT_DIR: "C:/Program Files/Microsoft Visual Studio/2022/Community/VC/vcpkg"
    buildResult:
      variable: "HAVE_INT32_SIZE"
      cached: true
      stdout: |
        Change Dir: 'C:/Users/a.sordelet/source/repos/CMake_VCPKG/out/build/x64-debug/vcpkg_installed/vcpkg/blds/libogg/x64-windows-dbg/CMakeFiles/CMakeScratch/TryCompile-748604'
        
        Run Build Command(s): "C:/Program Files (x86)/Microsoft Visual Studio/2022/BuildTools/Common7/IDE/CommonExtensions/Microsoft/CMake/Ninja/ninja.exe" -v cmTC_b72fb
        [1/2] C:\\PROGRA~2\\MICROS~2\\2022\\BUILDT~1\\VC\\Tools\\MSVC\\1442~1.344\\bin\\Hostx64\\x64\\cl.exe  /nologo   /nologo /DWIN32 /D_WINDOWS /utf-8 /MP   /D_DEBUG /MDd /Z7 /Ob0 /Od /RTC1 /showIncludes /FoCMakeFiles\\cmTC_b72fb.dir\\INT32_SIZE.c.obj /FdCMakeFiles\\cmTC_b72fb.dir\\ /FS -c C:\\Users\\a.sordelet\\source\\repos\\CMake_VCPKG\\out\\build\\x64-debug\\vcpkg_installed\\vcpkg\\blds\\libogg\\x64-windows-dbg\\CMakeFiles\\CMakeScratch\\TryCompile-748604\\INT32_SIZE.c
        [2/2] C:\\windows\\system32\\cmd.exe /C "cd . && "C:\\Program Files\\CMake\\bin\\cmake.exe" -E vs_link_exe --msvc-ver=1942 --intdir=CMakeFiles\\cmTC_b72fb.dir --rc=C:\\PROGRA~2\\WI3CF2~1\\10\\bin\\100261~1.0\\x64\\rc.exe --mt=C:\\PROGRA~2\\WI3CF2~1\\10\\bin\\100261~1.0\\x64\\mt.exe --manifests  -- C:\\PROGRA~2\\MICROS~2\\2022\\BUILDT~1\\VC\\Tools\\MSVC\\1442~1.344\\bin\\Hostx64\\x64\\link.exe /nologo CMakeFiles\\cmTC_b72fb.dir\\INT32_SIZE.c.obj  /out:cmTC_b72fb.exe /implib:cmTC_b72fb.lib /pdb:cmTC_b72fb.pdb /version:0.0 /machine:x64  /nologo    /debug /INCREMENTAL /subsystem:console  kernel32.lib user32.lib gdi32.lib winspool.lib shell32.lib ole32.lib oleaut32.lib uuid.lib comdlg32.lib advapi32.lib && cd ."
        
      exitCode: 0
  -
    kind: "try_compile-v1"
    backtrace:
      - "C:/Program Files/CMake/share/cmake-3.31/Modules/CheckTypeSize.cmake:156 (try_compile)"
      - "C:/Program Files/CMake/share/cmake-3.31/Modules/CheckTypeSize.cmake:283 (__check_type_size_impl)"
      - "cmake/CheckSizes.cmake:7 (check_type_size)"
      - "CMakeLists.txt:69 (include)"
    checks:
      - "Check size of uint32_t"
    directories:
      source: "C:/Users/a.sordelet/source/repos/CMake_VCPKG/out/build/x64-debug/vcpkg_installed/vcpkg/blds/libogg/x64-windows-dbg/CMakeFiles/CMakeScratch/TryCompile-v8mmbh"
      binary: "C:/Users/a.sordelet/source/repos/CMake_VCPKG/out/build/x64-debug/vcpkg_installed/vcpkg/blds/libogg/x64-windows-dbg/CMakeFiles/CMakeScratch/TryCompile-v8mmbh"
    cmakeVariables:
      CMAKE_C_FLAGS: " /nologo /DWIN32 /D_WINDOWS /utf-8 /MP "
      CMAKE_MODULE_PATH: "C:/Users/a.sordelet/source/repos/CMake_VCPKG/out/build/x64-debug/vcpkg_installed/vcpkg/blds/libogg/src/v1.3.5-1a4243fef9.clean/cmake"
      CMAKE_MSVC_DEBUG_INFORMATION_FORMAT: ""
      CMAKE_MSVC_RUNTIME_LIBRARY: "MultiThreaded$<$<CONFIG:Debug>:Debug>$<$<STREQUAL:dynamic,dynamic>:DLL>"
      VCPKG_CHAINLOAD_TOOLCHAIN_FILE: "C:/Program Files/Microsoft Visual Studio/2022/Community/VC/vcpkg/scripts/toolchains/windows.cmake"
      VCPKG_CRT_LINKAGE: "dynamic"
      VCPKG_CXX_FLAGS: ""
      VCPKG_CXX_FLAGS_DEBUG: ""
      VCPKG_CXX_FLAGS_RELEASE: ""
      VCPKG_C_FLAGS: ""
      VCPKG_C_FLAGS_DEBUG: ""
      VCPKG_C_FLAGS_RELEASE: ""
      VCPKG_INSTALLED_DIR: "C:/Users/a.sordelet/source/repos/CMake_VCPKG/out/build/x64-debug/vcpkg_installed"
      VCPKG_LINKER_FLAGS: ""
      VCPKG_LINKER_FLAGS_DEBUG: ""
      VCPKG_LINKER_FLAGS_RELEASE: ""
      VCPKG_PLATFORM_TOOLSET: "v143"
      VCPKG_PREFER_SYSTEM_LIBS: "OFF"
      VCPKG_SET_CHARSET_FLAG: "ON"
      VCPKG_TARGET_ARCHITECTURE: "x64"
      VCPKG_TARGET_TRIPLET: "x64-windows"
      Z_VCPKG_ROOT_DIR: "C:/Program Files/Microsoft Visual Studio/2022/Community/VC/vcpkg"
    buildResult:
      variable: "HAVE_UINT32_SIZE"
      cached: true
      stdout: |
        Change Dir: 'C:/Users/a.sordelet/source/repos/CMake_VCPKG/out/build/x64-debug/vcpkg_installed/vcpkg/blds/libogg/x64-windows-dbg/CMakeFiles/CMakeScratch/TryCompile-v8mmbh'
        
        Run Build Command(s): "C:/Program Files (x86)/Microsoft Visual Studio/2022/BuildTools/Common7/IDE/CommonExtensions/Microsoft/CMake/Ninja/ninja.exe" -v cmTC_807de
        [1/2] C:\\PROGRA~2\\MICROS~2\\2022\\BUILDT~1\\VC\\Tools\\MSVC\\1442~1.344\\bin\\Hostx64\\x64\\cl.exe  /nologo   /nologo /DWIN32 /D_WINDOWS /utf-8 /MP   /D_DEBUG /MDd /Z7 /Ob0 /Od /RTC1 /showIncludes /FoCMakeFiles\\cmTC_807de.dir\\UINT32_SIZE.c.obj /FdCMakeFiles\\cmTC_807de.dir\\ /FS -c C:\\Users\\a.sordelet\\source\\repos\\CMake_VCPKG\\out\\build\\x64-debug\\vcpkg_installed\\vcpkg\\blds\\libogg\\x64-windows-dbg\\CMakeFiles\\CMakeScratch\\TryCompile-v8mmbh\\UINT32_SIZE.c
        [2/2] C:\\windows\\system32\\cmd.exe /C "cd . && "C:\\Program Files\\CMake\\bin\\cmake.exe" -E vs_link_exe --msvc-ver=1942 --intdir=CMakeFiles\\cmTC_807de.dir --rc=C:\\PROGRA~2\\WI3CF2~1\\10\\bin\\100261~1.0\\x64\\rc.exe --mt=C:\\PROGRA~2\\WI3CF2~1\\10\\bin\\100261~1.0\\x64\\mt.exe --manifests  -- C:\\PROGRA~2\\MICROS~2\\2022\\BUILDT~1\\VC\\Tools\\MSVC\\1442~1.344\\bin\\Hostx64\\x64\\link.exe /nologo CMakeFiles\\cmTC_807de.dir\\UINT32_SIZE.c.obj  /out:cmTC_807de.exe /implib:cmTC_807de.lib /pdb:cmTC_807de.pdb /version:0.0 /machine:x64  /nologo    /debug /INCREMENTAL /subsystem:console  kernel32.lib user32.lib gdi32.lib winspool.lib shell32.lib ole32.lib oleaut32.lib uuid.lib comdlg32.lib advapi32.lib && cd ."
        
      exitCode: 0
  -
    kind: "try_compile-v1"
    backtrace:
      - "C:/Program Files/CMake/share/cmake-3.31/Modules/CheckTypeSize.cmake:156 (try_compile)"
      - "C:/Program Files/CMake/share/cmake-3.31/Modules/CheckTypeSize.cmake:283 (__check_type_size_impl)"
      - "cmake/CheckSizes.cmake:8 (check_type_size)"
      - "CMakeLists.txt:69 (include)"
    checks:
      - "Check size of u_int32_t"
    directories:
      source: "C:/Users/a.sordelet/source/repos/CMake_VCPKG/out/build/x64-debug/vcpkg_installed/vcpkg/blds/libogg/x64-windows-dbg/CMakeFiles/CMakeScratch/TryCompile-ws8vys"
      binary: "C:/Users/a.sordelet/source/repos/CMake_VCPKG/out/build/x64-debug/vcpkg_installed/vcpkg/blds/libogg/x64-windows-dbg/CMakeFiles/CMakeScratch/TryCompile-ws8vys"
    cmakeVariables:
      CMAKE_C_FLAGS: " /nologo /DWIN32 /D_WINDOWS /utf-8 /MP "
      CMAKE_MODULE_PATH: "C:/Users/a.sordelet/source/repos/CMake_VCPKG/out/build/x64-debug/vcpkg_installed/vcpkg/blds/libogg/src/v1.3.5-1a4243fef9.clean/cmake"
      CMAKE_MSVC_DEBUG_INFORMATION_FORMAT: ""
      CMAKE_MSVC_RUNTIME_LIBRARY: "MultiThreaded$<$<CONFIG:Debug>:Debug>$<$<STREQUAL:dynamic,dynamic>:DLL>"
      VCPKG_CHAINLOAD_TOOLCHAIN_FILE: "C:/Program Files/Microsoft Visual Studio/2022/Community/VC/vcpkg/scripts/toolchains/windows.cmake"
      VCPKG_CRT_LINKAGE: "dynamic"
      VCPKG_CXX_FLAGS: ""
      VCPKG_CXX_FLAGS_DEBUG: ""
      VCPKG_CXX_FLAGS_RELEASE: ""
      VCPKG_C_FLAGS: ""
      VCPKG_C_FLAGS_DEBUG: ""
      VCPKG_C_FLAGS_RELEASE: ""
      VCPKG_INSTALLED_DIR: "C:/Users/a.sordelet/source/repos/CMake_VCPKG/out/build/x64-debug/vcpkg_installed"
      VCPKG_LINKER_FLAGS: ""
      VCPKG_LINKER_FLAGS_DEBUG: ""
      VCPKG_LINKER_FLAGS_RELEASE: ""
      VCPKG_PLATFORM_TOOLSET: "v143"
      VCPKG_PREFER_SYSTEM_LIBS: "OFF"
      VCPKG_SET_CHARSET_FLAG: "ON"
      VCPKG_TARGET_ARCHITECTURE: "x64"
      VCPKG_TARGET_TRIPLET: "x64-windows"
      Z_VCPKG_ROOT_DIR: "C:/Program Files/Microsoft Visual Studio/2022/Community/VC/vcpkg"
    buildResult:
      variable: "HAVE_U_INT32_SIZE"
      cached: true
      stdout: |
        Change Dir: 'C:/Users/a.sordelet/source/repos/CMake_VCPKG/out/build/x64-debug/vcpkg_installed/vcpkg/blds/libogg/x64-windows-dbg/CMakeFiles/CMakeScratch/TryCompile-ws8vys'
        
        Run Build Command(s): "C:/Program Files (x86)/Microsoft Visual Studio/2022/BuildTools/Common7/IDE/CommonExtensions/Microsoft/CMake/Ninja/ninja.exe" -v cmTC_1e68e
        [1/2] C:\\PROGRA~2\\MICROS~2\\2022\\BUILDT~1\\VC\\Tools\\MSVC\\1442~1.344\\bin\\Hostx64\\x64\\cl.exe  /nologo   /nologo /DWIN32 /D_WINDOWS /utf-8 /MP   /D_DEBUG /MDd /Z7 /Ob0 /Od /RTC1 /showIncludes /FoCMakeFiles\\cmTC_1e68e.dir\\U_INT32_SIZE.c.obj /FdCMakeFiles\\cmTC_1e68e.dir\\ /FS -c C:\\Users\\a.sordelet\\source\\repos\\CMake_VCPKG\\out\\build\\x64-debug\\vcpkg_installed\\vcpkg\\blds\\libogg\\x64-windows-dbg\\CMakeFiles\\CMakeScratch\\TryCompile-ws8vys\\U_INT32_SIZE.c
        FAILED: CMakeFiles/cmTC_1e68e.dir/U_INT32_SIZE.c.obj 
        C:\\PROGRA~2\\MICROS~2\\2022\\BUILDT~1\\VC\\Tools\\MSVC\\1442~1.344\\bin\\Hostx64\\x64\\cl.exe  /nologo   /nologo /DWIN32 /D_WINDOWS /utf-8 /MP   /D_DEBUG /MDd /Z7 /Ob0 /Od /RTC1 /showIncludes /FoCMakeFiles\\cmTC_1e68e.dir\\U_INT32_SIZE.c.obj /FdCMakeFiles\\cmTC_1e68e.dir\\ /FS -c C:\\Users\\a.sordelet\\source\\repos\\CMake_VCPKG\\out\\build\\x64-debug\\vcpkg_installed\\vcpkg\\blds\\libogg\\x64-windows-dbg\\CMakeFiles\\CMakeScratch\\TryCompile-ws8vys\\U_INT32_SIZE.c
        C:\\Users\\a.sordelet\\source\\repos\\CMake_VCPKG\\out\\build\\x64-debug\\vcpkg_installed\\vcpkg\\blds\\libogg\\x64-windows-dbg\\CMakeFiles\\CMakeScratch\\TryCompile-ws8vys\\U_INT32_SIZE.c(29): error C2065: 'u_int32_t' : identificateur non déclaré
        C:\\Users\\a.sordelet\\source\\repos\\CMake_VCPKG\\out\\build\\x64-debug\\vcpkg_installed\\vcpkg\\blds\\libogg\\x64-windows-dbg\\CMakeFiles\\CMakeScratch\\TryCompile-ws8vys\\U_INT32_SIZE.c(30): error C2065: 'u_int32_t' : identificateur non déclaré
        C:\\Users\\a.sordelet\\source\\repos\\CMake_VCPKG\\out\\build\\x64-debug\\vcpkg_installed\\vcpkg\\blds\\libogg\\x64-windows-dbg\\CMakeFiles\\CMakeScratch\\TryCompile-ws8vys\\U_INT32_SIZE.c(31): error C2065: 'u_int32_t' : identificateur non déclaré
        C:\\Users\\a.sordelet\\source\\repos\\CMake_VCPKG\\out\\build\\x64-debug\\vcpkg_installed\\vcpkg\\blds\\libogg\\x64-windows-dbg\\CMakeFiles\\CMakeScratch\\TryCompile-ws8vys\\U_INT32_SIZE.c(32): error C2065: 'u_int32_t' : identificateur non déclaré
        C:\\Users\\a.sordelet\\source\\repos\\CMake_VCPKG\\out\\build\\x64-debug\\vcpkg_installed\\vcpkg\\blds\\libogg\\x64-windows-dbg\\CMakeFiles\\CMakeScratch\\TryCompile-ws8vys\\U_INT32_SIZE.c(33): error C2065: 'u_int32_t' : identificateur non déclaré
        ninja: build stopped: subcommand failed.
        
      exitCode: 1
  -
    kind: "try_compile-v1"
    backtrace:
      - "C:/Program Files/CMake/share/cmake-3.31/Modules/CheckTypeSize.cmake:156 (try_compile)"
      - "C:/Program Files/CMake/share/cmake-3.31/Modules/CheckTypeSize.cmake:283 (__check_type_size_impl)"
      - "cmake/CheckSizes.cmake:9 (check_type_size)"
      - "CMakeLists.txt:69 (include)"
    checks:
      - "Check size of int64_t"
    directories:
      source: "C:/Users/a.sordelet/source/repos/CMake_VCPKG/out/build/x64-debug/vcpkg_installed/vcpkg/blds/libogg/x64-windows-dbg/CMakeFiles/CMakeScratch/TryCompile-zl6mjo"
      binary: "C:/Users/a.sordelet/source/repos/CMake_VCPKG/out/build/x64-debug/vcpkg_installed/vcpkg/blds/libogg/x64-windows-dbg/CMakeFiles/CMakeScratch/TryCompile-zl6mjo"
    cmakeVariables:
      CMAKE_C_FLAGS: " /nologo /DWIN32 /D_WINDOWS /utf-8 /MP "
      CMAKE_MODULE_PATH: "C:/Users/a.sordelet/source/repos/CMake_VCPKG/out/build/x64-debug/vcpkg_installed/vcpkg/blds/libogg/src/v1.3.5-1a4243fef9.clean/cmake"
      CMAKE_MSVC_DEBUG_INFORMATION_FORMAT: ""
      CMAKE_MSVC_RUNTIME_LIBRARY: "MultiThreaded$<$<CONFIG:Debug>:Debug>$<$<STREQUAL:dynamic,dynamic>:DLL>"
      VCPKG_CHAINLOAD_TOOLCHAIN_FILE: "C:/Program Files/Microsoft Visual Studio/2022/Community/VC/vcpkg/scripts/toolchains/windows.cmake"
      VCPKG_CRT_LINKAGE: "dynamic"
      VCPKG_CXX_FLAGS: ""
      VCPKG_CXX_FLAGS_DEBUG: ""
      VCPKG_CXX_FLAGS_RELEASE: ""
      VCPKG_C_FLAGS: ""
      VCPKG_C_FLAGS_DEBUG: ""
      VCPKG_C_FLAGS_RELEASE: ""
      VCPKG_INSTALLED_DIR: "C:/Users/a.sordelet/source/repos/CMake_VCPKG/out/build/x64-debug/vcpkg_installed"
      VCPKG_LINKER_FLAGS: ""
      VCPKG_LINKER_FLAGS_DEBUG: ""
      VCPKG_LINKER_FLAGS_RELEASE: ""
      VCPKG_PLATFORM_TOOLSET: "v143"
      VCPKG_PREFER_SYSTEM_LIBS: "OFF"
      VCPKG_SET_CHARSET_FLAG: "ON"
      VCPKG_TARGET_ARCHITECTURE: "x64"
      VCPKG_TARGET_TRIPLET: "x64-windows"
      Z_VCPKG_ROOT_DIR: "C:/Program Files/Microsoft Visual Studio/2022/Community/VC/vcpkg"
    buildResult:
      variable: "HAVE_INT64_SIZE"
      cached: true
      stdout: |
        Change Dir: 'C:/Users/a.sordelet/source/repos/CMake_VCPKG/out/build/x64-debug/vcpkg_installed/vcpkg/blds/libogg/x64-windows-dbg/CMakeFiles/CMakeScratch/TryCompile-zl6mjo'
        
        Run Build Command(s): "C:/Program Files (x86)/Microsoft Visual Studio/2022/BuildTools/Common7/IDE/CommonExtensions/Microsoft/CMake/Ninja/ninja.exe" -v cmTC_d33af
        [1/2] C:\\PROGRA~2\\MICROS~2\\2022\\BUILDT~1\\VC\\Tools\\MSVC\\1442~1.344\\bin\\Hostx64\\x64\\cl.exe  /nologo   /nologo /DWIN32 /D_WINDOWS /utf-8 /MP   /D_DEBUG /MDd /Z7 /Ob0 /Od /RTC1 /showIncludes /FoCMakeFiles\\cmTC_d33af.dir\\INT64_SIZE.c.obj /FdCMakeFiles\\cmTC_d33af.dir\\ /FS -c C:\\Users\\a.sordelet\\source\\repos\\CMake_VCPKG\\out\\build\\x64-debug\\vcpkg_installed\\vcpkg\\blds\\libogg\\x64-windows-dbg\\CMakeFiles\\CMakeScratch\\TryCompile-zl6mjo\\INT64_SIZE.c
        [2/2] C:\\windows\\system32\\cmd.exe /C "cd . && "C:\\Program Files\\CMake\\bin\\cmake.exe" -E vs_link_exe --msvc-ver=1942 --intdir=CMakeFiles\\cmTC_d33af.dir --rc=C:\\PROGRA~2\\WI3CF2~1\\10\\bin\\100261~1.0\\x64\\rc.exe --mt=C:\\PROGRA~2\\WI3CF2~1\\10\\bin\\100261~1.0\\x64\\mt.exe --manifests  -- C:\\PROGRA~2\\MICROS~2\\2022\\BUILDT~1\\VC\\Tools\\MSVC\\1442~1.344\\bin\\Hostx64\\x64\\link.exe /nologo CMakeFiles\\cmTC_d33af.dir\\INT64_SIZE.c.obj  /out:cmTC_d33af.exe /implib:cmTC_d33af.lib /pdb:cmTC_d33af.pdb /version:0.0 /machine:x64  /nologo    /debug /INCREMENTAL /subsystem:console  kernel32.lib user32.lib gdi32.lib winspool.lib shell32.lib ole32.lib oleaut32.lib uuid.lib comdlg32.lib advapi32.lib && cd ."
        
      exitCode: 0
  -
    kind: "try_compile-v1"
    backtrace:
      - "C:/Program Files/CMake/share/cmake-3.31/Modules/CheckTypeSize.cmake:156 (try_compile)"
      - "C:/Program Files/CMake/share/cmake-3.31/Modules/CheckTypeSize.cmake:283 (__check_type_size_impl)"
      - "cmake/CheckSizes.cmake:10 (check_type_size)"
      - "CMakeLists.txt:69 (include)"
    checks:
      - "Check size of short"
    directories:
      source: "C:/Users/a.sordelet/source/repos/CMake_VCPKG/out/build/x64-debug/vcpkg_installed/vcpkg/blds/libogg/x64-windows-dbg/CMakeFiles/CMakeScratch/TryCompile-6zsskr"
      binary: "C:/Users/a.sordelet/source/repos/CMake_VCPKG/out/build/x64-debug/vcpkg_installed/vcpkg/blds/libogg/x64-windows-dbg/CMakeFiles/CMakeScratch/TryCompile-6zsskr"
    cmakeVariables:
      CMAKE_C_FLAGS: " /nologo /DWIN32 /D_WINDOWS /utf-8 /MP "
      CMAKE_MODULE_PATH: "C:/Users/a.sordelet/source/repos/CMake_VCPKG/out/build/x64-debug/vcpkg_installed/vcpkg/blds/libogg/src/v1.3.5-1a4243fef9.clean/cmake"
      CMAKE_MSVC_DEBUG_INFORMATION_FORMAT: ""
      CMAKE_MSVC_RUNTIME_LIBRARY: "MultiThreaded$<$<CONFIG:Debug>:Debug>$<$<STREQUAL:dynamic,dynamic>:DLL>"
      VCPKG_CHAINLOAD_TOOLCHAIN_FILE: "C:/Program Files/Microsoft Visual Studio/2022/Community/VC/vcpkg/scripts/toolchains/windows.cmake"
      VCPKG_CRT_LINKAGE: "dynamic"
      VCPKG_CXX_FLAGS: ""
      VCPKG_CXX_FLAGS_DEBUG: ""
      VCPKG_CXX_FLAGS_RELEASE: ""
      VCPKG_C_FLAGS: ""
      VCPKG_C_FLAGS_DEBUG: ""
      VCPKG_C_FLAGS_RELEASE: ""
      VCPKG_INSTALLED_DIR: "C:/Users/a.sordelet/source/repos/CMake_VCPKG/out/build/x64-debug/vcpkg_installed"
      VCPKG_LINKER_FLAGS: ""
      VCPKG_LINKER_FLAGS_DEBUG: ""
      VCPKG_LINKER_FLAGS_RELEASE: ""
      VCPKG_PLATFORM_TOOLSET: "v143"
      VCPKG_PREFER_SYSTEM_LIBS: "OFF"
      VCPKG_SET_CHARSET_FLAG: "ON"
      VCPKG_TARGET_ARCHITECTURE: "x64"
      VCPKG_TARGET_TRIPLET: "x64-windows"
      Z_VCPKG_ROOT_DIR: "C:/Program Files/Microsoft Visual Studio/2022/Community/VC/vcpkg"
    buildResult:
      variable: "HAVE_SHORT_SIZE"
      cached: true
      stdout: |
        Change Dir: 'C:/Users/a.sordelet/source/repos/CMake_VCPKG/out/build/x64-debug/vcpkg_installed/vcpkg/blds/libogg/x64-windows-dbg/CMakeFiles/CMakeScratch/TryCompile-6zsskr'
        
        Run Build Command(s): "C:/Program Files (x86)/Microsoft Visual Studio/2022/BuildTools/Common7/IDE/CommonExtensions/Microsoft/CMake/Ninja/ninja.exe" -v cmTC_e4e27
        [1/2] C:\\PROGRA~2\\MICROS~2\\2022\\BUILDT~1\\VC\\Tools\\MSVC\\1442~1.344\\bin\\Hostx64\\x64\\cl.exe  /nologo   /nologo /DWIN32 /D_WINDOWS /utf-8 /MP   /D_DEBUG /MDd /Z7 /Ob0 /Od /RTC1 /showIncludes /FoCMakeFiles\\cmTC_e4e27.dir\\SHORT_SIZE.c.obj /FdCMakeFiles\\cmTC_e4e27.dir\\ /FS -c C:\\Users\\a.sordelet\\source\\repos\\CMake_VCPKG\\out\\build\\x64-debug\\vcpkg_installed\\vcpkg\\blds\\libogg\\x64-windows-dbg\\CMakeFiles\\CMakeScratch\\TryCompile-6zsskr\\SHORT_SIZE.c
        [2/2] C:\\windows\\system32\\cmd.exe /C "cd . && "C:\\Program Files\\CMake\\bin\\cmake.exe" -E vs_link_exe --msvc-ver=1942 --intdir=CMakeFiles\\cmTC_e4e27.dir --rc=C:\\PROGRA~2\\WI3CF2~1\\10\\bin\\100261~1.0\\x64\\rc.exe --mt=C:\\PROGRA~2\\WI3CF2~1\\10\\bin\\100261~1.0\\x64\\mt.exe --manifests  -- C:\\PROGRA~2\\MICROS~2\\2022\\BUILDT~1\\VC\\Tools\\MSVC\\1442~1.344\\bin\\Hostx64\\x64\\link.exe /nologo CMakeFiles\\cmTC_e4e27.dir\\SHORT_SIZE.c.obj  /out:cmTC_e4e27.exe /implib:cmTC_e4e27.lib /pdb:cmTC_e4e27.pdb /version:0.0 /machine:x64  /nologo    /debug /INCREMENTAL /subsystem:console  kernel32.lib user32.lib gdi32.lib winspool.lib shell32.lib ole32.lib oleaut32.lib uuid.lib comdlg32.lib advapi32.lib && cd ."
        
      exitCode: 0
  -
    kind: "try_compile-v1"
    backtrace:
      - "C:/Program Files/CMake/share/cmake-3.31/Modules/CheckTypeSize.cmake:156 (try_compile)"
      - "C:/Program Files/CMake/share/cmake-3.31/Modules/CheckTypeSize.cmake:283 (__check_type_size_impl)"
      - "cmake/CheckSizes.cmake:11 (check_type_size)"
      - "CMakeLists.txt:69 (include)"
    checks:
      - "Check size of int"
    directories:
      source: "C:/Users/a.sordelet/source/repos/CMake_VCPKG/out/build/x64-debug/vcpkg_installed/vcpkg/blds/libogg/x64-windows-dbg/CMakeFiles/CMakeScratch/TryCompile-sd96u0"
      binary: "C:/Users/a.sordelet/source/repos/CMake_VCPKG/out/build/x64-debug/vcpkg_installed/vcpkg/blds/libogg/x64-windows-dbg/CMakeFiles/CMakeScratch/TryCompile-sd96u0"
    cmakeVariables:
      CMAKE_C_FLAGS: " /nologo /DWIN32 /D_WINDOWS /utf-8 /MP "
      CMAKE_MODULE_PATH: "C:/Users/a.sordelet/source/repos/CMake_VCPKG/out/build/x64-debug/vcpkg_installed/vcpkg/blds/libogg/src/v1.3.5-1a4243fef9.clean/cmake"
      CMAKE_MSVC_DEBUG_INFORMATION_FORMAT: ""
      CMAKE_MSVC_RUNTIME_LIBRARY: "MultiThreaded$<$<CONFIG:Debug>:Debug>$<$<STREQUAL:dynamic,dynamic>:DLL>"
      VCPKG_CHAINLOAD_TOOLCHAIN_FILE: "C:/Program Files/Microsoft Visual Studio/2022/Community/VC/vcpkg/scripts/toolchains/windows.cmake"
      VCPKG_CRT_LINKAGE: "dynamic"
      VCPKG_CXX_FLAGS: ""
      VCPKG_CXX_FLAGS_DEBUG: ""
      VCPKG_CXX_FLAGS_RELEASE: ""
      VCPKG_C_FLAGS: ""
      VCPKG_C_FLAGS_DEBUG: ""
      VCPKG_C_FLAGS_RELEASE: ""
      VCPKG_INSTALLED_DIR: "C:/Users/a.sordelet/source/repos/CMake_VCPKG/out/build/x64-debug/vcpkg_installed"
      VCPKG_LINKER_FLAGS: ""
      VCPKG_LINKER_FLAGS_DEBUG: ""
      VCPKG_LINKER_FLAGS_RELEASE: ""
      VCPKG_PLATFORM_TOOLSET: "v143"
      VCPKG_PREFER_SYSTEM_LIBS: "OFF"
      VCPKG_SET_CHARSET_FLAG: "ON"
      VCPKG_TARGET_ARCHITECTURE: "x64"
      VCPKG_TARGET_TRIPLET: "x64-windows"
      Z_VCPKG_ROOT_DIR: "C:/Program Files/Microsoft Visual Studio/2022/Community/VC/vcpkg"
    buildResult:
      variable: "HAVE_INT_SIZE"
      cached: true
      stdout: |
        Change Dir: 'C:/Users/a.sordelet/source/repos/CMake_VCPKG/out/build/x64-debug/vcpkg_installed/vcpkg/blds/libogg/x64-windows-dbg/CMakeFiles/CMakeScratch/TryCompile-sd96u0'
        
        Run Build Command(s): "C:/Program Files (x86)/Microsoft Visual Studio/2022/BuildTools/Common7/IDE/CommonExtensions/Microsoft/CMake/Ninja/ninja.exe" -v cmTC_33584
        [1/2] C:\\PROGRA~2\\MICROS~2\\2022\\BUILDT~1\\VC\\Tools\\MSVC\\1442~1.344\\bin\\Hostx64\\x64\\cl.exe  /nologo   /nologo /DWIN32 /D_WINDOWS /utf-8 /MP   /D_DEBUG /MDd /Z7 /Ob0 /Od /RTC1 /showIncludes /FoCMakeFiles\\cmTC_33584.dir\\INT_SIZE.c.obj /FdCMakeFiles\\cmTC_33584.dir\\ /FS -c C:\\Users\\a.sordelet\\source\\repos\\CMake_VCPKG\\out\\build\\x64-debug\\vcpkg_installed\\vcpkg\\blds\\libogg\\x64-windows-dbg\\CMakeFiles\\CMakeScratch\\TryCompile-sd96u0\\INT_SIZE.c
        [2/2] C:\\windows\\system32\\cmd.exe /C "cd . && "C:\\Program Files\\CMake\\bin\\cmake.exe" -E vs_link_exe --msvc-ver=1942 --intdir=CMakeFiles\\cmTC_33584.dir --rc=C:\\PROGRA~2\\WI3CF2~1\\10\\bin\\100261~1.0\\x64\\rc.exe --mt=C:\\PROGRA~2\\WI3CF2~1\\10\\bin\\100261~1.0\\x64\\mt.exe --manifests  -- C:\\PROGRA~2\\MICROS~2\\2022\\BUILDT~1\\VC\\Tools\\MSVC\\1442~1.344\\bin\\Hostx64\\x64\\link.exe /nologo CMakeFiles\\cmTC_33584.dir\\INT_SIZE.c.obj  /out:cmTC_33584.exe /implib:cmTC_33584.lib /pdb:cmTC_33584.pdb /version:0.0 /machine:x64  /nologo    /debug /INCREMENTAL /subsystem:console  kernel32.lib user32.lib gdi32.lib winspool.lib shell32.lib ole32.lib oleaut32.lib uuid.lib comdlg32.lib advapi32.lib && cd ."
        
      exitCode: 0
  -
    kind: "try_compile-v1"
    backtrace:
      - "C:/Program Files/CMake/share/cmake-3.31/Modules/CheckTypeSize.cmake:156 (try_compile)"
      - "C:/Program Files/CMake/share/cmake-3.31/Modules/CheckTypeSize.cmake:283 (__check_type_size_impl)"
      - "cmake/CheckSizes.cmake:12 (check_type_size)"
      - "CMakeLists.txt:69 (include)"
    checks:
      - "Check size of long"
    directories:
      source: "C:/Users/a.sordelet/source/repos/CMake_VCPKG/out/build/x64-debug/vcpkg_installed/vcpkg/blds/libogg/x64-windows-dbg/CMakeFiles/CMakeScratch/TryCompile-j1l2tm"
      binary: "C:/Users/a.sordelet/source/repos/CMake_VCPKG/out/build/x64-debug/vcpkg_installed/vcpkg/blds/libogg/x64-windows-dbg/CMakeFiles/CMakeScratch/TryCompile-j1l2tm"
    cmakeVariables:
      CMAKE_C_FLAGS: " /nologo /DWIN32 /D_WINDOWS /utf-8 /MP "
      CMAKE_MODULE_PATH: "C:/Users/a.sordelet/source/repos/CMake_VCPKG/out/build/x64-debug/vcpkg_installed/vcpkg/blds/libogg/src/v1.3.5-1a4243fef9.clean/cmake"
      CMAKE_MSVC_DEBUG_INFORMATION_FORMAT: ""
      CMAKE_MSVC_RUNTIME_LIBRARY: "MultiThreaded$<$<CONFIG:Debug>:Debug>$<$<STREQUAL:dynamic,dynamic>:DLL>"
      VCPKG_CHAINLOAD_TOOLCHAIN_FILE: "C:/Program Files/Microsoft Visual Studio/2022/Community/VC/vcpkg/scripts/toolchains/windows.cmake"
      VCPKG_CRT_LINKAGE: "dynamic"
      VCPKG_CXX_FLAGS: ""
      VCPKG_CXX_FLAGS_DEBUG: ""
      VCPKG_CXX_FLAGS_RELEASE: ""
      VCPKG_C_FLAGS: ""
      VCPKG_C_FLAGS_DEBUG: ""
      VCPKG_C_FLAGS_RELEASE: ""
      VCPKG_INSTALLED_DIR: "C:/Users/a.sordelet/source/repos/CMake_VCPKG/out/build/x64-debug/vcpkg_installed"
      VCPKG_LINKER_FLAGS: ""
      VCPKG_LINKER_FLAGS_DEBUG: ""
      VCPKG_LINKER_FLAGS_RELEASE: ""
      VCPKG_PLATFORM_TOOLSET: "v143"
      VCPKG_PREFER_SYSTEM_LIBS: "OFF"
      VCPKG_SET_CHARSET_FLAG: "ON"
      VCPKG_TARGET_ARCHITECTURE: "x64"
      VCPKG_TARGET_TRIPLET: "x64-windows"
      Z_VCPKG_ROOT_DIR: "C:/Program Files/Microsoft Visual Studio/2022/Community/VC/vcpkg"
    buildResult:
      variable: "HAVE_LONG_SIZE"
      cached: true
      stdout: |
        Change Dir: 'C:/Users/a.sordelet/source/repos/CMake_VCPKG/out/build/x64-debug/vcpkg_installed/vcpkg/blds/libogg/x64-windows-dbg/CMakeFiles/CMakeScratch/TryCompile-j1l2tm'
        
        Run Build Command(s): "C:/Program Files (x86)/Microsoft Visual Studio/2022/BuildTools/Common7/IDE/CommonExtensions/Microsoft/CMake/Ninja/ninja.exe" -v cmTC_41a50
        [1/2] C:\\PROGRA~2\\MICROS~2\\2022\\BUILDT~1\\VC\\Tools\\MSVC\\1442~1.344\\bin\\Hostx64\\x64\\cl.exe  /nologo   /nologo /DWIN32 /D_WINDOWS /utf-8 /MP   /D_DEBUG /MDd /Z7 /Ob0 /Od /RTC1 /showIncludes /FoCMakeFiles\\cmTC_41a50.dir\\LONG_SIZE.c.obj /FdCMakeFiles\\cmTC_41a50.dir\\ /FS -c C:\\Users\\a.sordelet\\source\\repos\\CMake_VCPKG\\out\\build\\x64-debug\\vcpkg_installed\\vcpkg\\blds\\libogg\\x64-windows-dbg\\CMakeFiles\\CMakeScratch\\TryCompile-j1l2tm\\LONG_SIZE.c
        [2/2] C:\\windows\\system32\\cmd.exe /C "cd . && "C:\\Program Files\\CMake\\bin\\cmake.exe" -E vs_link_exe --msvc-ver=1942 --intdir=CMakeFiles\\cmTC_41a50.dir --rc=C:\\PROGRA~2\\WI3CF2~1\\10\\bin\\100261~1.0\\x64\\rc.exe --mt=C:\\PROGRA~2\\WI3CF2~1\\10\\bin\\100261~1.0\\x64\\mt.exe --manifests  -- C:\\PROGRA~2\\MICROS~2\\2022\\BUILDT~1\\VC\\Tools\\MSVC\\1442~1.344\\bin\\Hostx64\\x64\\link.exe /nologo CMakeFiles\\cmTC_41a50.dir\\LONG_SIZE.c.obj  /out:cmTC_41a50.exe /implib:cmTC_41a50.lib /pdb:cmTC_41a50.pdb /version:0.0 /machine:x64  /nologo    /debug /INCREMENTAL /subsystem:console  kernel32.lib user32.lib gdi32.lib winspool.lib shell32.lib ole32.lib oleaut32.lib uuid.lib comdlg32.lib advapi32.lib && cd ."
        
      exitCode: 0
  -
    kind: "try_compile-v1"
    backtrace:
      - "C:/Program Files/CMake/share/cmake-3.31/Modules/CheckTypeSize.cmake:156 (try_compile)"
      - "C:/Program Files/CMake/share/cmake-3.31/Modules/CheckTypeSize.cmake:283 (__check_type_size_impl)"
      - "cmake/CheckSizes.cmake:13 (check_type_size)"
      - "CMakeLists.txt:69 (include)"
    checks:
      - "Check size of long long"
    directories:
      source: "C:/Users/a.sordelet/source/repos/CMake_VCPKG/out/build/x64-debug/vcpkg_installed/vcpkg/blds/libogg/x64-windows-dbg/CMakeFiles/CMakeScratch/TryCompile-o1p5a5"
      binary: "C:/Users/a.sordelet/source/repos/CMake_VCPKG/out/build/x64-debug/vcpkg_installed/vcpkg/blds/libogg/x64-windows-dbg/CMakeFiles/CMakeScratch/TryCompile-o1p5a5"
    cmakeVariables:
      CMAKE_C_FLAGS: " /nologo /DWIN32 /D_WINDOWS /utf-8 /MP "
      CMAKE_MODULE_PATH: "C:/Users/a.sordelet/source/repos/CMake_VCPKG/out/build/x64-debug/vcpkg_installed/vcpkg/blds/libogg/src/v1.3.5-1a4243fef9.clean/cmake"
      CMAKE_MSVC_DEBUG_INFORMATION_FORMAT: ""
      CMAKE_MSVC_RUNTIME_LIBRARY: "MultiThreaded$<$<CONFIG:Debug>:Debug>$<$<STREQUAL:dynamic,dynamic>:DLL>"
      VCPKG_CHAINLOAD_TOOLCHAIN_FILE: "C:/Program Files/Microsoft Visual Studio/2022/Community/VC/vcpkg/scripts/toolchains/windows.cmake"
      VCPKG_CRT_LINKAGE: "dynamic"
      VCPKG_CXX_FLAGS: ""
      VCPKG_CXX_FLAGS_DEBUG: ""
      VCPKG_CXX_FLAGS_RELEASE: ""
      VCPKG_C_FLAGS: ""
      VCPKG_C_FLAGS_DEBUG: ""
      VCPKG_C_FLAGS_RELEASE: ""
      VCPKG_INSTALLED_DIR: "C:/Users/a.sordelet/source/repos/CMake_VCPKG/out/build/x64-debug/vcpkg_installed"
      VCPKG_LINKER_FLAGS: ""
      VCPKG_LINKER_FLAGS_DEBUG: ""
      VCPKG_LINKER_FLAGS_RELEASE: ""
      VCPKG_PLATFORM_TOOLSET: "v143"
      VCPKG_PREFER_SYSTEM_LIBS: "OFF"
      VCPKG_SET_CHARSET_FLAG: "ON"
      VCPKG_TARGET_ARCHITECTURE: "x64"
      VCPKG_TARGET_TRIPLET: "x64-windows"
      Z_VCPKG_ROOT_DIR: "C:/Program Files/Microsoft Visual Studio/2022/Community/VC/vcpkg"
    buildResult:
      variable: "HAVE_LONG_LONG_SIZE"
      cached: true
      stdout: |
        Change Dir: 'C:/Users/a.sordelet/source/repos/CMake_VCPKG/out/build/x64-debug/vcpkg_installed/vcpkg/blds/libogg/x64-windows-dbg/CMakeFiles/CMakeScratch/TryCompile-o1p5a5'
        
        Run Build Command(s): "C:/Program Files (x86)/Microsoft Visual Studio/2022/BuildTools/Common7/IDE/CommonExtensions/Microsoft/CMake/Ninja/ninja.exe" -v cmTC_9c6a7
        [1/2] C:\\PROGRA~2\\MICROS~2\\2022\\BUILDT~1\\VC\\Tools\\MSVC\\1442~1.344\\bin\\Hostx64\\x64\\cl.exe  /nologo   /nologo /DWIN32 /D_WINDOWS /utf-8 /MP   /D_DEBUG /MDd /Z7 /Ob0 /Od /RTC1 /showIncludes /FoCMakeFiles\\cmTC_9c6a7.dir\\LONG_LONG_SIZE.c.obj /FdCMakeFiles\\cmTC_9c6a7.dir\\ /FS -c C:\\Users\\a.sordelet\\source\\repos\\CMake_VCPKG\\out\\build\\x64-debug\\vcpkg_installed\\vcpkg\\blds\\libogg\\x64-windows-dbg\\CMakeFiles\\CMakeScratch\\TryCompile-o1p5a5\\LONG_LONG_SIZE.c
        [2/2] C:\\windows\\system32\\cmd.exe /C "cd . && "C:\\Program Files\\CMake\\bin\\cmake.exe" -E vs_link_exe --msvc-ver=1942 --intdir=CMakeFiles\\cmTC_9c6a7.dir --rc=C:\\PROGRA~2\\WI3CF2~1\\10\\bin\\100261~1.0\\x64\\rc.exe --mt=C:\\PROGRA~2\\WI3CF2~1\\10\\bin\\100261~1.0\\x64\\mt.exe --manifests  -- C:\\PROGRA~2\\MICROS~2\\2022\\BUILDT~1\\VC\\Tools\\MSVC\\1442~1.344\\bin\\Hostx64\\x64\\link.exe /nologo CMakeFiles\\cmTC_9c6a7.dir\\LONG_LONG_SIZE.c.obj  /out:cmTC_9c6a7.exe /implib:cmTC_9c6a7.lib /pdb:cmTC_9c6a7.pdb /version:0.0 /machine:x64  /nologo    /debug /INCREMENTAL /subsystem:console  kernel32.lib user32.lib gdi32.lib winspool.lib shell32.lib ole32.lib oleaut32.lib uuid.lib comdlg32.lib advapi32.lib && cd ."
        
      exitCode: 0
...
