[1/2] "C:/Program Files/CMake/bin/cmake.exe" -E chdir ".." "C:/Program Files/CMake/bin/cmake.exe" "C:/Users/a.sordelet/source/repos/CMake_VCPKG/out/build/x64-debug/vcpkg_installed/vcpkg/blds/zlib/src/v1.3.1-2e5db616bf.clean" "-G" "Ninja" "-DCMAKE_BUILD_TYPE=Release" "-DCMAKE_INSTALL_PREFIX=C:/Users/a.sordelet/source/repos/CMake_VCPKG/out/build/x64-debug/vcpkg_installed/vcpkg/pkgs/zlib_x64-windows" "-DFETCHCONTENT_FULLY_DISCONNECTED=ON" "-DSKIP_INSTALL_FILES=ON" "-DZLIB_BUILD_EXAMPLES=OFF" "-DCMAKE_MAKE_PROGRAM=C:/Program Files (x86)/Microsoft Visual Studio/2022/BuildTools/Common7/IDE/CommonExtensions/Microsoft/CMake/Ninja/ninja.exe" "-DBUILD_SHARED_LIBS=ON" "-DVCPKG_CHAINLOAD_TOOLCHAIN_FILE=C:/Program Files/Microsoft Visual Studio/2022/Community/VC/vcpkg/scripts/toolchains/windows.cmake" "-DVCPKG_TARGET_TRIPLET=x64-windows" "-DVCPKG_SET_CHARSET_FLAG=ON" "-DVCPKG_PLATFORM_TOOLSET=v143" "-DCMAKE_EXPORT_NO_PACKAGE_REGISTRY=ON" "-DCMAKE_FIND_PACKAGE_NO_PACKAGE_REGISTRY=ON" "-DCMAKE_FIND_PACKAGE_NO_SYSTEM_PACKAGE_REGISTRY=ON" "-DCMAKE_INSTALL_SYSTEM_RUNTIME_LIBS_SKIP=TRUE" "-DCMAKE_VERBOSE_MAKEFILE=ON" "-DVCPKG_APPLOCAL_DEPS=OFF" "-DCMAKE_TOOLCHAIN_FILE=C:/Program Files/Microsoft Visual Studio/2022/Community/VC/vcpkg/scripts/buildsystems/vcpkg.cmake" "-DCMAKE_ERROR_ON_ABSOLUTE_INSTALL_DESTINATION=ON" "-DVCPKG_CXX_FLAGS=" "-DVCPKG_CXX_FLAGS_RELEASE=" "-DVCPKG_CXX_FLAGS_DEBUG=" "-DVCPKG_C_FLAGS=" "-DVCPKG_C_FLAGS_RELEASE=" "-DVCPKG_C_FLAGS_DEBUG=" "-DVCPKG_CRT_LINKAGE=dynamic" "-DVCPKG_LINKER_FLAGS=" "-DVCPKG_LINKER_FLAGS_RELEASE=" "-DVCPKG_LINKER_FLAGS_DEBUG=" "-DVCPKG_TARGET_ARCHITECTURE=x64" "-DCMAKE_INSTALL_LIBDIR:STRING=lib" "-DCMAKE_INSTALL_BINDIR:STRING=bin" "-D_VCPKG_ROOT_DIR=C:/Program Files/Microsoft Visual Studio/2022/Community/VC/vcpkg" "-D_VCPKG_INSTALLED_DIR=C:/Users/a.sordelet/source/repos/CMake_VCPKG/out/build/x64-debug/vcpkg_installed" "-DVCPKG_MANIFEST_INSTALL=OFF"
CMake Deprecation Warning at C:/Program Files/Microsoft Visual Studio/2022/Community/VC/vcpkg/scripts/buildsystems/vcpkg.cmake:40 (cmake_policy):
  Compatibility with CMake < 3.10 will be removed from a future version of
  CMake.

  Update the VERSION argument <min> value.  Or, use the <min>...<max> syntax
  to tell CMake that the project requires at least <min> but has been updated
  to work with policies introduced by <max> or earlier.
Call Stack (most recent call first):
  C:/Program Files/CMake/share/cmake-3.31/Modules/CMakeDetermineSystem.cmake:146 (include)
  CMakeLists.txt:4 (project)


CMake Deprecation Warning at C:/Program Files/Microsoft Visual Studio/2022/Community/VC/vcpkg/scripts/buildsystems/vcpkg.cmake:878 (cmake_policy):
  Compatibility with CMake < 3.10 will be removed from a future version of
  CMake.

  Update the VERSION argument <min> value.  Or, use the <min>...<max> syntax
  to tell CMake that the project requires at least <min> but has been updated
  to work with policies introduced by <max> or earlier.
Call Stack (most recent call first):
  C:/Program Files/CMake/share/cmake-3.31/Modules/CMakeDetermineSystem.cmake:146 (include)
  CMakeLists.txt:4 (project)


CMake Deprecation Warning at C:/Program Files/Microsoft Visual Studio/2022/Community/VC/vcpkg/scripts/buildsystems/vcpkg.cmake:40 (cmake_policy):
  Compatibility with CMake < 3.10 will be removed from a future version of
  CMake.

  Update the VERSION argument <min> value.  Or, use the <min>...<max> syntax
  to tell CMake that the project requires at least <min> but has been updated
  to work with policies introduced by <max> or earlier.
Call Stack (most recent call first):
  C:/Users/a.sordelet/source/repos/CMake_VCPKG/out/build/x64-debug/vcpkg_installed/vcpkg/blds/zlib/x64-windows-rel/CMakeFiles/3.31.2/CMakeSystem.cmake:6 (include)
  CMakeLists.txt:4 (project)


-- The C compiler identification is MSVC 19.42.34435.0
-- Detecting C compiler ABI info
CMake Deprecation Warning at C:/Program Files/Microsoft Visual Studio/2022/Community/VC/vcpkg/scripts/buildsystems/vcpkg.cmake:40 (cmake_policy):
  Compatibility with CMake < 3.10 will be removed from a future version of
  CMake.

  Update the VERSION argument <min> value.  Or, use the <min>...<max> syntax
  to tell CMake that the project requires at least <min> but has been updated
  to work with policies introduced by <max> or earlier.
Call Stack (most recent call first):
  C:/Users/a.sordelet/source/repos/CMake_VCPKG/out/build/x64-debug/vcpkg_installed/vcpkg/blds/zlib/x64-windows-rel/CMakeFiles/3.31.2/CMakeSystem.cmake:6 (include)
  C:/Users/a.sordelet/source/repos/CMake_VCPKG/out/build/x64-debug/vcpkg_installed/vcpkg/blds/zlib/x64-windows-rel/CMakeFiles/CMakeScratch/TryCompile-rgy28s/CMakeLists.txt:6 (project)


CMake Deprecation Warning at C:/Program Files/Microsoft Visual Studio/2022/Community/VC/vcpkg/scripts/buildsystems/vcpkg.cmake:878 (cmake_policy):
  Compatibility with CMake < 3.10 will be removed from a future version of
  CMake.

  Update the VERSION argument <min> value.  Or, use the <min>...<max> syntax
  to tell CMake that the project requires at least <min> but has been updated
  to work with policies introduced by <max> or earlier.
Call Stack (most recent call first):
  C:/Users/a.sordelet/source/repos/CMake_VCPKG/out/build/x64-debug/vcpkg_installed/vcpkg/blds/zlib/x64-windows-rel/CMakeFiles/3.31.2/CMakeSystem.cmake:6 (include)
  C:/Users/a.sordelet/source/repos/CMake_VCPKG/out/build/x64-debug/vcpkg_installed/vcpkg/blds/zlib/x64-windows-rel/CMakeFiles/CMakeScratch/TryCompile-rgy28s/CMakeLists.txt:6 (project)


-- Detecting C compiler ABI info - done
-- Check for working C compiler: C:/Program Files (x86)/Microsoft Visual Studio/2022/BuildTools/VC/Tools/MSVC/14.42.34433/bin/Hostx64/x64/cl.exe - skipped
-- Detecting C compile features
-- Detecting C compile features - done
-- Looking for sys/types.h
CMake Deprecation Warning at C:/Program Files/Microsoft Visual Studio/2022/Community/VC/vcpkg/scripts/buildsystems/vcpkg.cmake:40 (cmake_policy):
  Compatibility with CMake < 3.10 will be removed from a future version of
  CMake.

  Update the VERSION argument <min> value.  Or, use the <min>...<max> syntax
  to tell CMake that the project requires at least <min> but has been updated
  to work with policies introduced by <max> or earlier.
Call Stack (most recent call first):
  C:/Users/a.sordelet/source/repos/CMake_VCPKG/out/build/x64-debug/vcpkg_installed/vcpkg/blds/zlib/x64-windows-rel/CMakeFiles/3.31.2/CMakeSystem.cmake:6 (include)
  C:/Users/a.sordelet/source/repos/CMake_VCPKG/out/build/x64-debug/vcpkg_installed/vcpkg/blds/zlib/x64-windows-rel/CMakeFiles/CMakeScratch/TryCompile-0r7wfs/CMakeLists.txt:6 (project)


CMake Deprecation Warning at C:/Program Files/Microsoft Visual Studio/2022/Community/VC/vcpkg/scripts/buildsystems/vcpkg.cmake:878 (cmake_policy):
  Compatibility with CMake < 3.10 will be removed from a future version of
  CMake.

  Update the VERSION argument <min> value.  Or, use the <min>...<max> syntax
  to tell CMake that the project requires at least <min> but has been updated
  to work with policies introduced by <max> or earlier.
Call Stack (most recent call first):
  C:/Users/a.sordelet/source/repos/CMake_VCPKG/out/build/x64-debug/vcpkg_installed/vcpkg/blds/zlib/x64-windows-rel/CMakeFiles/3.31.2/CMakeSystem.cmake:6 (include)
  C:/Users/a.sordelet/source/repos/CMake_VCPKG/out/build/x64-debug/vcpkg_installed/vcpkg/blds/zlib/x64-windows-rel/CMakeFiles/CMakeScratch/TryCompile-0r7wfs/CMakeLists.txt:6 (project)


-- Looking for sys/types.h - found
-- Looking for stdint.h
CMake Deprecation Warning at C:/Program Files/Microsoft Visual Studio/2022/Community/VC/vcpkg/scripts/buildsystems/vcpkg.cmake:40 (cmake_policy):
  Compatibility with CMake < 3.10 will be removed from a future version of
  CMake.

  Update the VERSION argument <min> value.  Or, use the <min>...<max> syntax
  to tell CMake that the project requires at least <min> but has been updated
  to work with policies introduced by <max> or earlier.
Call Stack (most recent call first):
  C:/Users/a.sordelet/source/repos/CMake_VCPKG/out/build/x64-debug/vcpkg_installed/vcpkg/blds/zlib/x64-windows-rel/CMakeFiles/3.31.2/CMakeSystem.cmake:6 (include)
  C:/Users/a.sordelet/source/repos/CMake_VCPKG/out/build/x64-debug/vcpkg_installed/vcpkg/blds/zlib/x64-windows-rel/CMakeFiles/CMakeScratch/TryCompile-gelbik/CMakeLists.txt:6 (project)


CMake Deprecation Warning at C:/Program Files/Microsoft Visual Studio/2022/Community/VC/vcpkg/scripts/buildsystems/vcpkg.cmake:878 (cmake_policy):
  Compatibility with CMake < 3.10 will be removed from a future version of
  CMake.

  Update the VERSION argument <min> value.  Or, use the <min>...<max> syntax
  to tell CMake that the project requires at least <min> but has been updated
  to work with policies introduced by <max> or earlier.
Call Stack (most recent call first):
  C:/Users/a.sordelet/source/repos/CMake_VCPKG/out/build/x64-debug/vcpkg_installed/vcpkg/blds/zlib/x64-windows-rel/CMakeFiles/3.31.2/CMakeSystem.cmake:6 (include)
  C:/Users/a.sordelet/source/repos/CMake_VCPKG/out/build/x64-debug/vcpkg_installed/vcpkg/blds/zlib/x64-windows-rel/CMakeFiles/CMakeScratch/TryCompile-gelbik/CMakeLists.txt:6 (project)


-- Looking for stdint.h - found
-- Looking for stddef.h
CMake Deprecation Warning at C:/Program Files/Microsoft Visual Studio/2022/Community/VC/vcpkg/scripts/buildsystems/vcpkg.cmake:40 (cmake_policy):
  Compatibility with CMake < 3.10 will be removed from a future version of
  CMake.

  Update the VERSION argument <min> value.  Or, use the <min>...<max> syntax
  to tell CMake that the project requires at least <min> but has been updated
  to work with policies introduced by <max> or earlier.
Call Stack (most recent call first):
  C:/Users/a.sordelet/source/repos/CMake_VCPKG/out/build/x64-debug/vcpkg_installed/vcpkg/blds/zlib/x64-windows-rel/CMakeFiles/3.31.2/CMakeSystem.cmake:6 (include)
  C:/Users/a.sordelet/source/repos/CMake_VCPKG/out/build/x64-debug/vcpkg_installed/vcpkg/blds/zlib/x64-windows-rel/CMakeFiles/CMakeScratch/TryCompile-863ezq/CMakeLists.txt:6 (project)


CMake Deprecation Warning at C:/Program Files/Microsoft Visual Studio/2022/Community/VC/vcpkg/scripts/buildsystems/vcpkg.cmake:878 (cmake_policy):
  Compatibility with CMake < 3.10 will be removed from a future version of
  CMake.

  Update the VERSION argument <min> value.  Or, use the <min>...<max> syntax
  to tell CMake that the project requires at least <min> but has been updated
  to work with policies introduced by <max> or earlier.
Call Stack (most recent call first):
  C:/Users/a.sordelet/source/repos/CMake_VCPKG/out/build/x64-debug/vcpkg_installed/vcpkg/blds/zlib/x64-windows-rel/CMakeFiles/3.31.2/CMakeSystem.cmake:6 (include)
  C:/Users/a.sordelet/source/repos/CMake_VCPKG/out/build/x64-debug/vcpkg_installed/vcpkg/blds/zlib/x64-windows-rel/CMakeFiles/CMakeScratch/TryCompile-863ezq/CMakeLists.txt:6 (project)


-- Looking for stddef.h - found
-- Check size of off64_t
CMake Deprecation Warning at C:/Program Files/Microsoft Visual Studio/2022/Community/VC/vcpkg/scripts/buildsystems/vcpkg.cmake:40 (cmake_policy):
  Compatibility with CMake < 3.10 will be removed from a future version of
  CMake.

  Update the VERSION argument <min> value.  Or, use the <min>...<max> syntax
  to tell CMake that the project requires at least <min> but has been updated
  to work with policies introduced by <max> or earlier.
Call Stack (most recent call first):
  C:/Users/a.sordelet/source/repos/CMake_VCPKG/out/build/x64-debug/vcpkg_installed/vcpkg/blds/zlib/x64-windows-rel/CMakeFiles/3.31.2/CMakeSystem.cmake:6 (include)
  C:/Users/a.sordelet/source/repos/CMake_VCPKG/out/build/x64-debug/vcpkg_installed/vcpkg/blds/zlib/x64-windows-rel/CMakeFiles/CMakeScratch/TryCompile-2tv6tz/CMakeLists.txt:6 (project)


CMake Deprecation Warning at C:/Program Files/Microsoft Visual Studio/2022/Community/VC/vcpkg/scripts/buildsystems/vcpkg.cmake:878 (cmake_policy):
  Compatibility with CMake < 3.10 will be removed from a future version of
  CMake.

  Update the VERSION argument <min> value.  Or, use the <min>...<max> syntax
  to tell CMake that the project requires at least <min> but has been updated
  to work with policies introduced by <max> or earlier.
Call Stack (most recent call first):
  C:/Users/a.sordelet/source/repos/CMake_VCPKG/out/build/x64-debug/vcpkg_installed/vcpkg/blds/zlib/x64-windows-rel/CMakeFiles/3.31.2/CMakeSystem.cmake:6 (include)
  C:/Users/a.sordelet/source/repos/CMake_VCPKG/out/build/x64-debug/vcpkg_installed/vcpkg/blds/zlib/x64-windows-rel/CMakeFiles/CMakeScratch/TryCompile-2tv6tz/CMakeLists.txt:6 (project)


-- Check size of off64_t - failed
-- Looking for fseeko
CMake Deprecation Warning at C:/Program Files/Microsoft Visual Studio/2022/Community/VC/vcpkg/scripts/buildsystems/vcpkg.cmake:40 (cmake_policy):
  Compatibility with CMake < 3.10 will be removed from a future version of
  CMake.

  Update the VERSION argument <min> value.  Or, use the <min>...<max> syntax
  to tell CMake that the project requires at least <min> but has been updated
  to work with policies introduced by <max> or earlier.
Call Stack (most recent call first):
  C:/Users/a.sordelet/source/repos/CMake_VCPKG/out/build/x64-debug/vcpkg_installed/vcpkg/blds/zlib/x64-windows-rel/CMakeFiles/3.31.2/CMakeSystem.cmake:6 (include)
  C:/Users/a.sordelet/source/repos/CMake_VCPKG/out/build/x64-debug/vcpkg_installed/vcpkg/blds/zlib/x64-windows-rel/CMakeFiles/CMakeScratch/TryCompile-9lhtwd/CMakeLists.txt:6 (project)


CMake Deprecation Warning at C:/Program Files/Microsoft Visual Studio/2022/Community/VC/vcpkg/scripts/buildsystems/vcpkg.cmake:878 (cmake_policy):
  Compatibility with CMake < 3.10 will be removed from a future version of
  CMake.

  Update the VERSION argument <min> value.  Or, use the <min>...<max> syntax
  to tell CMake that the project requires at least <min> but has been updated
  to work with policies introduced by <max> or earlier.
Call Stack (most recent call first):
  C:/Users/a.sordelet/source/repos/CMake_VCPKG/out/build/x64-debug/vcpkg_installed/vcpkg/blds/zlib/x64-windows-rel/CMakeFiles/3.31.2/CMakeSystem.cmake:6 (include)
  C:/Users/a.sordelet/source/repos/CMake_VCPKG/out/build/x64-debug/vcpkg_installed/vcpkg/blds/zlib/x64-windows-rel/CMakeFiles/CMakeScratch/TryCompile-9lhtwd/CMakeLists.txt:6 (project)


-- Looking for fseeko - not found
-- Looking for unistd.h
CMake Deprecation Warning at C:/Program Files/Microsoft Visual Studio/2022/Community/VC/vcpkg/scripts/buildsystems/vcpkg.cmake:40 (cmake_policy):
  Compatibility with CMake < 3.10 will be removed from a future version of
  CMake.

  Update the VERSION argument <min> value.  Or, use the <min>...<max> syntax
  to tell CMake that the project requires at least <min> but has been updated
  to work with policies introduced by <max> or earlier.
Call Stack (most recent call first):
  C:/Users/a.sordelet/source/repos/CMake_VCPKG/out/build/x64-debug/vcpkg_installed/vcpkg/blds/zlib/x64-windows-rel/CMakeFiles/3.31.2/CMakeSystem.cmake:6 (include)
  C:/Users/a.sordelet/source/repos/CMake_VCPKG/out/build/x64-debug/vcpkg_installed/vcpkg/blds/zlib/x64-windows-rel/CMakeFiles/CMakeScratch/TryCompile-uw3em6/CMakeLists.txt:6 (project)


CMake Deprecation Warning at C:/Program Files/Microsoft Visual Studio/2022/Community/VC/vcpkg/scripts/buildsystems/vcpkg.cmake:878 (cmake_policy):
  Compatibility with CMake < 3.10 will be removed from a future version of
  CMake.

  Update the VERSION argument <min> value.  Or, use the <min>...<max> syntax
  to tell CMake that the project requires at least <min> but has been updated
  to work with policies introduced by <max> or earlier.
Call Stack (most recent call first):
  C:/Users/a.sordelet/source/repos/CMake_VCPKG/out/build/x64-debug/vcpkg_installed/vcpkg/blds/zlib/x64-windows-rel/CMakeFiles/3.31.2/CMakeSystem.cmake:6 (include)
  C:/Users/a.sordelet/source/repos/CMake_VCPKG/out/build/x64-debug/vcpkg_installed/vcpkg/blds/zlib/x64-windows-rel/CMakeFiles/CMakeScratch/TryCompile-uw3em6/CMakeLists.txt:6 (project)


-- Looking for unistd.h - not found
-- Configuring done (1.8s)
-- Generating done (0.0s)
CMake Warning:
  Manually-specified variables were not used by the project:

    CMAKE_INSTALL_BINDIR
    CMAKE_INSTALL_LIBDIR
    FETCHCONTENT_FULLY_DISCONNECTED
    _VCPKG_ROOT_DIR


-- Build files have been written to: C:/Users/a.sordelet/source/repos/CMake_VCPKG/out/build/x64-debug/vcpkg_installed/vcpkg/blds/zlib/x64-windows-rel
[2/2] "C:/Program Files/CMake/bin/cmake.exe" -E chdir "../../x64-windows-dbg" "C:/Program Files/CMake/bin/cmake.exe" "C:/Users/a.sordelet/source/repos/CMake_VCPKG/out/build/x64-debug/vcpkg_installed/vcpkg/blds/zlib/src/v1.3.1-2e5db616bf.clean" "-G" "Ninja" "-DCMAKE_BUILD_TYPE=Debug" "-DCMAKE_INSTALL_PREFIX=C:/Users/a.sordelet/source/repos/CMake_VCPKG/out/build/x64-debug/vcpkg_installed/vcpkg/pkgs/zlib_x64-windows/debug" "-DFETCHCONTENT_FULLY_DISCONNECTED=ON" "-DSKIP_INSTALL_FILES=ON" "-DZLIB_BUILD_EXAMPLES=OFF" "-DCMAKE_MAKE_PROGRAM=C:/Program Files (x86)/Microsoft Visual Studio/2022/BuildTools/Common7/IDE/CommonExtensions/Microsoft/CMake/Ninja/ninja.exe" "-DBUILD_SHARED_LIBS=ON" "-DVCPKG_CHAINLOAD_TOOLCHAIN_FILE=C:/Program Files/Microsoft Visual Studio/2022/Community/VC/vcpkg/scripts/toolchains/windows.cmake" "-DVCPKG_TARGET_TRIPLET=x64-windows" "-DVCPKG_SET_CHARSET_FLAG=ON" "-DVCPKG_PLATFORM_TOOLSET=v143" "-DCMAKE_EXPORT_NO_PACKAGE_REGISTRY=ON" "-DCMAKE_FIND_PACKAGE_NO_PACKAGE_REGISTRY=ON" "-DCMAKE_FIND_PACKAGE_NO_SYSTEM_PACKAGE_REGISTRY=ON" "-DCMAKE_INSTALL_SYSTEM_RUNTIME_LIBS_SKIP=TRUE" "-DCMAKE_VERBOSE_MAKEFILE=ON" "-DVCPKG_APPLOCAL_DEPS=OFF" "-DCMAKE_TOOLCHAIN_FILE=C:/Program Files/Microsoft Visual Studio/2022/Community/VC/vcpkg/scripts/buildsystems/vcpkg.cmake" "-DCMAKE_ERROR_ON_ABSOLUTE_INSTALL_DESTINATION=ON" "-DVCPKG_CXX_FLAGS=" "-DVCPKG_CXX_FLAGS_RELEASE=" "-DVCPKG_CXX_FLAGS_DEBUG=" "-DVCPKG_C_FLAGS=" "-DVCPKG_C_FLAGS_RELEASE=" "-DVCPKG_C_FLAGS_DEBUG=" "-DVCPKG_CRT_LINKAGE=dynamic" "-DVCPKG_LINKER_FLAGS=" "-DVCPKG_LINKER_FLAGS_RELEASE=" "-DVCPKG_LINKER_FLAGS_DEBUG=" "-DVCPKG_TARGET_ARCHITECTURE=x64" "-DCMAKE_INSTALL_LIBDIR:STRING=lib" "-DCMAKE_INSTALL_BINDIR:STRING=bin" "-D_VCPKG_ROOT_DIR=C:/Program Files/Microsoft Visual Studio/2022/Community/VC/vcpkg" "-D_VCPKG_INSTALLED_DIR=C:/Users/a.sordelet/source/repos/CMake_VCPKG/out/build/x64-debug/vcpkg_installed" "-DVCPKG_MANIFEST_INSTALL=OFF" "-DSKIP_INSTALL_HEADERS=ON"
CMake Deprecation Warning at C:/Program Files/Microsoft Visual Studio/2022/Community/VC/vcpkg/scripts/buildsystems/vcpkg.cmake:40 (cmake_policy):
  Compatibility with CMake < 3.10 will be removed from a future version of
  CMake.

  Update the VERSION argument <min> value.  Or, use the <min>...<max> syntax
  to tell CMake that the project requires at least <min> but has been updated
  to work with policies introduced by <max> or earlier.
Call Stack (most recent call first):
  C:/Program Files/CMake/share/cmake-3.31/Modules/CMakeDetermineSystem.cmake:146 (include)
  CMakeLists.txt:4 (project)


CMake Deprecation Warning at C:/Program Files/Microsoft Visual Studio/2022/Community/VC/vcpkg/scripts/buildsystems/vcpkg.cmake:878 (cmake_policy):
  Compatibility with CMake < 3.10 will be removed from a future version of
  CMake.

  Update the VERSION argument <min> value.  Or, use the <min>...<max> syntax
  to tell CMake that the project requires at least <min> but has been updated
  to work with policies introduced by <max> or earlier.
Call Stack (most recent call first):
  C:/Program Files/CMake/share/cmake-3.31/Modules/CMakeDetermineSystem.cmake:146 (include)
  CMakeLists.txt:4 (project)


CMake Deprecation Warning at C:/Program Files/Microsoft Visual Studio/2022/Community/VC/vcpkg/scripts/buildsystems/vcpkg.cmake:40 (cmake_policy):
  Compatibility with CMake < 3.10 will be removed from a future version of
  CMake.

  Update the VERSION argument <min> value.  Or, use the <min>...<max> syntax
  to tell CMake that the project requires at least <min> but has been updated
  to work with policies introduced by <max> or earlier.
Call Stack (most recent call first):
  C:/Users/a.sordelet/source/repos/CMake_VCPKG/out/build/x64-debug/vcpkg_installed/vcpkg/blds/zlib/x64-windows-dbg/CMakeFiles/3.31.2/CMakeSystem.cmake:6 (include)
  CMakeLists.txt:4 (project)


-- The C compiler identification is MSVC 19.42.34435.0
-- Detecting C compiler ABI info
CMake Deprecation Warning at C:/Program Files/Microsoft Visual Studio/2022/Community/VC/vcpkg/scripts/buildsystems/vcpkg.cmake:40 (cmake_policy):
  Compatibility with CMake < 3.10 will be removed from a future version of
  CMake.

  Update the VERSION argument <min> value.  Or, use the <min>...<max> syntax
  to tell CMake that the project requires at least <min> but has been updated
  to work with policies introduced by <max> or earlier.
Call Stack (most recent call first):
  C:/Users/a.sordelet/source/repos/CMake_VCPKG/out/build/x64-debug/vcpkg_installed/vcpkg/blds/zlib/x64-windows-dbg/CMakeFiles/3.31.2/CMakeSystem.cmake:6 (include)
  C:/Users/a.sordelet/source/repos/CMake_VCPKG/out/build/x64-debug/vcpkg_installed/vcpkg/blds/zlib/x64-windows-dbg/CMakeFiles/CMakeScratch/TryCompile-zvzkqa/CMakeLists.txt:6 (project)


CMake Deprecation Warning at C:/Program Files/Microsoft Visual Studio/2022/Community/VC/vcpkg/scripts/buildsystems/vcpkg.cmake:878 (cmake_policy):
  Compatibility with CMake < 3.10 will be removed from a future version of
  CMake.

  Update the VERSION argument <min> value.  Or, use the <min>...<max> syntax
  to tell CMake that the project requires at least <min> but has been updated
  to work with policies introduced by <max> or earlier.
Call Stack (most recent call first):
  C:/Users/a.sordelet/source/repos/CMake_VCPKG/out/build/x64-debug/vcpkg_installed/vcpkg/blds/zlib/x64-windows-dbg/CMakeFiles/3.31.2/CMakeSystem.cmake:6 (include)
  C:/Users/a.sordelet/source/repos/CMake_VCPKG/out/build/x64-debug/vcpkg_installed/vcpkg/blds/zlib/x64-windows-dbg/CMakeFiles/CMakeScratch/TryCompile-zvzkqa/CMakeLists.txt:6 (project)


-- Detecting C compiler ABI info - done
-- Check for working C compiler: C:/Program Files (x86)/Microsoft Visual Studio/2022/BuildTools/VC/Tools/MSVC/14.42.34433/bin/Hostx64/x64/cl.exe - skipped
-- Detecting C compile features
-- Detecting C compile features - done
-- Looking for sys/types.h
CMake Deprecation Warning at C:/Program Files/Microsoft Visual Studio/2022/Community/VC/vcpkg/scripts/buildsystems/vcpkg.cmake:40 (cmake_policy):
  Compatibility with CMake < 3.10 will be removed from a future version of
  CMake.

  Update the VERSION argument <min> value.  Or, use the <min>...<max> syntax
  to tell CMake that the project requires at least <min> but has been updated
  to work with policies introduced by <max> or earlier.
Call Stack (most recent call first):
  C:/Users/a.sordelet/source/repos/CMake_VCPKG/out/build/x64-debug/vcpkg_installed/vcpkg/blds/zlib/x64-windows-dbg/CMakeFiles/3.31.2/CMakeSystem.cmake:6 (include)
  C:/Users/a.sordelet/source/repos/CMake_VCPKG/out/build/x64-debug/vcpkg_installed/vcpkg/blds/zlib/x64-windows-dbg/CMakeFiles/CMakeScratch/TryCompile-40kkir/CMakeLists.txt:6 (project)


CMake Deprecation Warning at C:/Program Files/Microsoft Visual Studio/2022/Community/VC/vcpkg/scripts/buildsystems/vcpkg.cmake:878 (cmake_policy):
  Compatibility with CMake < 3.10 will be removed from a future version of
  CMake.

  Update the VERSION argument <min> value.  Or, use the <min>...<max> syntax
  to tell CMake that the project requires at least <min> but has been updated
  to work with policies introduced by <max> or earlier.
Call Stack (most recent call first):
  C:/Users/a.sordelet/source/repos/CMake_VCPKG/out/build/x64-debug/vcpkg_installed/vcpkg/blds/zlib/x64-windows-dbg/CMakeFiles/3.31.2/CMakeSystem.cmake:6 (include)
  C:/Users/a.sordelet/source/repos/CMake_VCPKG/out/build/x64-debug/vcpkg_installed/vcpkg/blds/zlib/x64-windows-dbg/CMakeFiles/CMakeScratch/TryCompile-40kkir/CMakeLists.txt:6 (project)


-- Looking for sys/types.h - found
-- Looking for stdint.h
CMake Deprecation Warning at C:/Program Files/Microsoft Visual Studio/2022/Community/VC/vcpkg/scripts/buildsystems/vcpkg.cmake:40 (cmake_policy):
  Compatibility with CMake < 3.10 will be removed from a future version of
  CMake.

  Update the VERSION argument <min> value.  Or, use the <min>...<max> syntax
  to tell CMake that the project requires at least <min> but has been updated
  to work with policies introduced by <max> or earlier.
Call Stack (most recent call first):
  C:/Users/a.sordelet/source/repos/CMake_VCPKG/out/build/x64-debug/vcpkg_installed/vcpkg/blds/zlib/x64-windows-dbg/CMakeFiles/3.31.2/CMakeSystem.cmake:6 (include)
  C:/Users/a.sordelet/source/repos/CMake_VCPKG/out/build/x64-debug/vcpkg_installed/vcpkg/blds/zlib/x64-windows-dbg/CMakeFiles/CMakeScratch/TryCompile-srze5r/CMakeLists.txt:6 (project)


CMake Deprecation Warning at C:/Program Files/Microsoft Visual Studio/2022/Community/VC/vcpkg/scripts/buildsystems/vcpkg.cmake:878 (cmake_policy):
  Compatibility with CMake < 3.10 will be removed from a future version of
  CMake.

  Update the VERSION argument <min> value.  Or, use the <min>...<max> syntax
  to tell CMake that the project requires at least <min> but has been updated
  to work with policies introduced by <max> or earlier.
Call Stack (most recent call first):
  C:/Users/a.sordelet/source/repos/CMake_VCPKG/out/build/x64-debug/vcpkg_installed/vcpkg/blds/zlib/x64-windows-dbg/CMakeFiles/3.31.2/CMakeSystem.cmake:6 (include)
  C:/Users/a.sordelet/source/repos/CMake_VCPKG/out/build/x64-debug/vcpkg_installed/vcpkg/blds/zlib/x64-windows-dbg/CMakeFiles/CMakeScratch/TryCompile-srze5r/CMakeLists.txt:6 (project)


-- Looking for stdint.h - found
-- Looking for stddef.h
CMake Deprecation Warning at C:/Program Files/Microsoft Visual Studio/2022/Community/VC/vcpkg/scripts/buildsystems/vcpkg.cmake:40 (cmake_policy):
  Compatibility with CMake < 3.10 will be removed from a future version of
  CMake.

  Update the VERSION argument <min> value.  Or, use the <min>...<max> syntax
  to tell CMake that the project requires at least <min> but has been updated
  to work with policies introduced by <max> or earlier.
Call Stack (most recent call first):
  C:/Users/a.sordelet/source/repos/CMake_VCPKG/out/build/x64-debug/vcpkg_installed/vcpkg/blds/zlib/x64-windows-dbg/CMakeFiles/3.31.2/CMakeSystem.cmake:6 (include)
  C:/Users/a.sordelet/source/repos/CMake_VCPKG/out/build/x64-debug/vcpkg_installed/vcpkg/blds/zlib/x64-windows-dbg/CMakeFiles/CMakeScratch/TryCompile-7rg8b0/CMakeLists.txt:6 (project)


CMake Deprecation Warning at C:/Program Files/Microsoft Visual Studio/2022/Community/VC/vcpkg/scripts/buildsystems/vcpkg.cmake:878 (cmake_policy):
  Compatibility with CMake < 3.10 will be removed from a future version of
  CMake.

  Update the VERSION argument <min> value.  Or, use the <min>...<max> syntax
  to tell CMake that the project requires at least <min> but has been updated
  to work with policies introduced by <max> or earlier.
Call Stack (most recent call first):
  C:/Users/a.sordelet/source/repos/CMake_VCPKG/out/build/x64-debug/vcpkg_installed/vcpkg/blds/zlib/x64-windows-dbg/CMakeFiles/3.31.2/CMakeSystem.cmake:6 (include)
  C:/Users/a.sordelet/source/repos/CMake_VCPKG/out/build/x64-debug/vcpkg_installed/vcpkg/blds/zlib/x64-windows-dbg/CMakeFiles/CMakeScratch/TryCompile-7rg8b0/CMakeLists.txt:6 (project)


-- Looking for stddef.h - found
-- Check size of off64_t
CMake Deprecation Warning at C:/Program Files/Microsoft Visual Studio/2022/Community/VC/vcpkg/scripts/buildsystems/vcpkg.cmake:40 (cmake_policy):
  Compatibility with CMake < 3.10 will be removed from a future version of
  CMake.

  Update the VERSION argument <min> value.  Or, use the <min>...<max> syntax
  to tell CMake that the project requires at least <min> but has been updated
  to work with policies introduced by <max> or earlier.
Call Stack (most recent call first):
  C:/Users/a.sordelet/source/repos/CMake_VCPKG/out/build/x64-debug/vcpkg_installed/vcpkg/blds/zlib/x64-windows-dbg/CMakeFiles/3.31.2/CMakeSystem.cmake:6 (include)
  C:/Users/a.sordelet/source/repos/CMake_VCPKG/out/build/x64-debug/vcpkg_installed/vcpkg/blds/zlib/x64-windows-dbg/CMakeFiles/CMakeScratch/TryCompile-aa3wma/CMakeLists.txt:6 (project)


CMake Deprecation Warning at C:/Program Files/Microsoft Visual Studio/2022/Community/VC/vcpkg/scripts/buildsystems/vcpkg.cmake:878 (cmake_policy):
  Compatibility with CMake < 3.10 will be removed from a future version of
  CMake.

  Update the VERSION argument <min> value.  Or, use the <min>...<max> syntax
  to tell CMake that the project requires at least <min> but has been updated
  to work with policies introduced by <max> or earlier.
Call Stack (most recent call first):
  C:/Users/a.sordelet/source/repos/CMake_VCPKG/out/build/x64-debug/vcpkg_installed/vcpkg/blds/zlib/x64-windows-dbg/CMakeFiles/3.31.2/CMakeSystem.cmake:6 (include)
  C:/Users/a.sordelet/source/repos/CMake_VCPKG/out/build/x64-debug/vcpkg_installed/vcpkg/blds/zlib/x64-windows-dbg/CMakeFiles/CMakeScratch/TryCompile-aa3wma/CMakeLists.txt:6 (project)


-- Check size of off64_t - failed
-- Looking for fseeko
CMake Deprecation Warning at C:/Program Files/Microsoft Visual Studio/2022/Community/VC/vcpkg/scripts/buildsystems/vcpkg.cmake:40 (cmake_policy):
  Compatibility with CMake < 3.10 will be removed from a future version of
  CMake.

  Update the VERSION argument <min> value.  Or, use the <min>...<max> syntax
  to tell CMake that the project requires at least <min> but has been updated
  to work with policies introduced by <max> or earlier.
Call Stack (most recent call first):
  C:/Users/a.sordelet/source/repos/CMake_VCPKG/out/build/x64-debug/vcpkg_installed/vcpkg/blds/zlib/x64-windows-dbg/CMakeFiles/3.31.2/CMakeSystem.cmake:6 (include)
  C:/Users/a.sordelet/source/repos/CMake_VCPKG/out/build/x64-debug/vcpkg_installed/vcpkg/blds/zlib/x64-windows-dbg/CMakeFiles/CMakeScratch/TryCompile-ny0zwe/CMakeLists.txt:6 (project)


CMake Deprecation Warning at C:/Program Files/Microsoft Visual Studio/2022/Community/VC/vcpkg/scripts/buildsystems/vcpkg.cmake:878 (cmake_policy):
  Compatibility with CMake < 3.10 will be removed from a future version of
  CMake.

  Update the VERSION argument <min> value.  Or, use the <min>...<max> syntax
  to tell CMake that the project requires at least <min> but has been updated
  to work with policies introduced by <max> or earlier.
Call Stack (most recent call first):
  C:/Users/a.sordelet/source/repos/CMake_VCPKG/out/build/x64-debug/vcpkg_installed/vcpkg/blds/zlib/x64-windows-dbg/CMakeFiles/3.31.2/CMakeSystem.cmake:6 (include)
  C:/Users/a.sordelet/source/repos/CMake_VCPKG/out/build/x64-debug/vcpkg_installed/vcpkg/blds/zlib/x64-windows-dbg/CMakeFiles/CMakeScratch/TryCompile-ny0zwe/CMakeLists.txt:6 (project)


-- Looking for fseeko - not found
-- Looking for unistd.h
CMake Deprecation Warning at C:/Program Files/Microsoft Visual Studio/2022/Community/VC/vcpkg/scripts/buildsystems/vcpkg.cmake:40 (cmake_policy):
  Compatibility with CMake < 3.10 will be removed from a future version of
  CMake.

  Update the VERSION argument <min> value.  Or, use the <min>...<max> syntax
  to tell CMake that the project requires at least <min> but has been updated
  to work with policies introduced by <max> or earlier.
Call Stack (most recent call first):
  C:/Users/a.sordelet/source/repos/CMake_VCPKG/out/build/x64-debug/vcpkg_installed/vcpkg/blds/zlib/x64-windows-dbg/CMakeFiles/3.31.2/CMakeSystem.cmake:6 (include)
  C:/Users/a.sordelet/source/repos/CMake_VCPKG/out/build/x64-debug/vcpkg_installed/vcpkg/blds/zlib/x64-windows-dbg/CMakeFiles/CMakeScratch/TryCompile-dyakob/CMakeLists.txt:6 (project)


CMake Deprecation Warning at C:/Program Files/Microsoft Visual Studio/2022/Community/VC/vcpkg/scripts/buildsystems/vcpkg.cmake:878 (cmake_policy):
  Compatibility with CMake < 3.10 will be removed from a future version of
  CMake.

  Update the VERSION argument <min> value.  Or, use the <min>...<max> syntax
  to tell CMake that the project requires at least <min> but has been updated
  to work with policies introduced by <max> or earlier.
Call Stack (most recent call first):
  C:/Users/a.sordelet/source/repos/CMake_VCPKG/out/build/x64-debug/vcpkg_installed/vcpkg/blds/zlib/x64-windows-dbg/CMakeFiles/3.31.2/CMakeSystem.cmake:6 (include)
  C:/Users/a.sordelet/source/repos/CMake_VCPKG/out/build/x64-debug/vcpkg_installed/vcpkg/blds/zlib/x64-windows-dbg/CMakeFiles/CMakeScratch/TryCompile-dyakob/CMakeLists.txt:6 (project)


-- Looking for unistd.h - not found
-- Configuring done (1.8s)
-- Generating done (0.0s)
CMake Warning:
  Manually-specified variables were not used by the project:

    CMAKE_INSTALL_BINDIR
    CMAKE_INSTALL_LIBDIR
    FETCHCONTENT_FULLY_DISCONNECTED
    _VCPKG_ROOT_DIR


-- Build files have been written to: C:/Users/a.sordelet/source/repos/CMake_VCPKG/out/build/x64-debug/vcpkg_installed/vcpkg/blds/zlib/x64-windows-dbg
