[33;1mVERBOSE: Resolving base path C:/Users/a.sordelet/source/repos/CMake_VCPKG/out/build/x64-debug/vcpkg_installed/vcpkg/pkgs/brotli_x64-windows/tools/brotli/brotlidec.dll...[0m
[33;1mVERBOSE: Resolving C:/Users/a.sordelet/source/repos/CMake_VCPKG/out/build/x64-debug/vcpkg_installed/vcpkg/pkgs/brotli_x64-windows/tools/brotli/brotlidec.dll...[0m
[33;1mVERBOSE:   brotlicommon.dll: brotlicommon.dll not found in C:\Users\a.sordelet\source\repos\CMake_VCPKG\out\build\x64-debug\vcpkg_installed\x64-windows; locally deployed[0m
[33;1mVERBOSE: Resolving C:\Users\a.sordelet\source\repos\CMake_VCPKG\out\build\x64-debug\vcpkg_installed\vcpkg\pkgs\brotli_x64-windows\tools\brotli\brotlicommon.dll...[0m
[33;1mVERBOSE:   VCRUNTIME140.dll: C:\Users\a.sordelet\source\repos\CMake_VCPKG\out\build\x64-debug\vcpkg_installed\x64-windows\bin\VCRUNTIME140.dll not found[0m
[33;1mVERBOSE:   api-ms-win-crt-heap-l1-1-0.dll: C:\Users\a.sordelet\source\repos\CMake_VCPKG\out\build\x64-debug\vcpkg_installed\x64-windows\bin\api-ms-win-crt-heap-l1-1-0.dll not found[0m
[33;1mVERBOSE:   api-ms-win-crt-runtime-l1-1-0.dll: C:\Users\a.sordelet\source\repos\CMake_VCPKG\out\build\x64-debug\vcpkg_installed\x64-windows\bin\api-ms-win-crt-runtime-l1-1-0.dll not found[0m
[33;1mVERBOSE:   KERNEL32.dll: C:\Users\a.sordelet\source\repos\CMake_VCPKG\out\build\x64-debug\vcpkg_installed\x64-windows\bin\KERNEL32.dll not found[0m
[33;1mVERBOSE: Done Resolving C:\Users\a.sordelet\source\repos\CMake_VCPKG\out\build\x64-debug\vcpkg_installed\vcpkg\pkgs\brotli_x64-windows\tools\brotli\brotlicommon.dll.[0m
[33;1mVERBOSE:   VCRUNTIME140.dll: previously searched - Skip[0m
[33;1mVERBOSE:   api-ms-win-crt-heap-l1-1-0.dll: previously searched - Skip[0m
[33;1mVERBOSE:   api-ms-win-crt-runtime-l1-1-0.dll: previously searched - Skip[0m
[33;1mVERBOSE:   KERNEL32.dll: previously searched - Skip[0m
[33;1mVERBOSE: Done Resolving C:/Users/a.sordelet/source/repos/CMake_VCPKG/out/build/x64-debug/vcpkg_installed/vcpkg/pkgs/brotli_x64-windows/tools/brotli/brotlidec.dll.[0m
[33;1mVERBOSE: 
Name                           Value
----                           -----
KERNEL32.dll                   True
brotlicommon.dll               True
api-ms-win-crt-runtime-l1-1-0… True
api-ms-win-crt-heap-l1-1-0.dll True
VCRUNTIME140.dll               True

[0m
