-- Downloading https://gitlab.freedesktop.org//freetype/freetype/-/archive/VER-2-13-3/freetype-VER-2-13-3.tar.gz -> freetype-freetype-VER-2-13-3.tar.gz...
-- Extracting source C:/Users/a.sordelet/AppData/Local/vcpkg/downloads/freetype-freetype-VER-2-13-3.tar.gz
-- Applying patch 0003-Fix-UWP.patch
-- Applying patch brotli-static.patch
-- Applying patch bzip2.patch
-- Applying patch fix-exports.patch
-- Using source at C:/Users/a.sordelet/source/repos/CMake_VCPKG/out/build/x64-debug/vcpkg_installed/vcpkg/blds/freetype/src/VER-2-13-3-8b423a038b.clean
CMake Warning (dev) at scripts/cmake/vcpkg_find_acquire_program.cmake:70 (cmake_parse_arguments):
  The INTERPRETER keyword was followed by an empty string or no value at all.
  Policy CMP0174 is not set, so cmake_parse_arguments() will unset the
  arg_INTERPRETER variable rather than setting it to an empty string.
Call Stack (most recent call first):
  scripts/cmake/vcpkg_find_acquire_program.cmake:143 (z_vcpkg_find_acquire_program_find_internal)
  C:/Users/a.sordelet/source/repos/CMake_VCPKG/out/build/x64-debug/vcpkg_installed/x64-windows/share/vcpkg-cmake/vcpkg_cmake_configure.cmake:116 (vcpkg_find_acquire_program)
  C:/Users/a.sordelet/AppData/Local/vcpkg/registries/git-trees/8a2c633dcc14eaabdb31cf4637242f4e3c2f3fa2/portfile.cmake:36 (vcpkg_cmake_configure)
  scripts/ports.cmake:192 (include)
This warning is for project developers.  Use -Wno-dev to suppress it.

CMake Warning (dev) at scripts/cmake/vcpkg_find_acquire_program.cmake:30 (cmake_parse_arguments):
  The INTERPRETER keyword was followed by an empty string or no value at all.
  Policy CMP0174 is not set, so cmake_parse_arguments() will unset the
  arg_INTERPRETER variable rather than setting it to an empty string.
Call Stack (most recent call first):
  scripts/cmake/vcpkg_find_acquire_program.cmake:149 (z_vcpkg_find_acquire_program_find_external)
  C:/Users/a.sordelet/source/repos/CMake_VCPKG/out/build/x64-debug/vcpkg_installed/x64-windows/share/vcpkg-cmake/vcpkg_cmake_configure.cmake:116 (vcpkg_find_acquire_program)
  C:/Users/a.sordelet/AppData/Local/vcpkg/registries/git-trees/8a2c633dcc14eaabdb31cf4637242f4e3c2f3fa2/portfile.cmake:36 (vcpkg_cmake_configure)
  scripts/ports.cmake:192 (include)
This warning is for project developers.  Use -Wno-dev to suppress it.

-- Found external ninja('1.12.1').
-- Configuring x64-windows
-- Building x64-windows-dbg
-- Building x64-windows-rel
CMake Warning at scripts/cmake/vcpkg_copy_pdbs.cmake:44 (message):
  Could not find a matching pdb file for:

      C:/Users/a.sordelet/source/repos/CMake_VCPKG/out/build/x64-debug/vcpkg_installed/vcpkg/pkgs/freetype_x64-windows/bin/freetype.dll
      C:/Users/a.sordelet/source/repos/CMake_VCPKG/out/build/x64-debug/vcpkg_installed/vcpkg/pkgs/freetype_x64-windows/debug/bin/freetyped.dll

Call Stack (most recent call first):
  C:/Users/a.sordelet/AppData/Local/vcpkg/registries/git-trees/8a2c633dcc14eaabdb31cf4637242f4e3c2f3fa2/portfile.cmake:44 (vcpkg_copy_pdbs)
  scripts/ports.cmake:192 (include)


-- Fixing pkgconfig file: C:/Users/a.sordelet/source/repos/CMake_VCPKG/out/build/x64-debug/vcpkg_installed/vcpkg/pkgs/freetype_x64-windows/lib/pkgconfig/freetype2.pc
-- Using cached msys2-mingw-w64-x86_64-pkgconf-1~2.2.0-1-any.pkg.tar.zst.
-- Using cached msys2-msys2-runtime-3.5.3-3-x86_64.pkg.tar.zst.
-- Using msys root at C:/Users/a.sordelet/AppData/Local/vcpkg/downloads/tools/msys2/1e74ca60daa10104
CMake Warning (dev) at scripts/cmake/vcpkg_find_acquire_program.cmake:70 (cmake_parse_arguments):
  The INTERPRETER keyword was followed by an empty string or no value at all.
  Policy CMP0174 is not set, so cmake_parse_arguments() will unset the
  arg_INTERPRETER variable rather than setting it to an empty string.
Call Stack (most recent call first):
  scripts/cmake/vcpkg_find_acquire_program.cmake:143 (z_vcpkg_find_acquire_program_find_internal)
  scripts/cmake/vcpkg_fixup_pkgconfig.cmake:193 (vcpkg_find_acquire_program)
  C:/Users/a.sordelet/AppData/Local/vcpkg/registries/git-trees/8a2c633dcc14eaabdb31cf4637242f4e3c2f3fa2/portfile.cmake:77 (vcpkg_fixup_pkgconfig)
  scripts/ports.cmake:192 (include)
This warning is for project developers.  Use -Wno-dev to suppress it.

-- Fixing pkgconfig file: C:/Users/a.sordelet/source/repos/CMake_VCPKG/out/build/x64-debug/vcpkg_installed/vcpkg/pkgs/freetype_x64-windows/debug/lib/pkgconfig/freetype2.pc
-- Installing: C:/Users/a.sordelet/source/repos/CMake_VCPKG/out/build/x64-debug/vcpkg_installed/vcpkg/pkgs/freetype_x64-windows/share/freetype/usage
-- Exécution de la validation post-build
