
---
events:
  -
    kind: "message-v1"
    backtrace:
      - "C:/Program Files/CMake/share/cmake-3.31/Modules/CMakeDetermineSystem.cmake:205 (message)"
      - "CMakeLists.txt:65 (project)"
    message: |
      The system is: Windows - 10.0.22631 - AMD64
  -
    kind: "message-v1"
    backtrace:
      - "C:/Program Files/CMake/share/cmake-3.31/Modules/CMakeDetermineCompilerId.cmake:17 (message)"
      - "C:/Program Files/CMake/share/cmake-3.31/Modules/CMakeDetermineCompilerId.cmake:64 (__determine_compiler_id_test)"
      - "C:/Program Files/CMake/share/cmake-3.31/Modules/CMakeDetermineCCompiler.cmake:123 (CMAKE_DETERMINE_COMPILER_ID)"
      - "CMakeLists.txt:65 (project)"
    message: |
      Compiling the C compiler identification source file "CMakeCCompilerId.c" succeeded.
      Compiler: C:/Program Files (x86)/Microsoft Visual Studio/2022/BuildTools/VC/Tools/MSVC/14.42.34433/bin/Hostx64/x64/cl.exe 
      Build flags: /nologo;/DWIN32;/D_WINDOWS;/utf-8;/MP
      Id flags:  
      
      The output was:
      0
      CMakeCCompilerId.c
      
      
      Compilation of the C compiler identification source "CMakeCCompilerId.c" produced "CMakeCCompilerId.exe"
      
      Compilation of the C compiler identification source "CMakeCCompilerId.c" produced "CMakeCCompilerId.obj"
      
      The C compiler identification is MSVC, found in:
        C:/Users/a.sordelet/source/repos/CMake_VCPKG/out/build/x64-debug/vcpkg_installed/vcpkg/blds/openal-soft/x64-windows-dbg/CMakeFiles/3.31.2/CompilerIdC/CMakeCCompilerId.exe
      
  -
    kind: "message-v1"
    backtrace:
      - "C:/Program Files/CMake/share/cmake-3.31/Modules/CMakeDetermineCompilerId.cmake:1288 (message)"
      - "C:/Program Files/CMake/share/cmake-3.31/Modules/CMakeDetermineCompilerId.cmake:250 (CMAKE_DETERMINE_MSVC_SHOWINCLUDES_PREFIX)"
      - "C:/Program Files/CMake/share/cmake-3.31/Modules/CMakeDetermineCCompiler.cmake:123 (CMAKE_DETERMINE_COMPILER_ID)"
      - "CMakeLists.txt:65 (project)"
    message: |
      Detecting C compiler /showIncludes prefix:
        main.c
        Remarque : inclusion du fichier :  C:\\Users\\a.sordelet\\source\\repos\\CMake_VCPKG\\out\\build\\x64-debug\\vcpkg_installed\\vcpkg\\blds\\openal-soft\\x64-windows-dbg\\CMakeFiles\\ShowIncludes\\foo.h
        
      Found prefix "Remarque : inclusion du fichier :  "
  -
    kind: "message-v1"
    backtrace:
      - "C:/Program Files/CMake/share/cmake-3.31/Modules/CMakeDetermineCompilerId.cmake:17 (message)"
      - "C:/Program Files/CMake/share/cmake-3.31/Modules/CMakeDetermineCompilerId.cmake:64 (__determine_compiler_id_test)"
      - "C:/Program Files/CMake/share/cmake-3.31/Modules/CMakeDetermineCXXCompiler.cmake:126 (CMAKE_DETERMINE_COMPILER_ID)"
      - "CMakeLists.txt:65 (project)"
    message: |
      Compiling the CXX compiler identification source file "CMakeCXXCompilerId.cpp" succeeded.
      Compiler: C:/Program Files (x86)/Microsoft Visual Studio/2022/BuildTools/VC/Tools/MSVC/14.42.34433/bin/Hostx64/x64/cl.exe 
      Build flags: /nologo;/DWIN32;/D_WINDOWS;/utf-8;/GR;/EHsc;/MP
      Id flags:  
      
      The output was:
      0
      CMakeCXXCompilerId.cpp
      
      
      Compilation of the CXX compiler identification source "CMakeCXXCompilerId.cpp" produced "CMakeCXXCompilerId.exe"
      
      Compilation of the CXX compiler identification source "CMakeCXXCompilerId.cpp" produced "CMakeCXXCompilerId.obj"
      
      The CXX compiler identification is MSVC, found in:
        C:/Users/a.sordelet/source/repos/CMake_VCPKG/out/build/x64-debug/vcpkg_installed/vcpkg/blds/openal-soft/x64-windows-dbg/CMakeFiles/3.31.2/CompilerIdCXX/CMakeCXXCompilerId.exe
      
  -
    kind: "message-v1"
    backtrace:
      - "C:/Program Files/CMake/share/cmake-3.31/Modules/CMakeDetermineCompilerId.cmake:1288 (message)"
      - "C:/Program Files/CMake/share/cmake-3.31/Modules/CMakeDetermineCompilerId.cmake:250 (CMAKE_DETERMINE_MSVC_SHOWINCLUDES_PREFIX)"
      - "C:/Program Files/CMake/share/cmake-3.31/Modules/CMakeDetermineCXXCompiler.cmake:126 (CMAKE_DETERMINE_COMPILER_ID)"
      - "CMakeLists.txt:65 (project)"
    message: |
      Detecting CXX compiler /showIncludes prefix:
        main.c
        Remarque : inclusion du fichier :  C:\\Users\\a.sordelet\\source\\repos\\CMake_VCPKG\\out\\build\\x64-debug\\vcpkg_installed\\vcpkg\\blds\\openal-soft\\x64-windows-dbg\\CMakeFiles\\ShowIncludes\\foo.h
        
      Found prefix "Remarque : inclusion du fichier :  "
  -
    kind: "try_compile-v1"
    backtrace:
      - "C:/Program Files/CMake/share/cmake-3.31/Modules/CMakeDetermineCompilerABI.cmake:74 (try_compile)"
      - "C:/Program Files/CMake/share/cmake-3.31/Modules/CMakeTestCCompiler.cmake:26 (CMAKE_DETERMINE_COMPILER_ABI)"
      - "CMakeLists.txt:65 (project)"
    checks:
      - "Detecting C compiler ABI info"
    directories:
      source: "C:/Users/a.sordelet/source/repos/CMake_VCPKG/out/build/x64-debug/vcpkg_installed/vcpkg/blds/openal-soft/x64-windows-dbg/CMakeFiles/CMakeScratch/TryCompile-lhuzzh"
      binary: "C:/Users/a.sordelet/source/repos/CMake_VCPKG/out/build/x64-debug/vcpkg_installed/vcpkg/blds/openal-soft/x64-windows-dbg/CMakeFiles/CMakeScratch/TryCompile-lhuzzh"
    cmakeVariables:
      CMAKE_C_FLAGS: " /nologo /DWIN32 /D_WINDOWS /utf-8 /MP "
      CMAKE_C_FLAGS_DEBUG: "/D_DEBUG /MDd /Z7 /Ob0 /Od /RTC1 "
      CMAKE_EXE_LINKER_FLAGS: "/machine:x64"
      CMAKE_MSVC_DEBUG_INFORMATION_FORMAT: ""
      CMAKE_MSVC_RUNTIME_LIBRARY: "MultiThreaded$<$<CONFIG:Debug>:Debug>$<$<STREQUAL:dynamic,dynamic>:DLL>"
      VCPKG_CHAINLOAD_TOOLCHAIN_FILE: "C:/Program Files/Microsoft Visual Studio/2022/Community/VC/vcpkg/scripts/toolchains/windows.cmake"
      VCPKG_CRT_LINKAGE: "dynamic"
      VCPKG_CXX_FLAGS: ""
      VCPKG_CXX_FLAGS_DEBUG: ""
      VCPKG_CXX_FLAGS_RELEASE: ""
      VCPKG_C_FLAGS: ""
      VCPKG_C_FLAGS_DEBUG: ""
      VCPKG_C_FLAGS_RELEASE: ""
      VCPKG_INSTALLED_DIR: "C:/Users/a.sordelet/source/repos/CMake_VCPKG/out/build/x64-debug/vcpkg_installed"
      VCPKG_LINKER_FLAGS: ""
      VCPKG_LINKER_FLAGS_DEBUG: ""
      VCPKG_LINKER_FLAGS_RELEASE: ""
      VCPKG_PLATFORM_TOOLSET: "v143"
      VCPKG_PREFER_SYSTEM_LIBS: "OFF"
      VCPKG_SET_CHARSET_FLAG: "ON"
      VCPKG_TARGET_ARCHITECTURE: "x64"
      VCPKG_TARGET_TRIPLET: "x64-windows"
      Z_VCPKG_ROOT_DIR: "C:/Program Files/Microsoft Visual Studio/2022/Community/VC/vcpkg"
    buildResult:
      variable: "CMAKE_C_ABI_COMPILED"
      cached: true
      stdout: |
        Change Dir: 'C:/Users/a.sordelet/source/repos/CMake_VCPKG/out/build/x64-debug/vcpkg_installed/vcpkg/blds/openal-soft/x64-windows-dbg/CMakeFiles/CMakeScratch/TryCompile-lhuzzh'
        
        Run Build Command(s): "C:/Program Files (x86)/Microsoft Visual Studio/2022/BuildTools/Common7/IDE/CommonExtensions/Microsoft/CMake/Ninja/ninja.exe" -v cmTC_c3c10
        [1/2] C:\\PROGRA~2\\MICROS~2\\2022\\BUILDT~1\\VC\\Tools\\MSVC\\1442~1.344\\bin\\Hostx64\\x64\\cl.exe  /nologo   /nologo /DWIN32 /D_WINDOWS /utf-8 /MP   /D_DEBUG /MDd /Z7 /Ob0 /Od /RTC1 /showIncludes /FoCMakeFiles\\cmTC_c3c10.dir\\CMakeCCompilerABI.c.obj /FdCMakeFiles\\cmTC_c3c10.dir\\ /FS -c "C:\\Program Files\\CMake\\share\\cmake-3.31\\Modules\\CMakeCCompilerABI.c"
        [2/2] C:\\windows\\system32\\cmd.exe /C "cd . && "C:\\Program Files\\CMake\\bin\\cmake.exe" -E vs_link_exe --msvc-ver=1942 --intdir=CMakeFiles\\cmTC_c3c10.dir --rc=C:\\PROGRA~2\\WI3CF2~1\\10\\bin\\100261~1.0\\x64\\rc.exe --mt=C:\\PROGRA~2\\WI3CF2~1\\10\\bin\\100261~1.0\\x64\\mt.exe --manifests  -- C:\\PROGRA~2\\MICROS~2\\2022\\BUILDT~1\\VC\\Tools\\MSVC\\1442~1.344\\bin\\Hostx64\\x64\\link.exe /nologo CMakeFiles\\cmTC_c3c10.dir\\CMakeCCompilerABI.c.obj  /out:cmTC_c3c10.exe /implib:cmTC_c3c10.lib /pdb:cmTC_c3c10.pdb /version:0.0 /machine:x64  /nologo    /debug /INCREMENTAL /subsystem:console  kernel32.lib user32.lib gdi32.lib winspool.lib shell32.lib ole32.lib oleaut32.lib uuid.lib comdlg32.lib advapi32.lib && cd ."
        
      exitCode: 0
  -
    kind: "message-v1"
    backtrace:
      - "C:/Program Files/CMake/share/cmake-3.31/Modules/CMakeDetermineCompilerABI.cmake:218 (message)"
      - "C:/Program Files/CMake/share/cmake-3.31/Modules/CMakeTestCCompiler.cmake:26 (CMAKE_DETERMINE_COMPILER_ABI)"
      - "CMakeLists.txt:65 (project)"
    message: |
      Parsed C implicit link information:
        link line regex: [^( *|.*[/\\])(ld[0-9]*(\\.[a-z]+)?|link\\.exe|lld-link(\\.exe)?|CMAKE_LINK_STARTFILE-NOTFOUND|([^/\\]+-)?ld|collect2)[^/\\]*( |$)]
        linker tool regex: [^[ 	]*(->|")?[ 	]*(([^"]*[/\\])?(ld[0-9]*(\\.[a-z]+)?|link\\.exe|lld-link(\\.exe)?))("|,| |$)]
        linker tool for 'C': C:/PROGRA~2/MICROS~2/2022/BUILDT~1/VC/Tools/MSVC/1442~1.344/bin/Hostx64/x64/link.exe
        implicit libs: []
        implicit objs: []
        implicit dirs: []
        implicit fwks: []
      
      
  -
    kind: "message-v1"
    backtrace:
      - "C:/Program Files/CMake/share/cmake-3.31/Modules/Internal/CMakeDetermineLinkerId.cmake:40 (message)"
      - "C:/Program Files/CMake/share/cmake-3.31/Modules/CMakeDetermineCompilerABI.cmake:255 (cmake_determine_linker_id)"
      - "C:/Program Files/CMake/share/cmake-3.31/Modules/CMakeTestCCompiler.cmake:26 (CMAKE_DETERMINE_COMPILER_ABI)"
      - "CMakeLists.txt:65 (project)"
    message: |
      Running the C compiler's linker: "C:/PROGRA~2/MICROS~2/2022/BUILDT~1/VC/Tools/MSVC/1442~1.344/bin/Hostx64/x64/link.exe" "-v"
      Microsoft (R) Incremental Linker Version 14.42.34435.0
      Copyright (C) Microsoft Corporation.  All rights reserved.
  -
    kind: "try_compile-v1"
    backtrace:
      - "C:/Program Files/CMake/share/cmake-3.31/Modules/CMakeDetermineCompilerABI.cmake:74 (try_compile)"
      - "C:/Program Files/CMake/share/cmake-3.31/Modules/CMakeTestCXXCompiler.cmake:26 (CMAKE_DETERMINE_COMPILER_ABI)"
      - "CMakeLists.txt:65 (project)"
    checks:
      - "Detecting CXX compiler ABI info"
    directories:
      source: "C:/Users/a.sordelet/source/repos/CMake_VCPKG/out/build/x64-debug/vcpkg_installed/vcpkg/blds/openal-soft/x64-windows-dbg/CMakeFiles/CMakeScratch/TryCompile-frqlc0"
      binary: "C:/Users/a.sordelet/source/repos/CMake_VCPKG/out/build/x64-debug/vcpkg_installed/vcpkg/blds/openal-soft/x64-windows-dbg/CMakeFiles/CMakeScratch/TryCompile-frqlc0"
    cmakeVariables:
      CMAKE_CXX_FLAGS: " /nologo /DWIN32 /D_WINDOWS /utf-8 /GR /EHsc /MP "
      CMAKE_CXX_FLAGS_DEBUG: "/D_DEBUG /MDd /Z7 /Ob0 /Od /RTC1 "
      CMAKE_CXX_SCAN_FOR_MODULES: "OFF"
      CMAKE_EXE_LINKER_FLAGS: "/machine:x64"
      CMAKE_MSVC_DEBUG_INFORMATION_FORMAT: ""
      CMAKE_MSVC_RUNTIME_LIBRARY: "MultiThreaded$<$<CONFIG:Debug>:Debug>$<$<STREQUAL:dynamic,dynamic>:DLL>"
      VCPKG_CHAINLOAD_TOOLCHAIN_FILE: "C:/Program Files/Microsoft Visual Studio/2022/Community/VC/vcpkg/scripts/toolchains/windows.cmake"
      VCPKG_CRT_LINKAGE: "dynamic"
      VCPKG_CXX_FLAGS: ""
      VCPKG_CXX_FLAGS_DEBUG: ""
      VCPKG_CXX_FLAGS_RELEASE: ""
      VCPKG_C_FLAGS: ""
      VCPKG_C_FLAGS_DEBUG: ""
      VCPKG_C_FLAGS_RELEASE: ""
      VCPKG_INSTALLED_DIR: "C:/Users/a.sordelet/source/repos/CMake_VCPKG/out/build/x64-debug/vcpkg_installed"
      VCPKG_LINKER_FLAGS: ""
      VCPKG_LINKER_FLAGS_DEBUG: ""
      VCPKG_LINKER_FLAGS_RELEASE: ""
      VCPKG_PLATFORM_TOOLSET: "v143"
      VCPKG_PREFER_SYSTEM_LIBS: "OFF"
      VCPKG_SET_CHARSET_FLAG: "ON"
      VCPKG_TARGET_ARCHITECTURE: "x64"
      VCPKG_TARGET_TRIPLET: "x64-windows"
      Z_VCPKG_ROOT_DIR: "C:/Program Files/Microsoft Visual Studio/2022/Community/VC/vcpkg"
    buildResult:
      variable: "CMAKE_CXX_ABI_COMPILED"
      cached: true
      stdout: |
        Change Dir: 'C:/Users/a.sordelet/source/repos/CMake_VCPKG/out/build/x64-debug/vcpkg_installed/vcpkg/blds/openal-soft/x64-windows-dbg/CMakeFiles/CMakeScratch/TryCompile-frqlc0'
        
        Run Build Command(s): "C:/Program Files (x86)/Microsoft Visual Studio/2022/BuildTools/Common7/IDE/CommonExtensions/Microsoft/CMake/Ninja/ninja.exe" -v cmTC_54c01
        [1/2] C:\\PROGRA~2\\MICROS~2\\2022\\BUILDT~1\\VC\\Tools\\MSVC\\1442~1.344\\bin\\Hostx64\\x64\\cl.exe  /nologo /TP   /nologo /DWIN32 /D_WINDOWS /utf-8 /GR /EHsc /MP   /D_DEBUG /MDd /Z7 /Ob0 /Od /RTC1 /showIncludes /FoCMakeFiles\\cmTC_54c01.dir\\CMakeCXXCompilerABI.cpp.obj /FdCMakeFiles\\cmTC_54c01.dir\\ /FS -c "C:\\Program Files\\CMake\\share\\cmake-3.31\\Modules\\CMakeCXXCompilerABI.cpp"
        [2/2] C:\\windows\\system32\\cmd.exe /C "cd . && "C:\\Program Files\\CMake\\bin\\cmake.exe" -E vs_link_exe --msvc-ver=1942 --intdir=CMakeFiles\\cmTC_54c01.dir --rc=C:\\PROGRA~2\\WI3CF2~1\\10\\bin\\100261~1.0\\x64\\rc.exe --mt=C:\\PROGRA~2\\WI3CF2~1\\10\\bin\\100261~1.0\\x64\\mt.exe --manifests  -- C:\\PROGRA~2\\MICROS~2\\2022\\BUILDT~1\\VC\\Tools\\MSVC\\1442~1.344\\bin\\Hostx64\\x64\\link.exe /nologo CMakeFiles\\cmTC_54c01.dir\\CMakeCXXCompilerABI.cpp.obj  /out:cmTC_54c01.exe /implib:cmTC_54c01.lib /pdb:cmTC_54c01.pdb /version:0.0 /machine:x64  /nologo    /debug /INCREMENTAL /subsystem:console  kernel32.lib user32.lib gdi32.lib winspool.lib shell32.lib ole32.lib oleaut32.lib uuid.lib comdlg32.lib advapi32.lib && cd ."
        
      exitCode: 0
  -
    kind: "message-v1"
    backtrace:
      - "C:/Program Files/CMake/share/cmake-3.31/Modules/CMakeDetermineCompilerABI.cmake:218 (message)"
      - "C:/Program Files/CMake/share/cmake-3.31/Modules/CMakeTestCXXCompiler.cmake:26 (CMAKE_DETERMINE_COMPILER_ABI)"
      - "CMakeLists.txt:65 (project)"
    message: |
      Parsed CXX implicit link information:
        link line regex: [^( *|.*[/\\])(ld[0-9]*(\\.[a-z]+)?|link\\.exe|lld-link(\\.exe)?|CMAKE_LINK_STARTFILE-NOTFOUND|([^/\\]+-)?ld|collect2)[^/\\]*( |$)]
        linker tool regex: [^[ 	]*(->|")?[ 	]*(([^"]*[/\\])?(ld[0-9]*(\\.[a-z]+)?|link\\.exe|lld-link(\\.exe)?))("|,| |$)]
        linker tool for 'CXX': C:/PROGRA~2/MICROS~2/2022/BUILDT~1/VC/Tools/MSVC/1442~1.344/bin/Hostx64/x64/link.exe
        implicit libs: []
        implicit objs: []
        implicit dirs: []
        implicit fwks: []
      
      
  -
    kind: "message-v1"
    backtrace:
      - "C:/Program Files/CMake/share/cmake-3.31/Modules/Internal/CMakeDetermineLinkerId.cmake:40 (message)"
      - "C:/Program Files/CMake/share/cmake-3.31/Modules/CMakeDetermineCompilerABI.cmake:255 (cmake_determine_linker_id)"
      - "C:/Program Files/CMake/share/cmake-3.31/Modules/CMakeTestCXXCompiler.cmake:26 (CMAKE_DETERMINE_COMPILER_ABI)"
      - "CMakeLists.txt:65 (project)"
    message: |
      Running the CXX compiler's linker: "C:/PROGRA~2/MICROS~2/2022/BUILDT~1/VC/Tools/MSVC/1442~1.344/bin/Hostx64/x64/link.exe" "-v"
      Microsoft (R) Incremental Linker Version 14.42.34435.0
      Copyright (C) Microsoft Corporation.  All rights reserved.
  -
    kind: "try_compile-v1"
    backtrace:
      - "C:/Program Files/CMake/share/cmake-3.31/Modules/Internal/CheckSourceCompiles.cmake:108 (try_compile)"
      - "C:/Program Files/CMake/share/cmake-3.31/Modules/CheckCXXSourceCompiles.cmake:58 (cmake_check_source_compiles)"
      - "CMakeLists.txt:195 (check_cxx_source_compiles)"
    checks:
      - "Performing Test HAVE_STDC_FORMAT_MACROS"
    directories:
      source: "C:/Users/a.sordelet/source/repos/CMake_VCPKG/out/build/x64-debug/vcpkg_installed/vcpkg/blds/openal-soft/x64-windows-dbg/CMakeFiles/CMakeScratch/TryCompile-4gjfp5"
      binary: "C:/Users/a.sordelet/source/repos/CMake_VCPKG/out/build/x64-debug/vcpkg_installed/vcpkg/blds/openal-soft/x64-windows-dbg/CMakeFiles/CMakeScratch/TryCompile-4gjfp5"
    cmakeVariables:
      CMAKE_CXX_FLAGS: " /nologo /DWIN32 /D_WINDOWS /utf-8 /GR /EHsc /MP "
      CMAKE_CXX_FLAGS_DEBUG: "/D_DEBUG /MDd /Z7 /Ob0 /Od /RTC1 "
      CMAKE_EXE_LINKER_FLAGS: "/machine:x64"
      CMAKE_MODULE_PATH: "C:/Users/a.sordelet/source/repos/CMake_VCPKG/out/build/x64-debug/vcpkg_installed/vcpkg/blds/openal-soft/src/1.24.1-dd514aebad.clean/cmake"
      CMAKE_MSVC_DEBUG_INFORMATION_FORMAT: ""
      CMAKE_MSVC_RUNTIME_LIBRARY: "MultiThreaded$<$<CONFIG:Debug>:Debug>$<$<STREQUAL:dynamic,dynamic>:DLL>"
      VCPKG_CHAINLOAD_TOOLCHAIN_FILE: "C:/Program Files/Microsoft Visual Studio/2022/Community/VC/vcpkg/scripts/toolchains/windows.cmake"
      VCPKG_CRT_LINKAGE: "dynamic"
      VCPKG_CXX_FLAGS: ""
      VCPKG_CXX_FLAGS_DEBUG: ""
      VCPKG_CXX_FLAGS_RELEASE: ""
      VCPKG_C_FLAGS: ""
      VCPKG_C_FLAGS_DEBUG: ""
      VCPKG_C_FLAGS_RELEASE: ""
      VCPKG_INSTALLED_DIR: "C:/Users/a.sordelet/source/repos/CMake_VCPKG/out/build/x64-debug/vcpkg_installed"
      VCPKG_LINKER_FLAGS: ""
      VCPKG_LINKER_FLAGS_DEBUG: ""
      VCPKG_LINKER_FLAGS_RELEASE: ""
      VCPKG_PLATFORM_TOOLSET: "v143"
      VCPKG_PREFER_SYSTEM_LIBS: "OFF"
      VCPKG_SET_CHARSET_FLAG: "ON"
      VCPKG_TARGET_ARCHITECTURE: "x64"
      VCPKG_TARGET_TRIPLET: "x64-windows"
      Z_VCPKG_ROOT_DIR: "C:/Program Files/Microsoft Visual Studio/2022/Community/VC/vcpkg"
    buildResult:
      variable: "HAVE_STDC_FORMAT_MACROS"
      cached: true
      stdout: |
        Change Dir: 'C:/Users/a.sordelet/source/repos/CMake_VCPKG/out/build/x64-debug/vcpkg_installed/vcpkg/blds/openal-soft/x64-windows-dbg/CMakeFiles/CMakeScratch/TryCompile-4gjfp5'
        
        Run Build Command(s): "C:/Program Files (x86)/Microsoft Visual Studio/2022/BuildTools/Common7/IDE/CommonExtensions/Microsoft/CMake/Ninja/ninja.exe" -v cmTC_7f0f5
        [1/2] C:\\PROGRA~2\\MICROS~2\\2022\\BUILDT~1\\VC\\Tools\\MSVC\\1442~1.344\\bin\\Hostx64\\x64\\cl.exe  /nologo /TP -DHAVE_STDC_FORMAT_MACROS  /nologo /DWIN32 /D_WINDOWS /utf-8 /GR /EHsc /MP   /D_DEBUG /MDd /Z7 /Ob0 /Od /RTC1 /showIncludes /FoCMakeFiles\\cmTC_7f0f5.dir\\src.cxx.obj /FdCMakeFiles\\cmTC_7f0f5.dir\\ /FS -c C:\\Users\\a.sordelet\\source\\repos\\CMake_VCPKG\\out\\build\\x64-debug\\vcpkg_installed\\vcpkg\\blds\\openal-soft\\x64-windows-dbg\\CMakeFiles\\CMakeScratch\\TryCompile-4gjfp5\\src.cxx
        [2/2] C:\\windows\\system32\\cmd.exe /C "cd . && "C:\\Program Files\\CMake\\bin\\cmake.exe" -E vs_link_exe --msvc-ver=1942 --intdir=CMakeFiles\\cmTC_7f0f5.dir --rc=C:\\PROGRA~2\\WI3CF2~1\\10\\bin\\100261~1.0\\x64\\rc.exe --mt=C:\\PROGRA~2\\WI3CF2~1\\10\\bin\\100261~1.0\\x64\\mt.exe --manifests  -- C:\\PROGRA~2\\MICROS~2\\2022\\BUILDT~1\\VC\\Tools\\MSVC\\1442~1.344\\bin\\Hostx64\\x64\\link.exe /nologo CMakeFiles\\cmTC_7f0f5.dir\\src.cxx.obj  /out:cmTC_7f0f5.exe /implib:cmTC_7f0f5.lib /pdb:cmTC_7f0f5.pdb /version:0.0 /machine:x64  /nologo    /debug /INCREMENTAL /subsystem:console  kernel32.lib user32.lib gdi32.lib winspool.lib shell32.lib ole32.lib oleaut32.lib uuid.lib comdlg32.lib advapi32.lib && cd ."
        
      exitCode: 0
  -
    kind: "try_compile-v1"
    backtrace:
      - "C:/Program Files/CMake/share/cmake-3.31/Modules/Internal/CheckSourceCompiles.cmake:108 (try_compile)"
      - "C:/Program Files/CMake/share/cmake-3.31/Modules/CheckCXXSourceCompiles.cmake:58 (cmake_check_source_compiles)"
      - "CMakeLists.txt:210 (check_cxx_source_compiles)"
    checks:
      - "Performing Test HAVE_LIBATOMIC"
    directories:
      source: "C:/Users/a.sordelet/source/repos/CMake_VCPKG/out/build/x64-debug/vcpkg_installed/vcpkg/blds/openal-soft/x64-windows-dbg/CMakeFiles/CMakeScratch/TryCompile-s1zb7z"
      binary: "C:/Users/a.sordelet/source/repos/CMake_VCPKG/out/build/x64-debug/vcpkg_installed/vcpkg/blds/openal-soft/x64-windows-dbg/CMakeFiles/CMakeScratch/TryCompile-s1zb7z"
    cmakeVariables:
      CMAKE_CXX_FLAGS: " /nologo /DWIN32 /D_WINDOWS /utf-8 /GR /EHsc /MP "
      CMAKE_CXX_FLAGS_DEBUG: "/D_DEBUG /MDd /Z7 /Ob0 /Od /RTC1 "
      CMAKE_EXE_LINKER_FLAGS: "/machine:x64"
      CMAKE_MODULE_PATH: "C:/Users/a.sordelet/source/repos/CMake_VCPKG/out/build/x64-debug/vcpkg_installed/vcpkg/blds/openal-soft/src/1.24.1-dd514aebad.clean/cmake"
      CMAKE_MSVC_DEBUG_INFORMATION_FORMAT: ""
      CMAKE_MSVC_RUNTIME_LIBRARY: "MultiThreaded$<$<CONFIG:Debug>:Debug>$<$<STREQUAL:dynamic,dynamic>:DLL>"
      VCPKG_CHAINLOAD_TOOLCHAIN_FILE: "C:/Program Files/Microsoft Visual Studio/2022/Community/VC/vcpkg/scripts/toolchains/windows.cmake"
      VCPKG_CRT_LINKAGE: "dynamic"
      VCPKG_CXX_FLAGS: ""
      VCPKG_CXX_FLAGS_DEBUG: ""
      VCPKG_CXX_FLAGS_RELEASE: ""
      VCPKG_C_FLAGS: ""
      VCPKG_C_FLAGS_DEBUG: ""
      VCPKG_C_FLAGS_RELEASE: ""
      VCPKG_INSTALLED_DIR: "C:/Users/a.sordelet/source/repos/CMake_VCPKG/out/build/x64-debug/vcpkg_installed"
      VCPKG_LINKER_FLAGS: ""
      VCPKG_LINKER_FLAGS_DEBUG: ""
      VCPKG_LINKER_FLAGS_RELEASE: ""
      VCPKG_PLATFORM_TOOLSET: "v143"
      VCPKG_PREFER_SYSTEM_LIBS: "OFF"
      VCPKG_SET_CHARSET_FLAG: "ON"
      VCPKG_TARGET_ARCHITECTURE: "x64"
      VCPKG_TARGET_TRIPLET: "x64-windows"
      Z_VCPKG_ROOT_DIR: "C:/Program Files/Microsoft Visual Studio/2022/Community/VC/vcpkg"
    buildResult:
      variable: "HAVE_LIBATOMIC"
      cached: true
      stdout: |
        Change Dir: 'C:/Users/a.sordelet/source/repos/CMake_VCPKG/out/build/x64-debug/vcpkg_installed/vcpkg/blds/openal-soft/x64-windows-dbg/CMakeFiles/CMakeScratch/TryCompile-s1zb7z'
        
        Run Build Command(s): "C:/Program Files (x86)/Microsoft Visual Studio/2022/BuildTools/Common7/IDE/CommonExtensions/Microsoft/CMake/Ninja/ninja.exe" -v cmTC_d0f23
        [1/2] C:\\PROGRA~2\\MICROS~2\\2022\\BUILDT~1\\VC\\Tools\\MSVC\\1442~1.344\\bin\\Hostx64\\x64\\cl.exe  /nologo /TP -DHAVE_LIBATOMIC  /nologo /DWIN32 /D_WINDOWS /utf-8 /GR /EHsc /MP   /D_DEBUG /MDd /Z7 /Ob0 /Od /RTC1 /showIncludes /FoCMakeFiles\\cmTC_d0f23.dir\\src.cxx.obj /FdCMakeFiles\\cmTC_d0f23.dir\\ /FS -c C:\\Users\\a.sordelet\\source\\repos\\CMake_VCPKG\\out\\build\\x64-debug\\vcpkg_installed\\vcpkg\\blds\\openal-soft\\x64-windows-dbg\\CMakeFiles\\CMakeScratch\\TryCompile-s1zb7z\\src.cxx
        [2/2] C:\\windows\\system32\\cmd.exe /C "cd . && "C:\\Program Files\\CMake\\bin\\cmake.exe" -E vs_link_exe --msvc-ver=1942 --intdir=CMakeFiles\\cmTC_d0f23.dir --rc=C:\\PROGRA~2\\WI3CF2~1\\10\\bin\\100261~1.0\\x64\\rc.exe --mt=C:\\PROGRA~2\\WI3CF2~1\\10\\bin\\100261~1.0\\x64\\mt.exe --manifests  -- C:\\PROGRA~2\\MICROS~2\\2022\\BUILDT~1\\VC\\Tools\\MSVC\\1442~1.344\\bin\\Hostx64\\x64\\link.exe /nologo CMakeFiles\\cmTC_d0f23.dir\\src.cxx.obj  /out:cmTC_d0f23.exe /implib:cmTC_d0f23.lib /pdb:cmTC_d0f23.pdb /version:0.0 /machine:x64  /nologo    /debug /INCREMENTAL /subsystem:console  atomic.lib  kernel32.lib user32.lib gdi32.lib winspool.lib shell32.lib ole32.lib oleaut32.lib uuid.lib comdlg32.lib advapi32.lib && cd ."
        FAILED: cmTC_d0f23.exe 
        C:\\windows\\system32\\cmd.exe /C "cd . && "C:\\Program Files\\CMake\\bin\\cmake.exe" -E vs_link_exe --msvc-ver=1942 --intdir=CMakeFiles\\cmTC_d0f23.dir --rc=C:\\PROGRA~2\\WI3CF2~1\\10\\bin\\100261~1.0\\x64\\rc.exe --mt=C:\\PROGRA~2\\WI3CF2~1\\10\\bin\\100261~1.0\\x64\\mt.exe --manifests  -- C:\\PROGRA~2\\MICROS~2\\2022\\BUILDT~1\\VC\\Tools\\MSVC\\1442~1.344\\bin\\Hostx64\\x64\\link.exe /nologo CMakeFiles\\cmTC_d0f23.dir\\src.cxx.obj  /out:cmTC_d0f23.exe /implib:cmTC_d0f23.lib /pdb:cmTC_d0f23.pdb /version:0.0 /machine:x64  /nologo    /debug /INCREMENTAL /subsystem:console  atomic.lib  kernel32.lib user32.lib gdi32.lib winspool.lib shell32.lib ole32.lib oleaut32.lib uuid.lib comdlg32.lib advapi32.lib && cd ."
        LINK Pass 1: command "C:\\PROGRA~2\\MICROS~2\\2022\\BUILDT~1\\VC\\Tools\\MSVC\\1442~1.344\\bin\\Hostx64\\x64\\link.exe /nologo CMakeFiles\\cmTC_d0f23.dir\\src.cxx.obj /out:cmTC_d0f23.exe /implib:cmTC_d0f23.lib /pdb:cmTC_d0f23.pdb /version:0.0 /machine:x64 /nologo /debug /INCREMENTAL /subsystem:console atomic.lib kernel32.lib user32.lib gdi32.lib winspool.lib shell32.lib ole32.lib oleaut32.lib uuid.lib comdlg32.lib advapi32.lib /MANIFEST /MANIFESTFILE:CMakeFiles\\cmTC_d0f23.dir/intermediate.manifest CMakeFiles\\cmTC_d0f23.dir/manifest.res" failed (exit code 1104) with the following output:
        LINK : fatal error LNK1104: impossible d'ouvrir le fichier 'atomic.lib'\x0d
        ninja: build stopped: subcommand failed.
        
      exitCode: 1
  -
    kind: "try_compile-v1"
    backtrace:
      - "C:/Program Files/CMake/share/cmake-3.31/Modules/Internal/CheckSourceCompiles.cmake:108 (try_compile)"
      - "C:/Program Files/CMake/share/cmake-3.31/Modules/Internal/CheckCompilerFlag.cmake:18 (cmake_check_source_compiles)"
      - "C:/Program Files/CMake/share/cmake-3.31/Modules/CheckCXXCompilerFlag.cmake:55 (cmake_check_compiler_flag)"
      - "CMakeLists.txt:237 (check_cxx_compiler_flag)"
    checks:
      - "Performing Test HAVE_PERMISSIVE_SWITCH"
    directories:
      source: "C:/Users/a.sordelet/source/repos/CMake_VCPKG/out/build/x64-debug/vcpkg_installed/vcpkg/blds/openal-soft/x64-windows-dbg/CMakeFiles/CMakeScratch/TryCompile-302bcn"
      binary: "C:/Users/a.sordelet/source/repos/CMake_VCPKG/out/build/x64-debug/vcpkg_installed/vcpkg/blds/openal-soft/x64-windows-dbg/CMakeFiles/CMakeScratch/TryCompile-302bcn"
    cmakeVariables:
      CMAKE_CXX_FLAGS: " /nologo /DWIN32 /D_WINDOWS /utf-8 /GR /EHsc /MP "
      CMAKE_CXX_FLAGS_DEBUG: "/D_DEBUG /MDd /Z7 /Ob0 /Od /RTC1 "
      CMAKE_EXE_LINKER_FLAGS: "/machine:x64"
      CMAKE_MODULE_PATH: "C:/Users/a.sordelet/source/repos/CMake_VCPKG/out/build/x64-debug/vcpkg_installed/vcpkg/blds/openal-soft/src/1.24.1-dd514aebad.clean/cmake"
      CMAKE_MSVC_DEBUG_INFORMATION_FORMAT: ""
      CMAKE_MSVC_RUNTIME_LIBRARY: "MultiThreaded$<$<CONFIG:Debug>:Debug>$<$<STREQUAL:dynamic,dynamic>:DLL>"
      VCPKG_CHAINLOAD_TOOLCHAIN_FILE: "C:/Program Files/Microsoft Visual Studio/2022/Community/VC/vcpkg/scripts/toolchains/windows.cmake"
      VCPKG_CRT_LINKAGE: "dynamic"
      VCPKG_CXX_FLAGS: ""
      VCPKG_CXX_FLAGS_DEBUG: ""
      VCPKG_CXX_FLAGS_RELEASE: ""
      VCPKG_C_FLAGS: ""
      VCPKG_C_FLAGS_DEBUG: ""
      VCPKG_C_FLAGS_RELEASE: ""
      VCPKG_INSTALLED_DIR: "C:/Users/a.sordelet/source/repos/CMake_VCPKG/out/build/x64-debug/vcpkg_installed"
      VCPKG_LINKER_FLAGS: ""
      VCPKG_LINKER_FLAGS_DEBUG: ""
      VCPKG_LINKER_FLAGS_RELEASE: ""
      VCPKG_PLATFORM_TOOLSET: "v143"
      VCPKG_PREFER_SYSTEM_LIBS: "OFF"
      VCPKG_SET_CHARSET_FLAG: "ON"
      VCPKG_TARGET_ARCHITECTURE: "x64"
      VCPKG_TARGET_TRIPLET: "x64-windows"
      Z_VCPKG_ROOT_DIR: "C:/Program Files/Microsoft Visual Studio/2022/Community/VC/vcpkg"
    buildResult:
      variable: "HAVE_PERMISSIVE_SWITCH"
      cached: true
      stdout: |
        Change Dir: 'C:/Users/a.sordelet/source/repos/CMake_VCPKG/out/build/x64-debug/vcpkg_installed/vcpkg/blds/openal-soft/x64-windows-dbg/CMakeFiles/CMakeScratch/TryCompile-302bcn'
        
        Run Build Command(s): "C:/Program Files (x86)/Microsoft Visual Studio/2022/BuildTools/Common7/IDE/CommonExtensions/Microsoft/CMake/Ninja/ninja.exe" -v cmTC_e1d1a
        [1/2] C:\\PROGRA~2\\MICROS~2\\2022\\BUILDT~1\\VC\\Tools\\MSVC\\1442~1.344\\bin\\Hostx64\\x64\\cl.exe  /nologo /TP -DHAVE_PERMISSIVE_SWITCH  /nologo /DWIN32 /D_WINDOWS /utf-8 /GR /EHsc /MP   /D_DEBUG /MDd /Z7 /Ob0 /Od /RTC1    /permissive- /showIncludes /FoCMakeFiles\\cmTC_e1d1a.dir\\src.cxx.obj /FdCMakeFiles\\cmTC_e1d1a.dir\\ /FS -c C:\\Users\\a.sordelet\\source\\repos\\CMake_VCPKG\\out\\build\\x64-debug\\vcpkg_installed\\vcpkg\\blds\\openal-soft\\x64-windows-dbg\\CMakeFiles\\CMakeScratch\\TryCompile-302bcn\\src.cxx
        [2/2] C:\\windows\\system32\\cmd.exe /C "cd . && "C:\\Program Files\\CMake\\bin\\cmake.exe" -E vs_link_exe --msvc-ver=1942 --intdir=CMakeFiles\\cmTC_e1d1a.dir --rc=C:\\PROGRA~2\\WI3CF2~1\\10\\bin\\100261~1.0\\x64\\rc.exe --mt=C:\\PROGRA~2\\WI3CF2~1\\10\\bin\\100261~1.0\\x64\\mt.exe --manifests  -- C:\\PROGRA~2\\MICROS~2\\2022\\BUILDT~1\\VC\\Tools\\MSVC\\1442~1.344\\bin\\Hostx64\\x64\\link.exe /nologo CMakeFiles\\cmTC_e1d1a.dir\\src.cxx.obj  /out:cmTC_e1d1a.exe /implib:cmTC_e1d1a.lib /pdb:cmTC_e1d1a.pdb /version:0.0 /machine:x64  /nologo    /debug /INCREMENTAL /subsystem:console  kernel32.lib user32.lib gdi32.lib winspool.lib shell32.lib ole32.lib oleaut32.lib uuid.lib comdlg32.lib advapi32.lib && cd ."
        
      exitCode: 0
  -
    kind: "try_compile-v1"
    backtrace:
      - "C:/Program Files/CMake/share/cmake-3.31/Modules/CheckIncludeFile.cmake:99 (try_compile)"
      - "CMakeLists.txt:385 (check_include_file)"
    checks:
      - "Looking for xmmintrin.h"
    directories:
      source: "C:/Users/a.sordelet/source/repos/CMake_VCPKG/out/build/x64-debug/vcpkg_installed/vcpkg/blds/openal-soft/x64-windows-dbg/CMakeFiles/CMakeScratch/TryCompile-hs75xa"
      binary: "C:/Users/a.sordelet/source/repos/CMake_VCPKG/out/build/x64-debug/vcpkg_installed/vcpkg/blds/openal-soft/x64-windows-dbg/CMakeFiles/CMakeScratch/TryCompile-hs75xa"
    cmakeVariables:
      CMAKE_C_FLAGS: " /nologo /DWIN32 /D_WINDOWS /utf-8 /MP "
      CMAKE_C_FLAGS_DEBUG: "/D_DEBUG /MDd /Z7 /Ob0 /Od /RTC1 "
      CMAKE_EXE_LINKER_FLAGS: "/machine:x64"
      CMAKE_MODULE_PATH: "C:/Users/a.sordelet/source/repos/CMake_VCPKG/out/build/x64-debug/vcpkg_installed/vcpkg/blds/openal-soft/src/1.24.1-dd514aebad.clean/cmake"
      CMAKE_MSVC_DEBUG_INFORMATION_FORMAT: ""
      CMAKE_MSVC_RUNTIME_LIBRARY: "MultiThreaded$<$<CONFIG:Debug>:Debug>$<$<STREQUAL:dynamic,dynamic>:DLL>"
      VCPKG_CHAINLOAD_TOOLCHAIN_FILE: "C:/Program Files/Microsoft Visual Studio/2022/Community/VC/vcpkg/scripts/toolchains/windows.cmake"
      VCPKG_CRT_LINKAGE: "dynamic"
      VCPKG_CXX_FLAGS: ""
      VCPKG_CXX_FLAGS_DEBUG: ""
      VCPKG_CXX_FLAGS_RELEASE: ""
      VCPKG_C_FLAGS: ""
      VCPKG_C_FLAGS_DEBUG: ""
      VCPKG_C_FLAGS_RELEASE: ""
      VCPKG_INSTALLED_DIR: "C:/Users/a.sordelet/source/repos/CMake_VCPKG/out/build/x64-debug/vcpkg_installed"
      VCPKG_LINKER_FLAGS: ""
      VCPKG_LINKER_FLAGS_DEBUG: ""
      VCPKG_LINKER_FLAGS_RELEASE: ""
      VCPKG_PLATFORM_TOOLSET: "v143"
      VCPKG_PREFER_SYSTEM_LIBS: "OFF"
      VCPKG_SET_CHARSET_FLAG: "ON"
      VCPKG_TARGET_ARCHITECTURE: "x64"
      VCPKG_TARGET_TRIPLET: "x64-windows"
      Z_VCPKG_ROOT_DIR: "C:/Program Files/Microsoft Visual Studio/2022/Community/VC/vcpkg"
    buildResult:
      variable: "HAVE_XMMINTRIN_H"
      cached: true
      stdout: |
        Change Dir: 'C:/Users/a.sordelet/source/repos/CMake_VCPKG/out/build/x64-debug/vcpkg_installed/vcpkg/blds/openal-soft/x64-windows-dbg/CMakeFiles/CMakeScratch/TryCompile-hs75xa'
        
        Run Build Command(s): "C:/Program Files (x86)/Microsoft Visual Studio/2022/BuildTools/Common7/IDE/CommonExtensions/Microsoft/CMake/Ninja/ninja.exe" -v cmTC_e9fd3
        [1/2] C:\\PROGRA~2\\MICROS~2\\2022\\BUILDT~1\\VC\\Tools\\MSVC\\1442~1.344\\bin\\Hostx64\\x64\\cl.exe  /nologo   /nologo /DWIN32 /D_WINDOWS /utf-8 /MP   /D_DEBUG /MDd /Z7 /Ob0 /Od /RTC1 /showIncludes /FoCMakeFiles\\cmTC_e9fd3.dir\\CheckIncludeFile.c.obj /FdCMakeFiles\\cmTC_e9fd3.dir\\ /FS -c C:\\Users\\a.sordelet\\source\\repos\\CMake_VCPKG\\out\\build\\x64-debug\\vcpkg_installed\\vcpkg\\blds\\openal-soft\\x64-windows-dbg\\CMakeFiles\\CMakeScratch\\TryCompile-hs75xa\\CheckIncludeFile.c
        [2/2] C:\\windows\\system32\\cmd.exe /C "cd . && "C:\\Program Files\\CMake\\bin\\cmake.exe" -E vs_link_exe --msvc-ver=1942 --intdir=CMakeFiles\\cmTC_e9fd3.dir --rc=C:\\PROGRA~2\\WI3CF2~1\\10\\bin\\100261~1.0\\x64\\rc.exe --mt=C:\\PROGRA~2\\WI3CF2~1\\10\\bin\\100261~1.0\\x64\\mt.exe --manifests  -- C:\\PROGRA~2\\MICROS~2\\2022\\BUILDT~1\\VC\\Tools\\MSVC\\1442~1.344\\bin\\Hostx64\\x64\\link.exe /nologo CMakeFiles\\cmTC_e9fd3.dir\\CheckIncludeFile.c.obj  /out:cmTC_e9fd3.exe /implib:cmTC_e9fd3.lib /pdb:cmTC_e9fd3.pdb /version:0.0 /machine:x64  /nologo    /debug /INCREMENTAL /subsystem:console  kernel32.lib user32.lib gdi32.lib winspool.lib shell32.lib ole32.lib oleaut32.lib uuid.lib comdlg32.lib advapi32.lib && cd ."
        
      exitCode: 0
  -
    kind: "try_compile-v1"
    backtrace:
      - "C:/Program Files/CMake/share/cmake-3.31/Modules/CheckIncludeFile.cmake:99 (try_compile)"
      - "CMakeLists.txt:386 (check_include_file)"
    checks:
      - "Looking for emmintrin.h"
    directories:
      source: "C:/Users/a.sordelet/source/repos/CMake_VCPKG/out/build/x64-debug/vcpkg_installed/vcpkg/blds/openal-soft/x64-windows-dbg/CMakeFiles/CMakeScratch/TryCompile-64ofq2"
      binary: "C:/Users/a.sordelet/source/repos/CMake_VCPKG/out/build/x64-debug/vcpkg_installed/vcpkg/blds/openal-soft/x64-windows-dbg/CMakeFiles/CMakeScratch/TryCompile-64ofq2"
    cmakeVariables:
      CMAKE_C_FLAGS: " /nologo /DWIN32 /D_WINDOWS /utf-8 /MP "
      CMAKE_C_FLAGS_DEBUG: "/D_DEBUG /MDd /Z7 /Ob0 /Od /RTC1 "
      CMAKE_EXE_LINKER_FLAGS: "/machine:x64"
      CMAKE_MODULE_PATH: "C:/Users/a.sordelet/source/repos/CMake_VCPKG/out/build/x64-debug/vcpkg_installed/vcpkg/blds/openal-soft/src/1.24.1-dd514aebad.clean/cmake"
      CMAKE_MSVC_DEBUG_INFORMATION_FORMAT: ""
      CMAKE_MSVC_RUNTIME_LIBRARY: "MultiThreaded$<$<CONFIG:Debug>:Debug>$<$<STREQUAL:dynamic,dynamic>:DLL>"
      VCPKG_CHAINLOAD_TOOLCHAIN_FILE: "C:/Program Files/Microsoft Visual Studio/2022/Community/VC/vcpkg/scripts/toolchains/windows.cmake"
      VCPKG_CRT_LINKAGE: "dynamic"
      VCPKG_CXX_FLAGS: ""
      VCPKG_CXX_FLAGS_DEBUG: ""
      VCPKG_CXX_FLAGS_RELEASE: ""
      VCPKG_C_FLAGS: ""
      VCPKG_C_FLAGS_DEBUG: ""
      VCPKG_C_FLAGS_RELEASE: ""
      VCPKG_INSTALLED_DIR: "C:/Users/a.sordelet/source/repos/CMake_VCPKG/out/build/x64-debug/vcpkg_installed"
      VCPKG_LINKER_FLAGS: ""
      VCPKG_LINKER_FLAGS_DEBUG: ""
      VCPKG_LINKER_FLAGS_RELEASE: ""
      VCPKG_PLATFORM_TOOLSET: "v143"
      VCPKG_PREFER_SYSTEM_LIBS: "OFF"
      VCPKG_SET_CHARSET_FLAG: "ON"
      VCPKG_TARGET_ARCHITECTURE: "x64"
      VCPKG_TARGET_TRIPLET: "x64-windows"
      Z_VCPKG_ROOT_DIR: "C:/Program Files/Microsoft Visual Studio/2022/Community/VC/vcpkg"
    buildResult:
      variable: "HAVE_EMMINTRIN_H"
      cached: true
      stdout: |
        Change Dir: 'C:/Users/a.sordelet/source/repos/CMake_VCPKG/out/build/x64-debug/vcpkg_installed/vcpkg/blds/openal-soft/x64-windows-dbg/CMakeFiles/CMakeScratch/TryCompile-64ofq2'
        
        Run Build Command(s): "C:/Program Files (x86)/Microsoft Visual Studio/2022/BuildTools/Common7/IDE/CommonExtensions/Microsoft/CMake/Ninja/ninja.exe" -v cmTC_97107
        [1/2] C:\\PROGRA~2\\MICROS~2\\2022\\BUILDT~1\\VC\\Tools\\MSVC\\1442~1.344\\bin\\Hostx64\\x64\\cl.exe  /nologo   /nologo /DWIN32 /D_WINDOWS /utf-8 /MP   /D_DEBUG /MDd /Z7 /Ob0 /Od /RTC1 /showIncludes /FoCMakeFiles\\cmTC_97107.dir\\CheckIncludeFile.c.obj /FdCMakeFiles\\cmTC_97107.dir\\ /FS -c C:\\Users\\a.sordelet\\source\\repos\\CMake_VCPKG\\out\\build\\x64-debug\\vcpkg_installed\\vcpkg\\blds\\openal-soft\\x64-windows-dbg\\CMakeFiles\\CMakeScratch\\TryCompile-64ofq2\\CheckIncludeFile.c
        [2/2] C:\\windows\\system32\\cmd.exe /C "cd . && "C:\\Program Files\\CMake\\bin\\cmake.exe" -E vs_link_exe --msvc-ver=1942 --intdir=CMakeFiles\\cmTC_97107.dir --rc=C:\\PROGRA~2\\WI3CF2~1\\10\\bin\\100261~1.0\\x64\\rc.exe --mt=C:\\PROGRA~2\\WI3CF2~1\\10\\bin\\100261~1.0\\x64\\mt.exe --manifests  -- C:\\PROGRA~2\\MICROS~2\\2022\\BUILDT~1\\VC\\Tools\\MSVC\\1442~1.344\\bin\\Hostx64\\x64\\link.exe /nologo CMakeFiles\\cmTC_97107.dir\\CheckIncludeFile.c.obj  /out:cmTC_97107.exe /implib:cmTC_97107.lib /pdb:cmTC_97107.pdb /version:0.0 /machine:x64  /nologo    /debug /INCREMENTAL /subsystem:console  kernel32.lib user32.lib gdi32.lib winspool.lib shell32.lib ole32.lib oleaut32.lib uuid.lib comdlg32.lib advapi32.lib && cd ."
        
      exitCode: 0
  -
    kind: "try_compile-v1"
    backtrace:
      - "C:/Program Files/CMake/share/cmake-3.31/Modules/CheckIncludeFile.cmake:99 (try_compile)"
      - "CMakeLists.txt:387 (check_include_file)"
    checks:
      - "Looking for pmmintrin.h"
    directories:
      source: "C:/Users/a.sordelet/source/repos/CMake_VCPKG/out/build/x64-debug/vcpkg_installed/vcpkg/blds/openal-soft/x64-windows-dbg/CMakeFiles/CMakeScratch/TryCompile-xxx8pu"
      binary: "C:/Users/a.sordelet/source/repos/CMake_VCPKG/out/build/x64-debug/vcpkg_installed/vcpkg/blds/openal-soft/x64-windows-dbg/CMakeFiles/CMakeScratch/TryCompile-xxx8pu"
    cmakeVariables:
      CMAKE_C_FLAGS: " /nologo /DWIN32 /D_WINDOWS /utf-8 /MP "
      CMAKE_C_FLAGS_DEBUG: "/D_DEBUG /MDd /Z7 /Ob0 /Od /RTC1 "
      CMAKE_EXE_LINKER_FLAGS: "/machine:x64"
      CMAKE_MODULE_PATH: "C:/Users/a.sordelet/source/repos/CMake_VCPKG/out/build/x64-debug/vcpkg_installed/vcpkg/blds/openal-soft/src/1.24.1-dd514aebad.clean/cmake"
      CMAKE_MSVC_DEBUG_INFORMATION_FORMAT: ""
      CMAKE_MSVC_RUNTIME_LIBRARY: "MultiThreaded$<$<CONFIG:Debug>:Debug>$<$<STREQUAL:dynamic,dynamic>:DLL>"
      VCPKG_CHAINLOAD_TOOLCHAIN_FILE: "C:/Program Files/Microsoft Visual Studio/2022/Community/VC/vcpkg/scripts/toolchains/windows.cmake"
      VCPKG_CRT_LINKAGE: "dynamic"
      VCPKG_CXX_FLAGS: ""
      VCPKG_CXX_FLAGS_DEBUG: ""
      VCPKG_CXX_FLAGS_RELEASE: ""
      VCPKG_C_FLAGS: ""
      VCPKG_C_FLAGS_DEBUG: ""
      VCPKG_C_FLAGS_RELEASE: ""
      VCPKG_INSTALLED_DIR: "C:/Users/a.sordelet/source/repos/CMake_VCPKG/out/build/x64-debug/vcpkg_installed"
      VCPKG_LINKER_FLAGS: ""
      VCPKG_LINKER_FLAGS_DEBUG: ""
      VCPKG_LINKER_FLAGS_RELEASE: ""
      VCPKG_PLATFORM_TOOLSET: "v143"
      VCPKG_PREFER_SYSTEM_LIBS: "OFF"
      VCPKG_SET_CHARSET_FLAG: "ON"
      VCPKG_TARGET_ARCHITECTURE: "x64"
      VCPKG_TARGET_TRIPLET: "x64-windows"
      Z_VCPKG_ROOT_DIR: "C:/Program Files/Microsoft Visual Studio/2022/Community/VC/vcpkg"
    buildResult:
      variable: "HAVE_PMMINTRIN_H"
      cached: true
      stdout: |
        Change Dir: 'C:/Users/a.sordelet/source/repos/CMake_VCPKG/out/build/x64-debug/vcpkg_installed/vcpkg/blds/openal-soft/x64-windows-dbg/CMakeFiles/CMakeScratch/TryCompile-xxx8pu'
        
        Run Build Command(s): "C:/Program Files (x86)/Microsoft Visual Studio/2022/BuildTools/Common7/IDE/CommonExtensions/Microsoft/CMake/Ninja/ninja.exe" -v cmTC_19974
        [1/2] C:\\PROGRA~2\\MICROS~2\\2022\\BUILDT~1\\VC\\Tools\\MSVC\\1442~1.344\\bin\\Hostx64\\x64\\cl.exe  /nologo   /nologo /DWIN32 /D_WINDOWS /utf-8 /MP   /D_DEBUG /MDd /Z7 /Ob0 /Od /RTC1 /showIncludes /FoCMakeFiles\\cmTC_19974.dir\\CheckIncludeFile.c.obj /FdCMakeFiles\\cmTC_19974.dir\\ /FS -c C:\\Users\\a.sordelet\\source\\repos\\CMake_VCPKG\\out\\build\\x64-debug\\vcpkg_installed\\vcpkg\\blds\\openal-soft\\x64-windows-dbg\\CMakeFiles\\CMakeScratch\\TryCompile-xxx8pu\\CheckIncludeFile.c
        [2/2] C:\\windows\\system32\\cmd.exe /C "cd . && "C:\\Program Files\\CMake\\bin\\cmake.exe" -E vs_link_exe --msvc-ver=1942 --intdir=CMakeFiles\\cmTC_19974.dir --rc=C:\\PROGRA~2\\WI3CF2~1\\10\\bin\\100261~1.0\\x64\\rc.exe --mt=C:\\PROGRA~2\\WI3CF2~1\\10\\bin\\100261~1.0\\x64\\mt.exe --manifests  -- C:\\PROGRA~2\\MICROS~2\\2022\\BUILDT~1\\VC\\Tools\\MSVC\\1442~1.344\\bin\\Hostx64\\x64\\link.exe /nologo CMakeFiles\\cmTC_19974.dir\\CheckIncludeFile.c.obj  /out:cmTC_19974.exe /implib:cmTC_19974.lib /pdb:cmTC_19974.pdb /version:0.0 /machine:x64  /nologo    /debug /INCREMENTAL /subsystem:console  kernel32.lib user32.lib gdi32.lib winspool.lib shell32.lib ole32.lib oleaut32.lib uuid.lib comdlg32.lib advapi32.lib && cd ."
        
      exitCode: 0
  -
    kind: "try_compile-v1"
    backtrace:
      - "C:/Program Files/CMake/share/cmake-3.31/Modules/CheckIncludeFile.cmake:99 (try_compile)"
      - "CMakeLists.txt:388 (check_include_file)"
    checks:
      - "Looking for smmintrin.h"
    directories:
      source: "C:/Users/a.sordelet/source/repos/CMake_VCPKG/out/build/x64-debug/vcpkg_installed/vcpkg/blds/openal-soft/x64-windows-dbg/CMakeFiles/CMakeScratch/TryCompile-df0m3t"
      binary: "C:/Users/a.sordelet/source/repos/CMake_VCPKG/out/build/x64-debug/vcpkg_installed/vcpkg/blds/openal-soft/x64-windows-dbg/CMakeFiles/CMakeScratch/TryCompile-df0m3t"
    cmakeVariables:
      CMAKE_C_FLAGS: " /nologo /DWIN32 /D_WINDOWS /utf-8 /MP "
      CMAKE_C_FLAGS_DEBUG: "/D_DEBUG /MDd /Z7 /Ob0 /Od /RTC1 "
      CMAKE_EXE_LINKER_FLAGS: "/machine:x64"
      CMAKE_MODULE_PATH: "C:/Users/a.sordelet/source/repos/CMake_VCPKG/out/build/x64-debug/vcpkg_installed/vcpkg/blds/openal-soft/src/1.24.1-dd514aebad.clean/cmake"
      CMAKE_MSVC_DEBUG_INFORMATION_FORMAT: ""
      CMAKE_MSVC_RUNTIME_LIBRARY: "MultiThreaded$<$<CONFIG:Debug>:Debug>$<$<STREQUAL:dynamic,dynamic>:DLL>"
      VCPKG_CHAINLOAD_TOOLCHAIN_FILE: "C:/Program Files/Microsoft Visual Studio/2022/Community/VC/vcpkg/scripts/toolchains/windows.cmake"
      VCPKG_CRT_LINKAGE: "dynamic"
      VCPKG_CXX_FLAGS: ""
      VCPKG_CXX_FLAGS_DEBUG: ""
      VCPKG_CXX_FLAGS_RELEASE: ""
      VCPKG_C_FLAGS: ""
      VCPKG_C_FLAGS_DEBUG: ""
      VCPKG_C_FLAGS_RELEASE: ""
      VCPKG_INSTALLED_DIR: "C:/Users/a.sordelet/source/repos/CMake_VCPKG/out/build/x64-debug/vcpkg_installed"
      VCPKG_LINKER_FLAGS: ""
      VCPKG_LINKER_FLAGS_DEBUG: ""
      VCPKG_LINKER_FLAGS_RELEASE: ""
      VCPKG_PLATFORM_TOOLSET: "v143"
      VCPKG_PREFER_SYSTEM_LIBS: "OFF"
      VCPKG_SET_CHARSET_FLAG: "ON"
      VCPKG_TARGET_ARCHITECTURE: "x64"
      VCPKG_TARGET_TRIPLET: "x64-windows"
      Z_VCPKG_ROOT_DIR: "C:/Program Files/Microsoft Visual Studio/2022/Community/VC/vcpkg"
    buildResult:
      variable: "HAVE_SMMINTRIN_H"
      cached: true
      stdout: |
        Change Dir: 'C:/Users/a.sordelet/source/repos/CMake_VCPKG/out/build/x64-debug/vcpkg_installed/vcpkg/blds/openal-soft/x64-windows-dbg/CMakeFiles/CMakeScratch/TryCompile-df0m3t'
        
        Run Build Command(s): "C:/Program Files (x86)/Microsoft Visual Studio/2022/BuildTools/Common7/IDE/CommonExtensions/Microsoft/CMake/Ninja/ninja.exe" -v cmTC_edf17
        [1/2] C:\\PROGRA~2\\MICROS~2\\2022\\BUILDT~1\\VC\\Tools\\MSVC\\1442~1.344\\bin\\Hostx64\\x64\\cl.exe  /nologo   /nologo /DWIN32 /D_WINDOWS /utf-8 /MP   /D_DEBUG /MDd /Z7 /Ob0 /Od /RTC1 /showIncludes /FoCMakeFiles\\cmTC_edf17.dir\\CheckIncludeFile.c.obj /FdCMakeFiles\\cmTC_edf17.dir\\ /FS -c C:\\Users\\a.sordelet\\source\\repos\\CMake_VCPKG\\out\\build\\x64-debug\\vcpkg_installed\\vcpkg\\blds\\openal-soft\\x64-windows-dbg\\CMakeFiles\\CMakeScratch\\TryCompile-df0m3t\\CheckIncludeFile.c
        [2/2] C:\\windows\\system32\\cmd.exe /C "cd . && "C:\\Program Files\\CMake\\bin\\cmake.exe" -E vs_link_exe --msvc-ver=1942 --intdir=CMakeFiles\\cmTC_edf17.dir --rc=C:\\PROGRA~2\\WI3CF2~1\\10\\bin\\100261~1.0\\x64\\rc.exe --mt=C:\\PROGRA~2\\WI3CF2~1\\10\\bin\\100261~1.0\\x64\\mt.exe --manifests  -- C:\\PROGRA~2\\MICROS~2\\2022\\BUILDT~1\\VC\\Tools\\MSVC\\1442~1.344\\bin\\Hostx64\\x64\\link.exe /nologo CMakeFiles\\cmTC_edf17.dir\\CheckIncludeFile.c.obj  /out:cmTC_edf17.exe /implib:cmTC_edf17.lib /pdb:cmTC_edf17.pdb /version:0.0 /machine:x64  /nologo    /debug /INCREMENTAL /subsystem:console  kernel32.lib user32.lib gdi32.lib winspool.lib shell32.lib ole32.lib oleaut32.lib uuid.lib comdlg32.lib advapi32.lib && cd ."
        
      exitCode: 0
  -
    kind: "try_compile-v1"
    backtrace:
      - "C:/Program Files/CMake/share/cmake-3.31/Modules/CheckIncludeFile.cmake:99 (try_compile)"
      - "CMakeLists.txt:389 (check_include_file)"
    checks:
      - "Looking for arm_neon.h"
    directories:
      source: "C:/Users/a.sordelet/source/repos/CMake_VCPKG/out/build/x64-debug/vcpkg_installed/vcpkg/blds/openal-soft/x64-windows-dbg/CMakeFiles/CMakeScratch/TryCompile-qldctt"
      binary: "C:/Users/a.sordelet/source/repos/CMake_VCPKG/out/build/x64-debug/vcpkg_installed/vcpkg/blds/openal-soft/x64-windows-dbg/CMakeFiles/CMakeScratch/TryCompile-qldctt"
    cmakeVariables:
      CMAKE_C_FLAGS: " /nologo /DWIN32 /D_WINDOWS /utf-8 /MP "
      CMAKE_C_FLAGS_DEBUG: "/D_DEBUG /MDd /Z7 /Ob0 /Od /RTC1 "
      CMAKE_EXE_LINKER_FLAGS: "/machine:x64"
      CMAKE_MODULE_PATH: "C:/Users/a.sordelet/source/repos/CMake_VCPKG/out/build/x64-debug/vcpkg_installed/vcpkg/blds/openal-soft/src/1.24.1-dd514aebad.clean/cmake"
      CMAKE_MSVC_DEBUG_INFORMATION_FORMAT: ""
      CMAKE_MSVC_RUNTIME_LIBRARY: "MultiThreaded$<$<CONFIG:Debug>:Debug>$<$<STREQUAL:dynamic,dynamic>:DLL>"
      VCPKG_CHAINLOAD_TOOLCHAIN_FILE: "C:/Program Files/Microsoft Visual Studio/2022/Community/VC/vcpkg/scripts/toolchains/windows.cmake"
      VCPKG_CRT_LINKAGE: "dynamic"
      VCPKG_CXX_FLAGS: ""
      VCPKG_CXX_FLAGS_DEBUG: ""
      VCPKG_CXX_FLAGS_RELEASE: ""
      VCPKG_C_FLAGS: ""
      VCPKG_C_FLAGS_DEBUG: ""
      VCPKG_C_FLAGS_RELEASE: ""
      VCPKG_INSTALLED_DIR: "C:/Users/a.sordelet/source/repos/CMake_VCPKG/out/build/x64-debug/vcpkg_installed"
      VCPKG_LINKER_FLAGS: ""
      VCPKG_LINKER_FLAGS_DEBUG: ""
      VCPKG_LINKER_FLAGS_RELEASE: ""
      VCPKG_PLATFORM_TOOLSET: "v143"
      VCPKG_PREFER_SYSTEM_LIBS: "OFF"
      VCPKG_SET_CHARSET_FLAG: "ON"
      VCPKG_TARGET_ARCHITECTURE: "x64"
      VCPKG_TARGET_TRIPLET: "x64-windows"
      Z_VCPKG_ROOT_DIR: "C:/Program Files/Microsoft Visual Studio/2022/Community/VC/vcpkg"
    buildResult:
      variable: "HAVE_ARM_NEON_H"
      cached: true
      stdout: |
        Change Dir: 'C:/Users/a.sordelet/source/repos/CMake_VCPKG/out/build/x64-debug/vcpkg_installed/vcpkg/blds/openal-soft/x64-windows-dbg/CMakeFiles/CMakeScratch/TryCompile-qldctt'
        
        Run Build Command(s): "C:/Program Files (x86)/Microsoft Visual Studio/2022/BuildTools/Common7/IDE/CommonExtensions/Microsoft/CMake/Ninja/ninja.exe" -v cmTC_c2c5d
        [1/2] C:\\PROGRA~2\\MICROS~2\\2022\\BUILDT~1\\VC\\Tools\\MSVC\\1442~1.344\\bin\\Hostx64\\x64\\cl.exe  /nologo   /nologo /DWIN32 /D_WINDOWS /utf-8 /MP   /D_DEBUG /MDd /Z7 /Ob0 /Od /RTC1 /showIncludes /FoCMakeFiles\\cmTC_c2c5d.dir\\CheckIncludeFile.c.obj /FdCMakeFiles\\cmTC_c2c5d.dir\\ /FS -c C:\\Users\\a.sordelet\\source\\repos\\CMake_VCPKG\\out\\build\\x64-debug\\vcpkg_installed\\vcpkg\\blds\\openal-soft\\x64-windows-dbg\\CMakeFiles\\CMakeScratch\\TryCompile-qldctt\\CheckIncludeFile.c
        FAILED: CMakeFiles/cmTC_c2c5d.dir/CheckIncludeFile.c.obj 
        C:\\PROGRA~2\\MICROS~2\\2022\\BUILDT~1\\VC\\Tools\\MSVC\\1442~1.344\\bin\\Hostx64\\x64\\cl.exe  /nologo   /nologo /DWIN32 /D_WINDOWS /utf-8 /MP   /D_DEBUG /MDd /Z7 /Ob0 /Od /RTC1 /showIncludes /FoCMakeFiles\\cmTC_c2c5d.dir\\CheckIncludeFile.c.obj /FdCMakeFiles\\cmTC_c2c5d.dir\\ /FS -c C:\\Users\\a.sordelet\\source\\repos\\CMake_VCPKG\\out\\build\\x64-debug\\vcpkg_installed\\vcpkg\\blds\\openal-soft\\x64-windows-dbg\\CMakeFiles\\CMakeScratch\\TryCompile-qldctt\\CheckIncludeFile.c
        C:\\Program Files (x86)\\Microsoft Visual Studio\\2022\\BuildTools\\VC\\Tools\\MSVC\\14.42.34433\\include\\arm_neon.h(21): fatal error C1189: #error:  This header is specific to ARM targets
        ninja: build stopped: subcommand failed.
        
      exitCode: 1
  -
    kind: "try_compile-v1"
    backtrace:
      - "C:/Program Files/CMake/share/cmake-3.31/Modules/Internal/CheckSourceCompiles.cmake:108 (try_compile)"
      - "C:/Program Files/CMake/share/cmake-3.31/Modules/CheckCSourceCompiles.cmake:58 (cmake_check_source_compiles)"
      - "CMakeLists.txt:489 (check_c_source_compiles)"
    checks:
      - "Performing Test HAVE_SSE_INTRINSICS"
    directories:
      source: "C:/Users/a.sordelet/source/repos/CMake_VCPKG/out/build/x64-debug/vcpkg_installed/vcpkg/blds/openal-soft/x64-windows-dbg/CMakeFiles/CMakeScratch/TryCompile-94ft45"
      binary: "C:/Users/a.sordelet/source/repos/CMake_VCPKG/out/build/x64-debug/vcpkg_installed/vcpkg/blds/openal-soft/x64-windows-dbg/CMakeFiles/CMakeScratch/TryCompile-94ft45"
    cmakeVariables:
      CMAKE_C_FLAGS: " /nologo /DWIN32 /D_WINDOWS /utf-8 /MP "
      CMAKE_C_FLAGS_DEBUG: "/D_DEBUG /MDd /Z7 /Ob0 /Od /RTC1 "
      CMAKE_EXE_LINKER_FLAGS: "/machine:x64"
      CMAKE_MODULE_PATH: "C:/Users/a.sordelet/source/repos/CMake_VCPKG/out/build/x64-debug/vcpkg_installed/vcpkg/blds/openal-soft/src/1.24.1-dd514aebad.clean/cmake"
      CMAKE_MSVC_DEBUG_INFORMATION_FORMAT: ""
      CMAKE_MSVC_RUNTIME_LIBRARY: "MultiThreaded$<$<CONFIG:Debug>:Debug>$<$<STREQUAL:dynamic,dynamic>:DLL>"
      VCPKG_CHAINLOAD_TOOLCHAIN_FILE: "C:/Program Files/Microsoft Visual Studio/2022/Community/VC/vcpkg/scripts/toolchains/windows.cmake"
      VCPKG_CRT_LINKAGE: "dynamic"
      VCPKG_CXX_FLAGS: ""
      VCPKG_CXX_FLAGS_DEBUG: ""
      VCPKG_CXX_FLAGS_RELEASE: ""
      VCPKG_C_FLAGS: ""
      VCPKG_C_FLAGS_DEBUG: ""
      VCPKG_C_FLAGS_RELEASE: ""
      VCPKG_INSTALLED_DIR: "C:/Users/a.sordelet/source/repos/CMake_VCPKG/out/build/x64-debug/vcpkg_installed"
      VCPKG_LINKER_FLAGS: ""
      VCPKG_LINKER_FLAGS_DEBUG: ""
      VCPKG_LINKER_FLAGS_RELEASE: ""
      VCPKG_PLATFORM_TOOLSET: "v143"
      VCPKG_PREFER_SYSTEM_LIBS: "OFF"
      VCPKG_SET_CHARSET_FLAG: "ON"
      VCPKG_TARGET_ARCHITECTURE: "x64"
      VCPKG_TARGET_TRIPLET: "x64-windows"
      Z_VCPKG_ROOT_DIR: "C:/Program Files/Microsoft Visual Studio/2022/Community/VC/vcpkg"
    buildResult:
      variable: "HAVE_SSE_INTRINSICS"
      cached: true
      stdout: |
        Change Dir: 'C:/Users/a.sordelet/source/repos/CMake_VCPKG/out/build/x64-debug/vcpkg_installed/vcpkg/blds/openal-soft/x64-windows-dbg/CMakeFiles/CMakeScratch/TryCompile-94ft45'
        
        Run Build Command(s): "C:/Program Files (x86)/Microsoft Visual Studio/2022/BuildTools/Common7/IDE/CommonExtensions/Microsoft/CMake/Ninja/ninja.exe" -v cmTC_b3546
        [1/2] C:\\PROGRA~2\\MICROS~2\\2022\\BUILDT~1\\VC\\Tools\\MSVC\\1442~1.344\\bin\\Hostx64\\x64\\cl.exe  /nologo -DHAVE_SSE_INTRINSICS  /nologo /DWIN32 /D_WINDOWS /utf-8 /MP   /D_DEBUG /MDd /Z7 /Ob0 /Od /RTC1 /showIncludes /FoCMakeFiles\\cmTC_b3546.dir\\src.c.obj /FdCMakeFiles\\cmTC_b3546.dir\\ /FS -c C:\\Users\\a.sordelet\\source\\repos\\CMake_VCPKG\\out\\build\\x64-debug\\vcpkg_installed\\vcpkg\\blds\\openal-soft\\x64-windows-dbg\\CMakeFiles\\CMakeScratch\\TryCompile-94ft45\\src.c
        [2/2] C:\\windows\\system32\\cmd.exe /C "cd . && "C:\\Program Files\\CMake\\bin\\cmake.exe" -E vs_link_exe --msvc-ver=1942 --intdir=CMakeFiles\\cmTC_b3546.dir --rc=C:\\PROGRA~2\\WI3CF2~1\\10\\bin\\100261~1.0\\x64\\rc.exe --mt=C:\\PROGRA~2\\WI3CF2~1\\10\\bin\\100261~1.0\\x64\\mt.exe --manifests  -- C:\\PROGRA~2\\MICROS~2\\2022\\BUILDT~1\\VC\\Tools\\MSVC\\1442~1.344\\bin\\Hostx64\\x64\\link.exe /nologo CMakeFiles\\cmTC_b3546.dir\\src.c.obj  /out:cmTC_b3546.exe /implib:cmTC_b3546.lib /pdb:cmTC_b3546.pdb /version:0.0 /machine:x64  /nologo    /debug /INCREMENTAL /subsystem:console  kernel32.lib user32.lib gdi32.lib winspool.lib shell32.lib ole32.lib oleaut32.lib uuid.lib comdlg32.lib advapi32.lib && cd ."
        
      exitCode: 0
  -
    kind: "try_compile-v1"
    backtrace:
      - "C:/Program Files/CMake/share/cmake-3.31/Modules/CheckIncludeFile.cmake:99 (try_compile)"
      - "CMakeLists.txt:496 (check_include_file)"
    checks:
      - "Looking for cpuid.h"
    directories:
      source: "C:/Users/a.sordelet/source/repos/CMake_VCPKG/out/build/x64-debug/vcpkg_installed/vcpkg/blds/openal-soft/x64-windows-dbg/CMakeFiles/CMakeScratch/TryCompile-7lwa75"
      binary: "C:/Users/a.sordelet/source/repos/CMake_VCPKG/out/build/x64-debug/vcpkg_installed/vcpkg/blds/openal-soft/x64-windows-dbg/CMakeFiles/CMakeScratch/TryCompile-7lwa75"
    cmakeVariables:
      CMAKE_C_FLAGS: " /nologo /DWIN32 /D_WINDOWS /utf-8 /MP "
      CMAKE_C_FLAGS_DEBUG: "/D_DEBUG /MDd /Z7 /Ob0 /Od /RTC1 "
      CMAKE_EXE_LINKER_FLAGS: "/machine:x64"
      CMAKE_MODULE_PATH: "C:/Users/a.sordelet/source/repos/CMake_VCPKG/out/build/x64-debug/vcpkg_installed/vcpkg/blds/openal-soft/src/1.24.1-dd514aebad.clean/cmake"
      CMAKE_MSVC_DEBUG_INFORMATION_FORMAT: ""
      CMAKE_MSVC_RUNTIME_LIBRARY: "MultiThreaded$<$<CONFIG:Debug>:Debug>$<$<STREQUAL:dynamic,dynamic>:DLL>"
      VCPKG_CHAINLOAD_TOOLCHAIN_FILE: "C:/Program Files/Microsoft Visual Studio/2022/Community/VC/vcpkg/scripts/toolchains/windows.cmake"
      VCPKG_CRT_LINKAGE: "dynamic"
      VCPKG_CXX_FLAGS: ""
      VCPKG_CXX_FLAGS_DEBUG: ""
      VCPKG_CXX_FLAGS_RELEASE: ""
      VCPKG_C_FLAGS: ""
      VCPKG_C_FLAGS_DEBUG: ""
      VCPKG_C_FLAGS_RELEASE: ""
      VCPKG_INSTALLED_DIR: "C:/Users/a.sordelet/source/repos/CMake_VCPKG/out/build/x64-debug/vcpkg_installed"
      VCPKG_LINKER_FLAGS: ""
      VCPKG_LINKER_FLAGS_DEBUG: ""
      VCPKG_LINKER_FLAGS_RELEASE: ""
      VCPKG_PLATFORM_TOOLSET: "v143"
      VCPKG_PREFER_SYSTEM_LIBS: "OFF"
      VCPKG_SET_CHARSET_FLAG: "ON"
      VCPKG_TARGET_ARCHITECTURE: "x64"
      VCPKG_TARGET_TRIPLET: "x64-windows"
      Z_VCPKG_ROOT_DIR: "C:/Program Files/Microsoft Visual Studio/2022/Community/VC/vcpkg"
    buildResult:
      variable: "HAVE_CPUID_H"
      cached: true
      stdout: |
        Change Dir: 'C:/Users/a.sordelet/source/repos/CMake_VCPKG/out/build/x64-debug/vcpkg_installed/vcpkg/blds/openal-soft/x64-windows-dbg/CMakeFiles/CMakeScratch/TryCompile-7lwa75'
        
        Run Build Command(s): "C:/Program Files (x86)/Microsoft Visual Studio/2022/BuildTools/Common7/IDE/CommonExtensions/Microsoft/CMake/Ninja/ninja.exe" -v cmTC_840b6
        [1/2] C:\\PROGRA~2\\MICROS~2\\2022\\BUILDT~1\\VC\\Tools\\MSVC\\1442~1.344\\bin\\Hostx64\\x64\\cl.exe  /nologo   /nologo /DWIN32 /D_WINDOWS /utf-8 /MP   /D_DEBUG /MDd /Z7 /Ob0 /Od /RTC1 /showIncludes /FoCMakeFiles\\cmTC_840b6.dir\\CheckIncludeFile.c.obj /FdCMakeFiles\\cmTC_840b6.dir\\ /FS -c C:\\Users\\a.sordelet\\source\\repos\\CMake_VCPKG\\out\\build\\x64-debug\\vcpkg_installed\\vcpkg\\blds\\openal-soft\\x64-windows-dbg\\CMakeFiles\\CMakeScratch\\TryCompile-7lwa75\\CheckIncludeFile.c
        FAILED: CMakeFiles/cmTC_840b6.dir/CheckIncludeFile.c.obj 
        C:\\PROGRA~2\\MICROS~2\\2022\\BUILDT~1\\VC\\Tools\\MSVC\\1442~1.344\\bin\\Hostx64\\x64\\cl.exe  /nologo   /nologo /DWIN32 /D_WINDOWS /utf-8 /MP   /D_DEBUG /MDd /Z7 /Ob0 /Od /RTC1 /showIncludes /FoCMakeFiles\\cmTC_840b6.dir\\CheckIncludeFile.c.obj /FdCMakeFiles\\cmTC_840b6.dir\\ /FS -c C:\\Users\\a.sordelet\\source\\repos\\CMake_VCPKG\\out\\build\\x64-debug\\vcpkg_installed\\vcpkg\\blds\\openal-soft\\x64-windows-dbg\\CMakeFiles\\CMakeScratch\\TryCompile-7lwa75\\CheckIncludeFile.c
        C:\\Users\\a.sordelet\\source\\repos\\CMake_VCPKG\\out\\build\\x64-debug\\vcpkg_installed\\vcpkg\\blds\\openal-soft\\x64-windows-dbg\\CMakeFiles\\CMakeScratch\\TryCompile-7lwa75\\CheckIncludeFile.c(1): fatal error C1083: Impossible d'ouvrir le fichier include : 'cpuid.h' : No such file or directory
        ninja: build stopped: subcommand failed.
        
      exitCode: 1
  -
    kind: "try_compile-v1"
    backtrace:
      - "C:/Program Files/CMake/share/cmake-3.31/Modules/CheckIncludeFile.cmake:99 (try_compile)"
      - "CMakeLists.txt:497 (check_include_file)"
    checks:
      - "Looking for intrin.h"
    directories:
      source: "C:/Users/a.sordelet/source/repos/CMake_VCPKG/out/build/x64-debug/vcpkg_installed/vcpkg/blds/openal-soft/x64-windows-dbg/CMakeFiles/CMakeScratch/TryCompile-hci5m7"
      binary: "C:/Users/a.sordelet/source/repos/CMake_VCPKG/out/build/x64-debug/vcpkg_installed/vcpkg/blds/openal-soft/x64-windows-dbg/CMakeFiles/CMakeScratch/TryCompile-hci5m7"
    cmakeVariables:
      CMAKE_C_FLAGS: " /nologo /DWIN32 /D_WINDOWS /utf-8 /MP "
      CMAKE_C_FLAGS_DEBUG: "/D_DEBUG /MDd /Z7 /Ob0 /Od /RTC1 "
      CMAKE_EXE_LINKER_FLAGS: "/machine:x64"
      CMAKE_MODULE_PATH: "C:/Users/a.sordelet/source/repos/CMake_VCPKG/out/build/x64-debug/vcpkg_installed/vcpkg/blds/openal-soft/src/1.24.1-dd514aebad.clean/cmake"
      CMAKE_MSVC_DEBUG_INFORMATION_FORMAT: ""
      CMAKE_MSVC_RUNTIME_LIBRARY: "MultiThreaded$<$<CONFIG:Debug>:Debug>$<$<STREQUAL:dynamic,dynamic>:DLL>"
      VCPKG_CHAINLOAD_TOOLCHAIN_FILE: "C:/Program Files/Microsoft Visual Studio/2022/Community/VC/vcpkg/scripts/toolchains/windows.cmake"
      VCPKG_CRT_LINKAGE: "dynamic"
      VCPKG_CXX_FLAGS: ""
      VCPKG_CXX_FLAGS_DEBUG: ""
      VCPKG_CXX_FLAGS_RELEASE: ""
      VCPKG_C_FLAGS: ""
      VCPKG_C_FLAGS_DEBUG: ""
      VCPKG_C_FLAGS_RELEASE: ""
      VCPKG_INSTALLED_DIR: "C:/Users/a.sordelet/source/repos/CMake_VCPKG/out/build/x64-debug/vcpkg_installed"
      VCPKG_LINKER_FLAGS: ""
      VCPKG_LINKER_FLAGS_DEBUG: ""
      VCPKG_LINKER_FLAGS_RELEASE: ""
      VCPKG_PLATFORM_TOOLSET: "v143"
      VCPKG_PREFER_SYSTEM_LIBS: "OFF"
      VCPKG_SET_CHARSET_FLAG: "ON"
      VCPKG_TARGET_ARCHITECTURE: "x64"
      VCPKG_TARGET_TRIPLET: "x64-windows"
      Z_VCPKG_ROOT_DIR: "C:/Program Files/Microsoft Visual Studio/2022/Community/VC/vcpkg"
    buildResult:
      variable: "HAVE_INTRIN_H"
      cached: true
      stdout: |
        Change Dir: 'C:/Users/a.sordelet/source/repos/CMake_VCPKG/out/build/x64-debug/vcpkg_installed/vcpkg/blds/openal-soft/x64-windows-dbg/CMakeFiles/CMakeScratch/TryCompile-hci5m7'
        
        Run Build Command(s): "C:/Program Files (x86)/Microsoft Visual Studio/2022/BuildTools/Common7/IDE/CommonExtensions/Microsoft/CMake/Ninja/ninja.exe" -v cmTC_02885
        [1/2] C:\\PROGRA~2\\MICROS~2\\2022\\BUILDT~1\\VC\\Tools\\MSVC\\1442~1.344\\bin\\Hostx64\\x64\\cl.exe  /nologo   /nologo /DWIN32 /D_WINDOWS /utf-8 /MP   /D_DEBUG /MDd /Z7 /Ob0 /Od /RTC1 /showIncludes /FoCMakeFiles\\cmTC_02885.dir\\CheckIncludeFile.c.obj /FdCMakeFiles\\cmTC_02885.dir\\ /FS -c C:\\Users\\a.sordelet\\source\\repos\\CMake_VCPKG\\out\\build\\x64-debug\\vcpkg_installed\\vcpkg\\blds\\openal-soft\\x64-windows-dbg\\CMakeFiles\\CMakeScratch\\TryCompile-hci5m7\\CheckIncludeFile.c
        [2/2] C:\\windows\\system32\\cmd.exe /C "cd . && "C:\\Program Files\\CMake\\bin\\cmake.exe" -E vs_link_exe --msvc-ver=1942 --intdir=CMakeFiles\\cmTC_02885.dir --rc=C:\\PROGRA~2\\WI3CF2~1\\10\\bin\\100261~1.0\\x64\\rc.exe --mt=C:\\PROGRA~2\\WI3CF2~1\\10\\bin\\100261~1.0\\x64\\mt.exe --manifests  -- C:\\PROGRA~2\\MICROS~2\\2022\\BUILDT~1\\VC\\Tools\\MSVC\\1442~1.344\\bin\\Hostx64\\x64\\link.exe /nologo CMakeFiles\\cmTC_02885.dir\\CheckIncludeFile.c.obj  /out:cmTC_02885.exe /implib:cmTC_02885.lib /pdb:cmTC_02885.pdb /version:0.0 /machine:x64  /nologo    /debug /INCREMENTAL /subsystem:console  kernel32.lib user32.lib gdi32.lib winspool.lib shell32.lib ole32.lib oleaut32.lib uuid.lib comdlg32.lib advapi32.lib && cd ."
        
      exitCode: 0
  -
    kind: "try_compile-v1"
    backtrace:
      - "C:/Program Files/CMake/share/cmake-3.31/Modules/CheckIncludeFile.cmake:99 (try_compile)"
      - "CMakeLists.txt:498 (check_include_file)"
    checks:
      - "Looking for guiddef.h"
    directories:
      source: "C:/Users/a.sordelet/source/repos/CMake_VCPKG/out/build/x64-debug/vcpkg_installed/vcpkg/blds/openal-soft/x64-windows-dbg/CMakeFiles/CMakeScratch/TryCompile-cixlyp"
      binary: "C:/Users/a.sordelet/source/repos/CMake_VCPKG/out/build/x64-debug/vcpkg_installed/vcpkg/blds/openal-soft/x64-windows-dbg/CMakeFiles/CMakeScratch/TryCompile-cixlyp"
    cmakeVariables:
      CMAKE_C_FLAGS: " /nologo /DWIN32 /D_WINDOWS /utf-8 /MP "
      CMAKE_C_FLAGS_DEBUG: "/D_DEBUG /MDd /Z7 /Ob0 /Od /RTC1 "
      CMAKE_EXE_LINKER_FLAGS: "/machine:x64"
      CMAKE_MODULE_PATH: "C:/Users/a.sordelet/source/repos/CMake_VCPKG/out/build/x64-debug/vcpkg_installed/vcpkg/blds/openal-soft/src/1.24.1-dd514aebad.clean/cmake"
      CMAKE_MSVC_DEBUG_INFORMATION_FORMAT: ""
      CMAKE_MSVC_RUNTIME_LIBRARY: "MultiThreaded$<$<CONFIG:Debug>:Debug>$<$<STREQUAL:dynamic,dynamic>:DLL>"
      VCPKG_CHAINLOAD_TOOLCHAIN_FILE: "C:/Program Files/Microsoft Visual Studio/2022/Community/VC/vcpkg/scripts/toolchains/windows.cmake"
      VCPKG_CRT_LINKAGE: "dynamic"
      VCPKG_CXX_FLAGS: ""
      VCPKG_CXX_FLAGS_DEBUG: ""
      VCPKG_CXX_FLAGS_RELEASE: ""
      VCPKG_C_FLAGS: ""
      VCPKG_C_FLAGS_DEBUG: ""
      VCPKG_C_FLAGS_RELEASE: ""
      VCPKG_INSTALLED_DIR: "C:/Users/a.sordelet/source/repos/CMake_VCPKG/out/build/x64-debug/vcpkg_installed"
      VCPKG_LINKER_FLAGS: ""
      VCPKG_LINKER_FLAGS_DEBUG: ""
      VCPKG_LINKER_FLAGS_RELEASE: ""
      VCPKG_PLATFORM_TOOLSET: "v143"
      VCPKG_PREFER_SYSTEM_LIBS: "OFF"
      VCPKG_SET_CHARSET_FLAG: "ON"
      VCPKG_TARGET_ARCHITECTURE: "x64"
      VCPKG_TARGET_TRIPLET: "x64-windows"
      Z_VCPKG_ROOT_DIR: "C:/Program Files/Microsoft Visual Studio/2022/Community/VC/vcpkg"
    buildResult:
      variable: "HAVE_GUIDDEF_H"
      cached: true
      stdout: |
        Change Dir: 'C:/Users/a.sordelet/source/repos/CMake_VCPKG/out/build/x64-debug/vcpkg_installed/vcpkg/blds/openal-soft/x64-windows-dbg/CMakeFiles/CMakeScratch/TryCompile-cixlyp'
        
        Run Build Command(s): "C:/Program Files (x86)/Microsoft Visual Studio/2022/BuildTools/Common7/IDE/CommonExtensions/Microsoft/CMake/Ninja/ninja.exe" -v cmTC_40f2a
        [1/2] C:\\PROGRA~2\\MICROS~2\\2022\\BUILDT~1\\VC\\Tools\\MSVC\\1442~1.344\\bin\\Hostx64\\x64\\cl.exe  /nologo   /nologo /DWIN32 /D_WINDOWS /utf-8 /MP   /D_DEBUG /MDd /Z7 /Ob0 /Od /RTC1 /showIncludes /FoCMakeFiles\\cmTC_40f2a.dir\\CheckIncludeFile.c.obj /FdCMakeFiles\\cmTC_40f2a.dir\\ /FS -c C:\\Users\\a.sordelet\\source\\repos\\CMake_VCPKG\\out\\build\\x64-debug\\vcpkg_installed\\vcpkg\\blds\\openal-soft\\x64-windows-dbg\\CMakeFiles\\CMakeScratch\\TryCompile-cixlyp\\CheckIncludeFile.c
        [2/2] C:\\windows\\system32\\cmd.exe /C "cd . && "C:\\Program Files\\CMake\\bin\\cmake.exe" -E vs_link_exe --msvc-ver=1942 --intdir=CMakeFiles\\cmTC_40f2a.dir --rc=C:\\PROGRA~2\\WI3CF2~1\\10\\bin\\100261~1.0\\x64\\rc.exe --mt=C:\\PROGRA~2\\WI3CF2~1\\10\\bin\\100261~1.0\\x64\\mt.exe --manifests  -- C:\\PROGRA~2\\MICROS~2\\2022\\BUILDT~1\\VC\\Tools\\MSVC\\1442~1.344\\bin\\Hostx64\\x64\\link.exe /nologo CMakeFiles\\cmTC_40f2a.dir\\CheckIncludeFile.c.obj  /out:cmTC_40f2a.exe /implib:cmTC_40f2a.lib /pdb:cmTC_40f2a.pdb /version:0.0 /machine:x64  /nologo    /debug /INCREMENTAL /subsystem:console  kernel32.lib user32.lib gdi32.lib winspool.lib shell32.lib ole32.lib oleaut32.lib uuid.lib comdlg32.lib advapi32.lib && cd ."
        
      exitCode: 0
  -
    kind: "try_compile-v1"
    backtrace:
      - "C:/Program Files/CMake/share/cmake-3.31/Modules/CheckLibraryExists.cmake:78 (try_compile)"
      - "CMakeLists.txt:502 (check_library_exists)"
    checks:
      - "Looking for pow in m"
    directories:
      source: "C:/Users/a.sordelet/source/repos/CMake_VCPKG/out/build/x64-debug/vcpkg_installed/vcpkg/blds/openal-soft/x64-windows-dbg/CMakeFiles/CMakeScratch/TryCompile-xbto55"
      binary: "C:/Users/a.sordelet/source/repos/CMake_VCPKG/out/build/x64-debug/vcpkg_installed/vcpkg/blds/openal-soft/x64-windows-dbg/CMakeFiles/CMakeScratch/TryCompile-xbto55"
    cmakeVariables:
      CMAKE_C_FLAGS: " /nologo /DWIN32 /D_WINDOWS /utf-8 /MP "
      CMAKE_C_FLAGS_DEBUG: "/D_DEBUG /MDd /Z7 /Ob0 /Od /RTC1 "
      CMAKE_EXE_LINKER_FLAGS: "/machine:x64"
      CMAKE_MODULE_PATH: "C:/Users/a.sordelet/source/repos/CMake_VCPKG/out/build/x64-debug/vcpkg_installed/vcpkg/blds/openal-soft/src/1.24.1-dd514aebad.clean/cmake"
      CMAKE_MSVC_DEBUG_INFORMATION_FORMAT: ""
      CMAKE_MSVC_RUNTIME_LIBRARY: "MultiThreaded$<$<CONFIG:Debug>:Debug>$<$<STREQUAL:dynamic,dynamic>:DLL>"
      VCPKG_CHAINLOAD_TOOLCHAIN_FILE: "C:/Program Files/Microsoft Visual Studio/2022/Community/VC/vcpkg/scripts/toolchains/windows.cmake"
      VCPKG_CRT_LINKAGE: "dynamic"
      VCPKG_CXX_FLAGS: ""
      VCPKG_CXX_FLAGS_DEBUG: ""
      VCPKG_CXX_FLAGS_RELEASE: ""
      VCPKG_C_FLAGS: ""
      VCPKG_C_FLAGS_DEBUG: ""
      VCPKG_C_FLAGS_RELEASE: ""
      VCPKG_INSTALLED_DIR: "C:/Users/a.sordelet/source/repos/CMake_VCPKG/out/build/x64-debug/vcpkg_installed"
      VCPKG_LINKER_FLAGS: ""
      VCPKG_LINKER_FLAGS_DEBUG: ""
      VCPKG_LINKER_FLAGS_RELEASE: ""
      VCPKG_PLATFORM_TOOLSET: "v143"
      VCPKG_PREFER_SYSTEM_LIBS: "OFF"
      VCPKG_SET_CHARSET_FLAG: "ON"
      VCPKG_TARGET_ARCHITECTURE: "x64"
      VCPKG_TARGET_TRIPLET: "x64-windows"
      Z_VCPKG_ROOT_DIR: "C:/Program Files/Microsoft Visual Studio/2022/Community/VC/vcpkg"
    buildResult:
      variable: "HAVE_LIBM"
      cached: true
      stdout: |
        Change Dir: 'C:/Users/a.sordelet/source/repos/CMake_VCPKG/out/build/x64-debug/vcpkg_installed/vcpkg/blds/openal-soft/x64-windows-dbg/CMakeFiles/CMakeScratch/TryCompile-xbto55'
        
        Run Build Command(s): "C:/Program Files (x86)/Microsoft Visual Studio/2022/BuildTools/Common7/IDE/CommonExtensions/Microsoft/CMake/Ninja/ninja.exe" -v cmTC_48cbd
        [1/2] C:\\PROGRA~2\\MICROS~2\\2022\\BUILDT~1\\VC\\Tools\\MSVC\\1442~1.344\\bin\\Hostx64\\x64\\cl.exe  /nologo   /nologo /DWIN32 /D_WINDOWS /utf-8 /MP  -DCHECK_FUNCTION_EXISTS=pow /D_DEBUG /MDd /Z7 /Ob0 /Od /RTC1 /showIncludes /FoCMakeFiles\\cmTC_48cbd.dir\\CheckFunctionExists.c.obj /FdCMakeFiles\\cmTC_48cbd.dir\\ /FS -c C:\\Users\\a.sordelet\\source\\repos\\CMake_VCPKG\\out\\build\\x64-debug\\vcpkg_installed\\vcpkg\\blds\\openal-soft\\x64-windows-dbg\\CMakeFiles\\CMakeScratch\\TryCompile-xbto55\\CheckFunctionExists.c
        [2/2] C:\\windows\\system32\\cmd.exe /C "cd . && "C:\\Program Files\\CMake\\bin\\cmake.exe" -E vs_link_exe --msvc-ver=1942 --intdir=CMakeFiles\\cmTC_48cbd.dir --rc=C:\\PROGRA~2\\WI3CF2~1\\10\\bin\\100261~1.0\\x64\\rc.exe --mt=C:\\PROGRA~2\\WI3CF2~1\\10\\bin\\100261~1.0\\x64\\mt.exe --manifests  -- C:\\PROGRA~2\\MICROS~2\\2022\\BUILDT~1\\VC\\Tools\\MSVC\\1442~1.344\\bin\\Hostx64\\x64\\link.exe /nologo CMakeFiles\\cmTC_48cbd.dir\\CheckFunctionExists.c.obj  /out:cmTC_48cbd.exe /implib:cmTC_48cbd.lib /pdb:cmTC_48cbd.pdb /version:0.0 /machine:x64  /nologo    /debug /INCREMENTAL /subsystem:console  m.lib  kernel32.lib user32.lib gdi32.lib winspool.lib shell32.lib ole32.lib oleaut32.lib uuid.lib comdlg32.lib advapi32.lib && cd ."
        FAILED: cmTC_48cbd.exe 
        C:\\windows\\system32\\cmd.exe /C "cd . && "C:\\Program Files\\CMake\\bin\\cmake.exe" -E vs_link_exe --msvc-ver=1942 --intdir=CMakeFiles\\cmTC_48cbd.dir --rc=C:\\PROGRA~2\\WI3CF2~1\\10\\bin\\100261~1.0\\x64\\rc.exe --mt=C:\\PROGRA~2\\WI3CF2~1\\10\\bin\\100261~1.0\\x64\\mt.exe --manifests  -- C:\\PROGRA~2\\MICROS~2\\2022\\BUILDT~1\\VC\\Tools\\MSVC\\1442~1.344\\bin\\Hostx64\\x64\\link.exe /nologo CMakeFiles\\cmTC_48cbd.dir\\CheckFunctionExists.c.obj  /out:cmTC_48cbd.exe /implib:cmTC_48cbd.lib /pdb:cmTC_48cbd.pdb /version:0.0 /machine:x64  /nologo    /debug /INCREMENTAL /subsystem:console  m.lib  kernel32.lib user32.lib gdi32.lib winspool.lib shell32.lib ole32.lib oleaut32.lib uuid.lib comdlg32.lib advapi32.lib && cd ."
        LINK Pass 1: command "C:\\PROGRA~2\\MICROS~2\\2022\\BUILDT~1\\VC\\Tools\\MSVC\\1442~1.344\\bin\\Hostx64\\x64\\link.exe /nologo CMakeFiles\\cmTC_48cbd.dir\\CheckFunctionExists.c.obj /out:cmTC_48cbd.exe /implib:cmTC_48cbd.lib /pdb:cmTC_48cbd.pdb /version:0.0 /machine:x64 /nologo /debug /INCREMENTAL /subsystem:console m.lib kernel32.lib user32.lib gdi32.lib winspool.lib shell32.lib ole32.lib oleaut32.lib uuid.lib comdlg32.lib advapi32.lib /MANIFEST /MANIFESTFILE:CMakeFiles\\cmTC_48cbd.dir/intermediate.manifest CMakeFiles\\cmTC_48cbd.dir/manifest.res" failed (exit code 1104) with the following output:
        LINK : fatal error LNK1104: impossible d'ouvrir le fichier 'm.lib'\x0d
        ninja: build stopped: subcommand failed.
        
      exitCode: 1
  -
    kind: "try_compile-v1"
    backtrace:
      - "C:/Program Files/CMake/share/cmake-3.31/Modules/CheckLibraryExists.cmake:78 (try_compile)"
      - "CMakeLists.txt:511 (check_library_exists)"
    checks:
      - "Looking for clock_gettime in rt"
    directories:
      source: "C:/Users/a.sordelet/source/repos/CMake_VCPKG/out/build/x64-debug/vcpkg_installed/vcpkg/blds/openal-soft/x64-windows-dbg/CMakeFiles/CMakeScratch/TryCompile-krnun7"
      binary: "C:/Users/a.sordelet/source/repos/CMake_VCPKG/out/build/x64-debug/vcpkg_installed/vcpkg/blds/openal-soft/x64-windows-dbg/CMakeFiles/CMakeScratch/TryCompile-krnun7"
    cmakeVariables:
      CMAKE_C_FLAGS: " /nologo /DWIN32 /D_WINDOWS /utf-8 /MP "
      CMAKE_C_FLAGS_DEBUG: "/D_DEBUG /MDd /Z7 /Ob0 /Od /RTC1 "
      CMAKE_EXE_LINKER_FLAGS: "/machine:x64"
      CMAKE_MODULE_PATH: "C:/Users/a.sordelet/source/repos/CMake_VCPKG/out/build/x64-debug/vcpkg_installed/vcpkg/blds/openal-soft/src/1.24.1-dd514aebad.clean/cmake"
      CMAKE_MSVC_DEBUG_INFORMATION_FORMAT: ""
      CMAKE_MSVC_RUNTIME_LIBRARY: "MultiThreaded$<$<CONFIG:Debug>:Debug>$<$<STREQUAL:dynamic,dynamic>:DLL>"
      VCPKG_CHAINLOAD_TOOLCHAIN_FILE: "C:/Program Files/Microsoft Visual Studio/2022/Community/VC/vcpkg/scripts/toolchains/windows.cmake"
      VCPKG_CRT_LINKAGE: "dynamic"
      VCPKG_CXX_FLAGS: ""
      VCPKG_CXX_FLAGS_DEBUG: ""
      VCPKG_CXX_FLAGS_RELEASE: ""
      VCPKG_C_FLAGS: ""
      VCPKG_C_FLAGS_DEBUG: ""
      VCPKG_C_FLAGS_RELEASE: ""
      VCPKG_INSTALLED_DIR: "C:/Users/a.sordelet/source/repos/CMake_VCPKG/out/build/x64-debug/vcpkg_installed"
      VCPKG_LINKER_FLAGS: ""
      VCPKG_LINKER_FLAGS_DEBUG: ""
      VCPKG_LINKER_FLAGS_RELEASE: ""
      VCPKG_PLATFORM_TOOLSET: "v143"
      VCPKG_PREFER_SYSTEM_LIBS: "OFF"
      VCPKG_SET_CHARSET_FLAG: "ON"
      VCPKG_TARGET_ARCHITECTURE: "x64"
      VCPKG_TARGET_TRIPLET: "x64-windows"
      Z_VCPKG_ROOT_DIR: "C:/Program Files/Microsoft Visual Studio/2022/Community/VC/vcpkg"
    buildResult:
      variable: "HAVE_LIBRT"
      cached: true
      stdout: |
        Change Dir: 'C:/Users/a.sordelet/source/repos/CMake_VCPKG/out/build/x64-debug/vcpkg_installed/vcpkg/blds/openal-soft/x64-windows-dbg/CMakeFiles/CMakeScratch/TryCompile-krnun7'
        
        Run Build Command(s): "C:/Program Files (x86)/Microsoft Visual Studio/2022/BuildTools/Common7/IDE/CommonExtensions/Microsoft/CMake/Ninja/ninja.exe" -v cmTC_29360
        [1/2] C:\\PROGRA~2\\MICROS~2\\2022\\BUILDT~1\\VC\\Tools\\MSVC\\1442~1.344\\bin\\Hostx64\\x64\\cl.exe  /nologo   /nologo /DWIN32 /D_WINDOWS /utf-8 /MP  -DCHECK_FUNCTION_EXISTS=clock_gettime /D_DEBUG /MDd /Z7 /Ob0 /Od /RTC1 /showIncludes /FoCMakeFiles\\cmTC_29360.dir\\CheckFunctionExists.c.obj /FdCMakeFiles\\cmTC_29360.dir\\ /FS -c C:\\Users\\a.sordelet\\source\\repos\\CMake_VCPKG\\out\\build\\x64-debug\\vcpkg_installed\\vcpkg\\blds\\openal-soft\\x64-windows-dbg\\CMakeFiles\\CMakeScratch\\TryCompile-krnun7\\CheckFunctionExists.c
        [2/2] C:\\windows\\system32\\cmd.exe /C "cd . && "C:\\Program Files\\CMake\\bin\\cmake.exe" -E vs_link_exe --msvc-ver=1942 --intdir=CMakeFiles\\cmTC_29360.dir --rc=C:\\PROGRA~2\\WI3CF2~1\\10\\bin\\100261~1.0\\x64\\rc.exe --mt=C:\\PROGRA~2\\WI3CF2~1\\10\\bin\\100261~1.0\\x64\\mt.exe --manifests  -- C:\\PROGRA~2\\MICROS~2\\2022\\BUILDT~1\\VC\\Tools\\MSVC\\1442~1.344\\bin\\Hostx64\\x64\\link.exe /nologo CMakeFiles\\cmTC_29360.dir\\CheckFunctionExists.c.obj  /out:cmTC_29360.exe /implib:cmTC_29360.lib /pdb:cmTC_29360.pdb /version:0.0 /machine:x64  /nologo    /debug /INCREMENTAL /subsystem:console  rt.lib  kernel32.lib user32.lib gdi32.lib winspool.lib shell32.lib ole32.lib oleaut32.lib uuid.lib comdlg32.lib advapi32.lib && cd ."
        FAILED: cmTC_29360.exe 
        C:\\windows\\system32\\cmd.exe /C "cd . && "C:\\Program Files\\CMake\\bin\\cmake.exe" -E vs_link_exe --msvc-ver=1942 --intdir=CMakeFiles\\cmTC_29360.dir --rc=C:\\PROGRA~2\\WI3CF2~1\\10\\bin\\100261~1.0\\x64\\rc.exe --mt=C:\\PROGRA~2\\WI3CF2~1\\10\\bin\\100261~1.0\\x64\\mt.exe --manifests  -- C:\\PROGRA~2\\MICROS~2\\2022\\BUILDT~1\\VC\\Tools\\MSVC\\1442~1.344\\bin\\Hostx64\\x64\\link.exe /nologo CMakeFiles\\cmTC_29360.dir\\CheckFunctionExists.c.obj  /out:cmTC_29360.exe /implib:cmTC_29360.lib /pdb:cmTC_29360.pdb /version:0.0 /machine:x64  /nologo    /debug /INCREMENTAL /subsystem:console  rt.lib  kernel32.lib user32.lib gdi32.lib winspool.lib shell32.lib ole32.lib oleaut32.lib uuid.lib comdlg32.lib advapi32.lib && cd ."
        LINK Pass 1: command "C:\\PROGRA~2\\MICROS~2\\2022\\BUILDT~1\\VC\\Tools\\MSVC\\1442~1.344\\bin\\Hostx64\\x64\\link.exe /nologo CMakeFiles\\cmTC_29360.dir\\CheckFunctionExists.c.obj /out:cmTC_29360.exe /implib:cmTC_29360.lib /pdb:cmTC_29360.pdb /version:0.0 /machine:x64 /nologo /debug /INCREMENTAL /subsystem:console rt.lib kernel32.lib user32.lib gdi32.lib winspool.lib shell32.lib ole32.lib oleaut32.lib uuid.lib comdlg32.lib advapi32.lib /MANIFEST /MANIFESTFILE:CMakeFiles\\cmTC_29360.dir/intermediate.manifest CMakeFiles\\cmTC_29360.dir/manifest.res" failed (exit code 1104) with the following output:
        LINK : fatal error LNK1104: impossible d'ouvrir le fichier 'rt.lib'\x0d
        ninja: build stopped: subcommand failed.
        
      exitCode: 1
  -
    kind: "try_compile-v1"
    backtrace:
      - "C:/Program Files/CMake/share/cmake-3.31/Modules/CheckIncludeFile.cmake:99 (try_compile)"
      - "CMakeLists.txt:518 (check_include_file)"
    checks:
      - "Looking for dlfcn.h"
    directories:
      source: "C:/Users/a.sordelet/source/repos/CMake_VCPKG/out/build/x64-debug/vcpkg_installed/vcpkg/blds/openal-soft/x64-windows-dbg/CMakeFiles/CMakeScratch/TryCompile-n1oidb"
      binary: "C:/Users/a.sordelet/source/repos/CMake_VCPKG/out/build/x64-debug/vcpkg_installed/vcpkg/blds/openal-soft/x64-windows-dbg/CMakeFiles/CMakeScratch/TryCompile-n1oidb"
    cmakeVariables:
      CMAKE_C_FLAGS: " /nologo /DWIN32 /D_WINDOWS /utf-8 /MP "
      CMAKE_C_FLAGS_DEBUG: "/D_DEBUG /MDd /Z7 /Ob0 /Od /RTC1 "
      CMAKE_EXE_LINKER_FLAGS: "/machine:x64"
      CMAKE_MODULE_PATH: "C:/Users/a.sordelet/source/repos/CMake_VCPKG/out/build/x64-debug/vcpkg_installed/vcpkg/blds/openal-soft/src/1.24.1-dd514aebad.clean/cmake"
      CMAKE_MSVC_DEBUG_INFORMATION_FORMAT: ""
      CMAKE_MSVC_RUNTIME_LIBRARY: "MultiThreaded$<$<CONFIG:Debug>:Debug>$<$<STREQUAL:dynamic,dynamic>:DLL>"
      VCPKG_CHAINLOAD_TOOLCHAIN_FILE: "C:/Program Files/Microsoft Visual Studio/2022/Community/VC/vcpkg/scripts/toolchains/windows.cmake"
      VCPKG_CRT_LINKAGE: "dynamic"
      VCPKG_CXX_FLAGS: ""
      VCPKG_CXX_FLAGS_DEBUG: ""
      VCPKG_CXX_FLAGS_RELEASE: ""
      VCPKG_C_FLAGS: ""
      VCPKG_C_FLAGS_DEBUG: ""
      VCPKG_C_FLAGS_RELEASE: ""
      VCPKG_INSTALLED_DIR: "C:/Users/a.sordelet/source/repos/CMake_VCPKG/out/build/x64-debug/vcpkg_installed"
      VCPKG_LINKER_FLAGS: ""
      VCPKG_LINKER_FLAGS_DEBUG: ""
      VCPKG_LINKER_FLAGS_RELEASE: ""
      VCPKG_PLATFORM_TOOLSET: "v143"
      VCPKG_PREFER_SYSTEM_LIBS: "OFF"
      VCPKG_SET_CHARSET_FLAG: "ON"
      VCPKG_TARGET_ARCHITECTURE: "x64"
      VCPKG_TARGET_TRIPLET: "x64-windows"
      Z_VCPKG_ROOT_DIR: "C:/Program Files/Microsoft Visual Studio/2022/Community/VC/vcpkg"
    buildResult:
      variable: "HAVE_DLFCN_H"
      cached: true
      stdout: |
        Change Dir: 'C:/Users/a.sordelet/source/repos/CMake_VCPKG/out/build/x64-debug/vcpkg_installed/vcpkg/blds/openal-soft/x64-windows-dbg/CMakeFiles/CMakeScratch/TryCompile-n1oidb'
        
        Run Build Command(s): "C:/Program Files (x86)/Microsoft Visual Studio/2022/BuildTools/Common7/IDE/CommonExtensions/Microsoft/CMake/Ninja/ninja.exe" -v cmTC_be8b0
        [1/2] C:\\PROGRA~2\\MICROS~2\\2022\\BUILDT~1\\VC\\Tools\\MSVC\\1442~1.344\\bin\\Hostx64\\x64\\cl.exe  /nologo   /nologo /DWIN32 /D_WINDOWS /utf-8 /MP   /D_DEBUG /MDd /Z7 /Ob0 /Od /RTC1 /showIncludes /FoCMakeFiles\\cmTC_be8b0.dir\\CheckIncludeFile.c.obj /FdCMakeFiles\\cmTC_be8b0.dir\\ /FS -c C:\\Users\\a.sordelet\\source\\repos\\CMake_VCPKG\\out\\build\\x64-debug\\vcpkg_installed\\vcpkg\\blds\\openal-soft\\x64-windows-dbg\\CMakeFiles\\CMakeScratch\\TryCompile-n1oidb\\CheckIncludeFile.c
        FAILED: CMakeFiles/cmTC_be8b0.dir/CheckIncludeFile.c.obj 
        C:\\PROGRA~2\\MICROS~2\\2022\\BUILDT~1\\VC\\Tools\\MSVC\\1442~1.344\\bin\\Hostx64\\x64\\cl.exe  /nologo   /nologo /DWIN32 /D_WINDOWS /utf-8 /MP   /D_DEBUG /MDd /Z7 /Ob0 /Od /RTC1 /showIncludes /FoCMakeFiles\\cmTC_be8b0.dir\\CheckIncludeFile.c.obj /FdCMakeFiles\\cmTC_be8b0.dir\\ /FS -c C:\\Users\\a.sordelet\\source\\repos\\CMake_VCPKG\\out\\build\\x64-debug\\vcpkg_installed\\vcpkg\\blds\\openal-soft\\x64-windows-dbg\\CMakeFiles\\CMakeScratch\\TryCompile-n1oidb\\CheckIncludeFile.c
        C:\\Users\\a.sordelet\\source\\repos\\CMake_VCPKG\\out\\build\\x64-debug\\vcpkg_installed\\vcpkg\\blds\\openal-soft\\x64-windows-dbg\\CMakeFiles\\CMakeScratch\\TryCompile-n1oidb\\CheckIncludeFile.c(1): fatal error C1083: Impossible d'ouvrir le fichier include : 'dlfcn.h' : No such file or directory
        ninja: build stopped: subcommand failed.
        
      exitCode: 1
  -
    kind: "try_compile-v1"
    backtrace:
      - "C:/Program Files/CMake/share/cmake-3.31/Modules/CheckLibraryExists.cmake:78 (try_compile)"
      - "CMakeLists.txt:519 (check_library_exists)"
    checks:
      - "Looking for dlopen in dl"
    directories:
      source: "C:/Users/a.sordelet/source/repos/CMake_VCPKG/out/build/x64-debug/vcpkg_installed/vcpkg/blds/openal-soft/x64-windows-dbg/CMakeFiles/CMakeScratch/TryCompile-iv67ff"
      binary: "C:/Users/a.sordelet/source/repos/CMake_VCPKG/out/build/x64-debug/vcpkg_installed/vcpkg/blds/openal-soft/x64-windows-dbg/CMakeFiles/CMakeScratch/TryCompile-iv67ff"
    cmakeVariables:
      CMAKE_C_FLAGS: " /nologo /DWIN32 /D_WINDOWS /utf-8 /MP "
      CMAKE_C_FLAGS_DEBUG: "/D_DEBUG /MDd /Z7 /Ob0 /Od /RTC1 "
      CMAKE_EXE_LINKER_FLAGS: "/machine:x64"
      CMAKE_MODULE_PATH: "C:/Users/a.sordelet/source/repos/CMake_VCPKG/out/build/x64-debug/vcpkg_installed/vcpkg/blds/openal-soft/src/1.24.1-dd514aebad.clean/cmake"
      CMAKE_MSVC_DEBUG_INFORMATION_FORMAT: ""
      CMAKE_MSVC_RUNTIME_LIBRARY: "MultiThreaded$<$<CONFIG:Debug>:Debug>$<$<STREQUAL:dynamic,dynamic>:DLL>"
      VCPKG_CHAINLOAD_TOOLCHAIN_FILE: "C:/Program Files/Microsoft Visual Studio/2022/Community/VC/vcpkg/scripts/toolchains/windows.cmake"
      VCPKG_CRT_LINKAGE: "dynamic"
      VCPKG_CXX_FLAGS: ""
      VCPKG_CXX_FLAGS_DEBUG: ""
      VCPKG_CXX_FLAGS_RELEASE: ""
      VCPKG_C_FLAGS: ""
      VCPKG_C_FLAGS_DEBUG: ""
      VCPKG_C_FLAGS_RELEASE: ""
      VCPKG_INSTALLED_DIR: "C:/Users/a.sordelet/source/repos/CMake_VCPKG/out/build/x64-debug/vcpkg_installed"
      VCPKG_LINKER_FLAGS: ""
      VCPKG_LINKER_FLAGS_DEBUG: ""
      VCPKG_LINKER_FLAGS_RELEASE: ""
      VCPKG_PLATFORM_TOOLSET: "v143"
      VCPKG_PREFER_SYSTEM_LIBS: "OFF"
      VCPKG_SET_CHARSET_FLAG: "ON"
      VCPKG_TARGET_ARCHITECTURE: "x64"
      VCPKG_TARGET_TRIPLET: "x64-windows"
      Z_VCPKG_ROOT_DIR: "C:/Program Files/Microsoft Visual Studio/2022/Community/VC/vcpkg"
    buildResult:
      variable: "HAVE_LIBDL"
      cached: true
      stdout: |
        Change Dir: 'C:/Users/a.sordelet/source/repos/CMake_VCPKG/out/build/x64-debug/vcpkg_installed/vcpkg/blds/openal-soft/x64-windows-dbg/CMakeFiles/CMakeScratch/TryCompile-iv67ff'
        
        Run Build Command(s): "C:/Program Files (x86)/Microsoft Visual Studio/2022/BuildTools/Common7/IDE/CommonExtensions/Microsoft/CMake/Ninja/ninja.exe" -v cmTC_4b2c1
        [1/2] C:\\PROGRA~2\\MICROS~2\\2022\\BUILDT~1\\VC\\Tools\\MSVC\\1442~1.344\\bin\\Hostx64\\x64\\cl.exe  /nologo   /nologo /DWIN32 /D_WINDOWS /utf-8 /MP  -DCHECK_FUNCTION_EXISTS=dlopen /D_DEBUG /MDd /Z7 /Ob0 /Od /RTC1 /showIncludes /FoCMakeFiles\\cmTC_4b2c1.dir\\CheckFunctionExists.c.obj /FdCMakeFiles\\cmTC_4b2c1.dir\\ /FS -c C:\\Users\\a.sordelet\\source\\repos\\CMake_VCPKG\\out\\build\\x64-debug\\vcpkg_installed\\vcpkg\\blds\\openal-soft\\x64-windows-dbg\\CMakeFiles\\CMakeScratch\\TryCompile-iv67ff\\CheckFunctionExists.c
        [2/2] C:\\windows\\system32\\cmd.exe /C "cd . && "C:\\Program Files\\CMake\\bin\\cmake.exe" -E vs_link_exe --msvc-ver=1942 --intdir=CMakeFiles\\cmTC_4b2c1.dir --rc=C:\\PROGRA~2\\WI3CF2~1\\10\\bin\\100261~1.0\\x64\\rc.exe --mt=C:\\PROGRA~2\\WI3CF2~1\\10\\bin\\100261~1.0\\x64\\mt.exe --manifests  -- C:\\PROGRA~2\\MICROS~2\\2022\\BUILDT~1\\VC\\Tools\\MSVC\\1442~1.344\\bin\\Hostx64\\x64\\link.exe /nologo CMakeFiles\\cmTC_4b2c1.dir\\CheckFunctionExists.c.obj  /out:cmTC_4b2c1.exe /implib:cmTC_4b2c1.lib /pdb:cmTC_4b2c1.pdb /version:0.0 /machine:x64  /nologo    /debug /INCREMENTAL /subsystem:console  dl.lib  kernel32.lib user32.lib gdi32.lib winspool.lib shell32.lib ole32.lib oleaut32.lib uuid.lib comdlg32.lib advapi32.lib && cd ."
        FAILED: cmTC_4b2c1.exe 
        C:\\windows\\system32\\cmd.exe /C "cd . && "C:\\Program Files\\CMake\\bin\\cmake.exe" -E vs_link_exe --msvc-ver=1942 --intdir=CMakeFiles\\cmTC_4b2c1.dir --rc=C:\\PROGRA~2\\WI3CF2~1\\10\\bin\\100261~1.0\\x64\\rc.exe --mt=C:\\PROGRA~2\\WI3CF2~1\\10\\bin\\100261~1.0\\x64\\mt.exe --manifests  -- C:\\PROGRA~2\\MICROS~2\\2022\\BUILDT~1\\VC\\Tools\\MSVC\\1442~1.344\\bin\\Hostx64\\x64\\link.exe /nologo CMakeFiles\\cmTC_4b2c1.dir\\CheckFunctionExists.c.obj  /out:cmTC_4b2c1.exe /implib:cmTC_4b2c1.lib /pdb:cmTC_4b2c1.pdb /version:0.0 /machine:x64  /nologo    /debug /INCREMENTAL /subsystem:console  dl.lib  kernel32.lib user32.lib gdi32.lib winspool.lib shell32.lib ole32.lib oleaut32.lib uuid.lib comdlg32.lib advapi32.lib && cd ."
        LINK Pass 1: command "C:\\PROGRA~2\\MICROS~2\\2022\\BUILDT~1\\VC\\Tools\\MSVC\\1442~1.344\\bin\\Hostx64\\x64\\link.exe /nologo CMakeFiles\\cmTC_4b2c1.dir\\CheckFunctionExists.c.obj /out:cmTC_4b2c1.exe /implib:cmTC_4b2c1.lib /pdb:cmTC_4b2c1.pdb /version:0.0 /machine:x64 /nologo /debug /INCREMENTAL /subsystem:console dl.lib kernel32.lib user32.lib gdi32.lib winspool.lib shell32.lib ole32.lib oleaut32.lib uuid.lib comdlg32.lib advapi32.lib /MANIFEST /MANIFESTFILE:CMakeFiles\\cmTC_4b2c1.dir/intermediate.manifest CMakeFiles\\cmTC_4b2c1.dir/manifest.res" failed (exit code 1104) with the following output:
        LINK : fatal error LNK1104: impossible d'ouvrir le fichier 'dl.lib'\x0d
        ninja: build stopped: subcommand failed.
        
      exitCode: 1
  -
    kind: "try_compile-v1"
    backtrace:
      - "C:/Program Files/CMake/share/cmake-3.31/Modules/Internal/CheckSourceCompiles.cmake:108 (try_compile)"
      - "C:/Program Files/CMake/share/cmake-3.31/Modules/CheckCSourceCompiles.cmake:58 (cmake_check_source_compiles)"
      - "CMakeLists.txt:536 (check_c_source_compiles)"
    checks:
      - "Performing Test HAVE_CPUID_INTRINSIC"
    directories:
      source: "C:/Users/a.sordelet/source/repos/CMake_VCPKG/out/build/x64-debug/vcpkg_installed/vcpkg/blds/openal-soft/x64-windows-dbg/CMakeFiles/CMakeScratch/TryCompile-4m7w8z"
      binary: "C:/Users/a.sordelet/source/repos/CMake_VCPKG/out/build/x64-debug/vcpkg_installed/vcpkg/blds/openal-soft/x64-windows-dbg/CMakeFiles/CMakeScratch/TryCompile-4m7w8z"
    cmakeVariables:
      CMAKE_C_FLAGS: " /nologo /DWIN32 /D_WINDOWS /utf-8 /MP "
      CMAKE_C_FLAGS_DEBUG: "/D_DEBUG /MDd /Z7 /Ob0 /Od /RTC1 "
      CMAKE_EXE_LINKER_FLAGS: "/machine:x64"
      CMAKE_MODULE_PATH: "C:/Users/a.sordelet/source/repos/CMake_VCPKG/out/build/x64-debug/vcpkg_installed/vcpkg/blds/openal-soft/src/1.24.1-dd514aebad.clean/cmake"
      CMAKE_MSVC_DEBUG_INFORMATION_FORMAT: ""
      CMAKE_MSVC_RUNTIME_LIBRARY: "MultiThreaded$<$<CONFIG:Debug>:Debug>$<$<STREQUAL:dynamic,dynamic>:DLL>"
      VCPKG_CHAINLOAD_TOOLCHAIN_FILE: "C:/Program Files/Microsoft Visual Studio/2022/Community/VC/vcpkg/scripts/toolchains/windows.cmake"
      VCPKG_CRT_LINKAGE: "dynamic"
      VCPKG_CXX_FLAGS: ""
      VCPKG_CXX_FLAGS_DEBUG: ""
      VCPKG_CXX_FLAGS_RELEASE: ""
      VCPKG_C_FLAGS: ""
      VCPKG_C_FLAGS_DEBUG: ""
      VCPKG_C_FLAGS_RELEASE: ""
      VCPKG_INSTALLED_DIR: "C:/Users/a.sordelet/source/repos/CMake_VCPKG/out/build/x64-debug/vcpkg_installed"
      VCPKG_LINKER_FLAGS: ""
      VCPKG_LINKER_FLAGS_DEBUG: ""
      VCPKG_LINKER_FLAGS_RELEASE: ""
      VCPKG_PLATFORM_TOOLSET: "v143"
      VCPKG_PREFER_SYSTEM_LIBS: "OFF"
      VCPKG_SET_CHARSET_FLAG: "ON"
      VCPKG_TARGET_ARCHITECTURE: "x64"
      VCPKG_TARGET_TRIPLET: "x64-windows"
      Z_VCPKG_ROOT_DIR: "C:/Program Files/Microsoft Visual Studio/2022/Community/VC/vcpkg"
    buildResult:
      variable: "HAVE_CPUID_INTRINSIC"
      cached: true
      stdout: |
        Change Dir: 'C:/Users/a.sordelet/source/repos/CMake_VCPKG/out/build/x64-debug/vcpkg_installed/vcpkg/blds/openal-soft/x64-windows-dbg/CMakeFiles/CMakeScratch/TryCompile-4m7w8z'
        
        Run Build Command(s): "C:/Program Files (x86)/Microsoft Visual Studio/2022/BuildTools/Common7/IDE/CommonExtensions/Microsoft/CMake/Ninja/ninja.exe" -v cmTC_e6dd0
        [1/2] C:\\PROGRA~2\\MICROS~2\\2022\\BUILDT~1\\VC\\Tools\\MSVC\\1442~1.344\\bin\\Hostx64\\x64\\cl.exe  /nologo -DHAVE_CPUID_INTRINSIC  /nologo /DWIN32 /D_WINDOWS /utf-8 /MP   /D_DEBUG /MDd /Z7 /Ob0 /Od /RTC1 /showIncludes /FoCMakeFiles\\cmTC_e6dd0.dir\\src.c.obj /FdCMakeFiles\\cmTC_e6dd0.dir\\ /FS -c C:\\Users\\a.sordelet\\source\\repos\\CMake_VCPKG\\out\\build\\x64-debug\\vcpkg_installed\\vcpkg\\blds\\openal-soft\\x64-windows-dbg\\CMakeFiles\\CMakeScratch\\TryCompile-4m7w8z\\src.c
        [2/2] C:\\windows\\system32\\cmd.exe /C "cd . && "C:\\Program Files\\CMake\\bin\\cmake.exe" -E vs_link_exe --msvc-ver=1942 --intdir=CMakeFiles\\cmTC_e6dd0.dir --rc=C:\\PROGRA~2\\WI3CF2~1\\10\\bin\\100261~1.0\\x64\\rc.exe --mt=C:\\PROGRA~2\\WI3CF2~1\\10\\bin\\100261~1.0\\x64\\mt.exe --manifests  -- C:\\PROGRA~2\\MICROS~2\\2022\\BUILDT~1\\VC\\Tools\\MSVC\\1442~1.344\\bin\\Hostx64\\x64\\link.exe /nologo CMakeFiles\\cmTC_e6dd0.dir\\src.c.obj  /out:cmTC_e6dd0.exe /implib:cmTC_e6dd0.lib /pdb:cmTC_e6dd0.pdb /version:0.0 /machine:x64  /nologo    /debug /INCREMENTAL /subsystem:console  kernel32.lib user32.lib gdi32.lib winspool.lib shell32.lib ole32.lib oleaut32.lib uuid.lib comdlg32.lib advapi32.lib && cd ."
        
      exitCode: 0
  -
    kind: "try_compile-v1"
    backtrace:
      - "C:/Program Files/CMake/share/cmake-3.31/Modules/CheckSymbolExists.cmake:163 (try_compile)"
      - "C:/Program Files/CMake/share/cmake-3.31/Modules/CheckSymbolExists.cmake:68 (__CHECK_SYMBOL_EXISTS_IMPL)"
      - "CMakeLists.txt:545 (check_symbol_exists)"
    checks:
      - "Looking for proc_pidpath"
    directories:
      source: "C:/Users/a.sordelet/source/repos/CMake_VCPKG/out/build/x64-debug/vcpkg_installed/vcpkg/blds/openal-soft/x64-windows-dbg/CMakeFiles/CMakeScratch/TryCompile-l9f7gu"
      binary: "C:/Users/a.sordelet/source/repos/CMake_VCPKG/out/build/x64-debug/vcpkg_installed/vcpkg/blds/openal-soft/x64-windows-dbg/CMakeFiles/CMakeScratch/TryCompile-l9f7gu"
    cmakeVariables:
      CMAKE_C_FLAGS: " /nologo /DWIN32 /D_WINDOWS /utf-8 /MP "
      CMAKE_C_FLAGS_DEBUG: "/D_DEBUG /MDd /Z7 /Ob0 /Od /RTC1 "
      CMAKE_EXE_LINKER_FLAGS: "/machine:x64"
      CMAKE_MODULE_PATH: "C:/Users/a.sordelet/source/repos/CMake_VCPKG/out/build/x64-debug/vcpkg_installed/vcpkg/blds/openal-soft/src/1.24.1-dd514aebad.clean/cmake"
      CMAKE_MSVC_DEBUG_INFORMATION_FORMAT: ""
      CMAKE_MSVC_RUNTIME_LIBRARY: "MultiThreaded$<$<CONFIG:Debug>:Debug>$<$<STREQUAL:dynamic,dynamic>:DLL>"
      VCPKG_CHAINLOAD_TOOLCHAIN_FILE: "C:/Program Files/Microsoft Visual Studio/2022/Community/VC/vcpkg/scripts/toolchains/windows.cmake"
      VCPKG_CRT_LINKAGE: "dynamic"
      VCPKG_CXX_FLAGS: ""
      VCPKG_CXX_FLAGS_DEBUG: ""
      VCPKG_CXX_FLAGS_RELEASE: ""
      VCPKG_C_FLAGS: ""
      VCPKG_C_FLAGS_DEBUG: ""
      VCPKG_C_FLAGS_RELEASE: ""
      VCPKG_INSTALLED_DIR: "C:/Users/a.sordelet/source/repos/CMake_VCPKG/out/build/x64-debug/vcpkg_installed"
      VCPKG_LINKER_FLAGS: ""
      VCPKG_LINKER_FLAGS_DEBUG: ""
      VCPKG_LINKER_FLAGS_RELEASE: ""
      VCPKG_PLATFORM_TOOLSET: "v143"
      VCPKG_PREFER_SYSTEM_LIBS: "OFF"
      VCPKG_SET_CHARSET_FLAG: "ON"
      VCPKG_TARGET_ARCHITECTURE: "x64"
      VCPKG_TARGET_TRIPLET: "x64-windows"
      Z_VCPKG_ROOT_DIR: "C:/Program Files/Microsoft Visual Studio/2022/Community/VC/vcpkg"
    buildResult:
      variable: "HAVE_PROC_PIDPATH"
      cached: true
      stdout: |
        Change Dir: 'C:/Users/a.sordelet/source/repos/CMake_VCPKG/out/build/x64-debug/vcpkg_installed/vcpkg/blds/openal-soft/x64-windows-dbg/CMakeFiles/CMakeScratch/TryCompile-l9f7gu'
        
        Run Build Command(s): "C:/Program Files (x86)/Microsoft Visual Studio/2022/BuildTools/Common7/IDE/CommonExtensions/Microsoft/CMake/Ninja/ninja.exe" -v cmTC_689a6
        [1/2] C:\\PROGRA~2\\MICROS~2\\2022\\BUILDT~1\\VC\\Tools\\MSVC\\1442~1.344\\bin\\Hostx64\\x64\\cl.exe  /nologo   /nologo /DWIN32 /D_WINDOWS /utf-8 /MP   /D_DEBUG /MDd /Z7 /Ob0 /Od /RTC1 /showIncludes /FoCMakeFiles\\cmTC_689a6.dir\\CheckSymbolExists.c.obj /FdCMakeFiles\\cmTC_689a6.dir\\ /FS -c C:\\Users\\a.sordelet\\source\\repos\\CMake_VCPKG\\out\\build\\x64-debug\\vcpkg_installed\\vcpkg\\blds\\openal-soft\\x64-windows-dbg\\CMakeFiles\\CMakeScratch\\TryCompile-l9f7gu\\CheckSymbolExists.c
        FAILED: CMakeFiles/cmTC_689a6.dir/CheckSymbolExists.c.obj 
        C:\\PROGRA~2\\MICROS~2\\2022\\BUILDT~1\\VC\\Tools\\MSVC\\1442~1.344\\bin\\Hostx64\\x64\\cl.exe  /nologo   /nologo /DWIN32 /D_WINDOWS /utf-8 /MP   /D_DEBUG /MDd /Z7 /Ob0 /Od /RTC1 /showIncludes /FoCMakeFiles\\cmTC_689a6.dir\\CheckSymbolExists.c.obj /FdCMakeFiles\\cmTC_689a6.dir\\ /FS -c C:\\Users\\a.sordelet\\source\\repos\\CMake_VCPKG\\out\\build\\x64-debug\\vcpkg_installed\\vcpkg\\blds\\openal-soft\\x64-windows-dbg\\CMakeFiles\\CMakeScratch\\TryCompile-l9f7gu\\CheckSymbolExists.c
        C:\\Users\\a.sordelet\\source\\repos\\CMake_VCPKG\\out\\build\\x64-debug\\vcpkg_installed\\vcpkg\\blds\\openal-soft\\x64-windows-dbg\\CMakeFiles\\CMakeScratch\\TryCompile-l9f7gu\\CheckSymbolExists.c(2): fatal error C1083: Impossible d'ouvrir le fichier include : 'libproc.h' : No such file or directory
        ninja: build stopped: subcommand failed.
        
      exitCode: 1
  -
    kind: "try_compile-v1"
    backtrace:
      - "C:/Program Files/CMake/share/cmake-3.31/Modules/CheckIncludeFile.cmake:99 (try_compile)"
      - "CMakeLists.txt:1021 (check_include_file)"
    checks:
      - "Looking for dsound.h"
    directories:
      source: "C:/Users/a.sordelet/source/repos/CMake_VCPKG/out/build/x64-debug/vcpkg_installed/vcpkg/blds/openal-soft/x64-windows-dbg/CMakeFiles/CMakeScratch/TryCompile-91xri6"
      binary: "C:/Users/a.sordelet/source/repos/CMake_VCPKG/out/build/x64-debug/vcpkg_installed/vcpkg/blds/openal-soft/x64-windows-dbg/CMakeFiles/CMakeScratch/TryCompile-91xri6"
    cmakeVariables:
      CMAKE_C_FLAGS: " /nologo /DWIN32 /D_WINDOWS /utf-8 /MP "
      CMAKE_C_FLAGS_DEBUG: "/D_DEBUG /MDd /Z7 /Ob0 /Od /RTC1 "
      CMAKE_EXE_LINKER_FLAGS: "/machine:x64"
      CMAKE_MODULE_PATH: "C:/Users/a.sordelet/source/repos/CMake_VCPKG/out/build/x64-debug/vcpkg_installed/vcpkg/blds/openal-soft/src/1.24.1-dd514aebad.clean/cmake"
      CMAKE_MSVC_DEBUG_INFORMATION_FORMAT: ""
      CMAKE_MSVC_RUNTIME_LIBRARY: "MultiThreaded$<$<CONFIG:Debug>:Debug>$<$<STREQUAL:dynamic,dynamic>:DLL>"
      VCPKG_CHAINLOAD_TOOLCHAIN_FILE: "C:/Program Files/Microsoft Visual Studio/2022/Community/VC/vcpkg/scripts/toolchains/windows.cmake"
      VCPKG_CRT_LINKAGE: "dynamic"
      VCPKG_CXX_FLAGS: ""
      VCPKG_CXX_FLAGS_DEBUG: ""
      VCPKG_CXX_FLAGS_RELEASE: ""
      VCPKG_C_FLAGS: ""
      VCPKG_C_FLAGS_DEBUG: ""
      VCPKG_C_FLAGS_RELEASE: ""
      VCPKG_INSTALLED_DIR: "C:/Users/a.sordelet/source/repos/CMake_VCPKG/out/build/x64-debug/vcpkg_installed"
      VCPKG_LINKER_FLAGS: ""
      VCPKG_LINKER_FLAGS_DEBUG: ""
      VCPKG_LINKER_FLAGS_RELEASE: ""
      VCPKG_PLATFORM_TOOLSET: "v143"
      VCPKG_PREFER_SYSTEM_LIBS: "OFF"
      VCPKG_SET_CHARSET_FLAG: "ON"
      VCPKG_TARGET_ARCHITECTURE: "x64"
      VCPKG_TARGET_TRIPLET: "x64-windows"
      Z_VCPKG_ROOT_DIR: "C:/Program Files/Microsoft Visual Studio/2022/Community/VC/vcpkg"
    buildResult:
      variable: "HAVE_DSOUND_H"
      cached: true
      stdout: |
        Change Dir: 'C:/Users/a.sordelet/source/repos/CMake_VCPKG/out/build/x64-debug/vcpkg_installed/vcpkg/blds/openal-soft/x64-windows-dbg/CMakeFiles/CMakeScratch/TryCompile-91xri6'
        
        Run Build Command(s): "C:/Program Files (x86)/Microsoft Visual Studio/2022/BuildTools/Common7/IDE/CommonExtensions/Microsoft/CMake/Ninja/ninja.exe" -v cmTC_664ec
        [1/2] C:\\PROGRA~2\\MICROS~2\\2022\\BUILDT~1\\VC\\Tools\\MSVC\\1442~1.344\\bin\\Hostx64\\x64\\cl.exe  /nologo   /nologo /DWIN32 /D_WINDOWS /utf-8 /MP   /D_DEBUG /MDd /Z7 /Ob0 /Od /RTC1 /showIncludes /FoCMakeFiles\\cmTC_664ec.dir\\CheckIncludeFile.c.obj /FdCMakeFiles\\cmTC_664ec.dir\\ /FS -c C:\\Users\\a.sordelet\\source\\repos\\CMake_VCPKG\\out\\build\\x64-debug\\vcpkg_installed\\vcpkg\\blds\\openal-soft\\x64-windows-dbg\\CMakeFiles\\CMakeScratch\\TryCompile-91xri6\\CheckIncludeFile.c
        [2/2] C:\\windows\\system32\\cmd.exe /C "cd . && "C:\\Program Files\\CMake\\bin\\cmake.exe" -E vs_link_exe --msvc-ver=1942 --intdir=CMakeFiles\\cmTC_664ec.dir --rc=C:\\PROGRA~2\\WI3CF2~1\\10\\bin\\100261~1.0\\x64\\rc.exe --mt=C:\\PROGRA~2\\WI3CF2~1\\10\\bin\\100261~1.0\\x64\\mt.exe --manifests  -- C:\\PROGRA~2\\MICROS~2\\2022\\BUILDT~1\\VC\\Tools\\MSVC\\1442~1.344\\bin\\Hostx64\\x64\\link.exe /nologo CMakeFiles\\cmTC_664ec.dir\\CheckIncludeFile.c.obj  /out:cmTC_664ec.exe /implib:cmTC_664ec.lib /pdb:cmTC_664ec.pdb /version:0.0 /machine:x64  /nologo    /debug /INCREMENTAL /subsystem:console  kernel32.lib user32.lib gdi32.lib winspool.lib shell32.lib ole32.lib oleaut32.lib uuid.lib comdlg32.lib advapi32.lib && cd ."
        
      exitCode: 0
  -
    kind: "try_compile-v1"
    backtrace:
      - "C:/Program Files/CMake/share/cmake-3.31/Modules/CheckIncludeFile.cmake:99 (try_compile)"
      - "CMakeLists.txt:1043 (check_include_file)"
    checks:
      - "Looking for mmdeviceapi.h"
    directories:
      source: "C:/Users/a.sordelet/source/repos/CMake_VCPKG/out/build/x64-debug/vcpkg_installed/vcpkg/blds/openal-soft/x64-windows-dbg/CMakeFiles/CMakeScratch/TryCompile-77la4q"
      binary: "C:/Users/a.sordelet/source/repos/CMake_VCPKG/out/build/x64-debug/vcpkg_installed/vcpkg/blds/openal-soft/x64-windows-dbg/CMakeFiles/CMakeScratch/TryCompile-77la4q"
    cmakeVariables:
      CMAKE_C_FLAGS: " /nologo /DWIN32 /D_WINDOWS /utf-8 /MP "
      CMAKE_C_FLAGS_DEBUG: "/D_DEBUG /MDd /Z7 /Ob0 /Od /RTC1 "
      CMAKE_EXE_LINKER_FLAGS: "/machine:x64"
      CMAKE_MODULE_PATH: "C:/Users/a.sordelet/source/repos/CMake_VCPKG/out/build/x64-debug/vcpkg_installed/vcpkg/blds/openal-soft/src/1.24.1-dd514aebad.clean/cmake"
      CMAKE_MSVC_DEBUG_INFORMATION_FORMAT: ""
      CMAKE_MSVC_RUNTIME_LIBRARY: "MultiThreaded$<$<CONFIG:Debug>:Debug>$<$<STREQUAL:dynamic,dynamic>:DLL>"
      VCPKG_CHAINLOAD_TOOLCHAIN_FILE: "C:/Program Files/Microsoft Visual Studio/2022/Community/VC/vcpkg/scripts/toolchains/windows.cmake"
      VCPKG_CRT_LINKAGE: "dynamic"
      VCPKG_CXX_FLAGS: ""
      VCPKG_CXX_FLAGS_DEBUG: ""
      VCPKG_CXX_FLAGS_RELEASE: ""
      VCPKG_C_FLAGS: ""
      VCPKG_C_FLAGS_DEBUG: ""
      VCPKG_C_FLAGS_RELEASE: ""
      VCPKG_INSTALLED_DIR: "C:/Users/a.sordelet/source/repos/CMake_VCPKG/out/build/x64-debug/vcpkg_installed"
      VCPKG_LINKER_FLAGS: ""
      VCPKG_LINKER_FLAGS_DEBUG: ""
      VCPKG_LINKER_FLAGS_RELEASE: ""
      VCPKG_PLATFORM_TOOLSET: "v143"
      VCPKG_PREFER_SYSTEM_LIBS: "OFF"
      VCPKG_SET_CHARSET_FLAG: "ON"
      VCPKG_TARGET_ARCHITECTURE: "x64"
      VCPKG_TARGET_TRIPLET: "x64-windows"
      Z_VCPKG_ROOT_DIR: "C:/Program Files/Microsoft Visual Studio/2022/Community/VC/vcpkg"
    buildResult:
      variable: "HAVE_MMDEVICEAPI_H"
      cached: true
      stdout: |
        Change Dir: 'C:/Users/a.sordelet/source/repos/CMake_VCPKG/out/build/x64-debug/vcpkg_installed/vcpkg/blds/openal-soft/x64-windows-dbg/CMakeFiles/CMakeScratch/TryCompile-77la4q'
        
        Run Build Command(s): "C:/Program Files (x86)/Microsoft Visual Studio/2022/BuildTools/Common7/IDE/CommonExtensions/Microsoft/CMake/Ninja/ninja.exe" -v cmTC_100c2
        [1/2] C:\\PROGRA~2\\MICROS~2\\2022\\BUILDT~1\\VC\\Tools\\MSVC\\1442~1.344\\bin\\Hostx64\\x64\\cl.exe  /nologo   /nologo /DWIN32 /D_WINDOWS /utf-8 /MP   /D_DEBUG /MDd /Z7 /Ob0 /Od /RTC1 /showIncludes /FoCMakeFiles\\cmTC_100c2.dir\\CheckIncludeFile.c.obj /FdCMakeFiles\\cmTC_100c2.dir\\ /FS -c C:\\Users\\a.sordelet\\source\\repos\\CMake_VCPKG\\out\\build\\x64-debug\\vcpkg_installed\\vcpkg\\blds\\openal-soft\\x64-windows-dbg\\CMakeFiles\\CMakeScratch\\TryCompile-77la4q\\CheckIncludeFile.c
        [2/2] C:\\windows\\system32\\cmd.exe /C "cd . && "C:\\Program Files\\CMake\\bin\\cmake.exe" -E vs_link_exe --msvc-ver=1942 --intdir=CMakeFiles\\cmTC_100c2.dir --rc=C:\\PROGRA~2\\WI3CF2~1\\10\\bin\\100261~1.0\\x64\\rc.exe --mt=C:\\PROGRA~2\\WI3CF2~1\\10\\bin\\100261~1.0\\x64\\mt.exe --manifests  -- C:\\PROGRA~2\\MICROS~2\\2022\\BUILDT~1\\VC\\Tools\\MSVC\\1442~1.344\\bin\\Hostx64\\x64\\link.exe /nologo CMakeFiles\\cmTC_100c2.dir\\CheckIncludeFile.c.obj  /out:cmTC_100c2.exe /implib:cmTC_100c2.lib /pdb:cmTC_100c2.pdb /version:0.0 /machine:x64  /nologo    /debug /INCREMENTAL /subsystem:console  kernel32.lib user32.lib gdi32.lib winspool.lib shell32.lib ole32.lib oleaut32.lib uuid.lib comdlg32.lib advapi32.lib && cd ."
        
      exitCode: 0
...
