-- Downloading https://github.com/kcat/openal-soft/archive/1.24.1.tar.gz -> kcat-openal-soft-1.24.1.tar.gz...
-- Extracting source C:/Users/a.sordelet/AppData/Local/vcpkg/downloads/kcat-openal-soft-1.24.1.tar.gz
-- Using source at C:/Users/a.sordelet/source/repos/CMake_VCPKG/out/build/x64-debug/vcpkg_installed/vcpkg/blds/openal-soft/src/1.24.1-dd514aebad.clean
CMake Warning (dev) at scripts/cmake/vcpkg_find_acquire_program.cmake:70 (cmake_parse_arguments):
  The INTERPRETER keyword was followed by an empty string or no value at all.
  Policy CMP0174 is not set, so cmake_parse_arguments() will unset the
  arg_INTERPRETER variable rather than setting it to an empty string.
Call Stack (most recent call first):
  scripts/cmake/vcpkg_find_acquire_program.cmake:143 (z_vcpkg_find_acquire_program_find_internal)
  C:/Users/a.sordelet/source/repos/CMake_VCPKG/out/build/x64-debug/vcpkg_installed/x64-windows/share/vcpkg-cmake/vcpkg_cmake_configure.cmake:116 (vcpkg_find_acquire_program)
  C:/Users/a.sordelet/AppData/Local/vcpkg/registries/git-trees/a204aed6d6c40cb7978806f705a7bde193b275e6/portfile.cmake:38 (vcpkg_cmake_configure)
  scripts/ports.cmake:192 (include)
This warning is for project developers.  Use -Wno-dev to suppress it.

CMake Warning (dev) at scripts/cmake/vcpkg_find_acquire_program.cmake:30 (cmake_parse_arguments):
  The INTERPRETER keyword was followed by an empty string or no value at all.
  Policy CMP0174 is not set, so cmake_parse_arguments() will unset the
  arg_INTERPRETER variable rather than setting it to an empty string.
Call Stack (most recent call first):
  scripts/cmake/vcpkg_find_acquire_program.cmake:149 (z_vcpkg_find_acquire_program_find_external)
  C:/Users/a.sordelet/source/repos/CMake_VCPKG/out/build/x64-debug/vcpkg_installed/x64-windows/share/vcpkg-cmake/vcpkg_cmake_configure.cmake:116 (vcpkg_find_acquire_program)
  C:/Users/a.sordelet/AppData/Local/vcpkg/registries/git-trees/a204aed6d6c40cb7978806f705a7bde193b275e6/portfile.cmake:38 (vcpkg_cmake_configure)
  scripts/ports.cmake:192 (include)
This warning is for project developers.  Use -Wno-dev to suppress it.

-- Found external ninja('1.12.1').
-- Configuring x64-windows
-- Building x64-windows-dbg
-- Building x64-windows-rel
-- Fixing pkgconfig file: C:/Users/a.sordelet/source/repos/CMake_VCPKG/out/build/x64-debug/vcpkg_installed/vcpkg/pkgs/openal-soft_x64-windows/lib/pkgconfig/openal.pc
-- Using cached msys2-mingw-w64-x86_64-pkgconf-1~2.2.0-1-any.pkg.tar.zst.
-- Using cached msys2-msys2-runtime-3.5.3-3-x86_64.pkg.tar.zst.
-- Using msys root at C:/Users/a.sordelet/AppData/Local/vcpkg/downloads/tools/msys2/1e74ca60daa10104
CMake Warning (dev) at scripts/cmake/vcpkg_find_acquire_program.cmake:70 (cmake_parse_arguments):
  The INTERPRETER keyword was followed by an empty string or no value at all.
  Policy CMP0174 is not set, so cmake_parse_arguments() will unset the
  arg_INTERPRETER variable rather than setting it to an empty string.
Call Stack (most recent call first):
  scripts/cmake/vcpkg_find_acquire_program.cmake:143 (z_vcpkg_find_acquire_program_find_internal)
  scripts/cmake/vcpkg_fixup_pkgconfig.cmake:193 (vcpkg_find_acquire_program)
  C:/Users/a.sordelet/AppData/Local/vcpkg/registries/git-trees/a204aed6d6c40cb7978806f705a7bde193b275e6/portfile.cmake:101 (vcpkg_fixup_pkgconfig)
  scripts/ports.cmake:192 (include)
This warning is for project developers.  Use -Wno-dev to suppress it.

-- Fixing pkgconfig file: C:/Users/a.sordelet/source/repos/CMake_VCPKG/out/build/x64-debug/vcpkg_installed/vcpkg/pkgs/openal-soft_x64-windows/debug/lib/pkgconfig/openal.pc
-- Installing: C:/Users/a.sordelet/source/repos/CMake_VCPKG/out/build/x64-debug/vcpkg_installed/vcpkg/pkgs/openal-soft_x64-windows/share/openal-soft/copyright
CMake Warning at scripts/cmake/vcpkg_copy_pdbs.cmake:44 (message):
  Could not find a matching pdb file for:

      C:/Users/a.sordelet/source/repos/CMake_VCPKG/out/build/x64-debug/vcpkg_installed/vcpkg/pkgs/openal-soft_x64-windows/bin/OpenAL32.dll
      C:/Users/a.sordelet/source/repos/CMake_VCPKG/out/build/x64-debug/vcpkg_installed/vcpkg/pkgs/openal-soft_x64-windows/debug/bin/OpenAL32.dll

Call Stack (most recent call first):
  C:/Users/a.sordelet/AppData/Local/vcpkg/registries/git-trees/a204aed6d6c40cb7978806f705a7bde193b275e6/portfile.cmake:108 (vcpkg_copy_pdbs)
  scripts/ports.cmake:192 (include)


-- Exécution de la validation post-build
